{"D:\\Projects\\orders-management\\client\\config\\development.js": {"path":"D:\\Projects\\orders-management\\client\\config\\development.js","statementMap":{},"fnMap":{},"branchMap":{},"s":{},"f":{},"b":{},"_coverageSchema":"1a1c01bbd47fc00a2c39e90264f33305004495a9","hash":"2255459e059d3d671aec62872dd96c0d838a2177"}
,"D:\\Projects\\orders-management\\client\\config\\index.js": {"path":"D:\\Projects\\orders-management\\client\\config\\index.js","statementMap":{"0":{"start":{"line":5,"column":16},"end":{"line":5,"column":53}},"1":{"start":{"line":7,"column":12},"end":{"line":7,"column":54}},"2":{"start":{"line":9,"column":15},"end":{"line":13,"column":1}}},"fnMap":{},"branchMap":{"0":{"loc":{"start":{"line":5,"column":16},"end":{"line":5,"column":53}},"type":"binary-expr","locations":[{"start":{"line":5,"column":16},"end":{"line":5,"column":36}},{"start":{"line":5,"column":40},"end":{"line":5,"column":53}}],"line":5}},"s":{"0":15,"1":15,"2":15},"f":{},"b":{"0":[15,0]},"_coverageSchema":"1a1c01bbd47fc00a2c39e90264f33305004495a9","hash":"92cfd8703cdc35187e3db3e6264e32f259d6f741"}
,"D:\\Projects\\orders-management\\client\\config\\production.js": {"path":"D:\\Projects\\orders-management\\client\\config\\production.js","statementMap":{},"fnMap":{},"branchMap":{},"s":{},"f":{},"b":{},"_coverageSchema":"1a1c01bbd47fc00a2c39e90264f33305004495a9","hash":"26a0d7f4ee26106bfe8f1357169db9e5f62ee940"}
,"D:\\Projects\\orders-management\\client\\config\\test.env.js": {"path":"D:\\Projects\\orders-management\\client\\config\\test.env.js","statementMap":{},"fnMap":{},"branchMap":{},"s":{},"f":{},"b":{},"_coverageSchema":"1a1c01bbd47fc00a2c39e90264f33305004495a9","hash":"c2464c85ea1ef3e1738a5d4d58fc98b17eeeed3f"}
,"D:\\Projects\\orders-management\\client\\src\\configureStore.js": {"path":"D:\\Projects\\orders-management\\client\\src\\configureStore.js","statementMap":{"0":{"start":{"line":9,"column":18},"end":{"line":9,"column":20}},"1":{"start":{"line":12,"column":23},"end":{"line":34,"column":1}},"2":{"start":{"line":13,"column":25},"end":{"line":13,"column":32}},"3":{"start":{"line":14,"column":34},"end":{"line":16,"column":3}},"4":{"start":{"line":18,"column":2},"end":{"line":20,"column":3}},"5":{"start":{"line":19,"column":4},"end":{"line":19,"column":120}},"6":{"start":{"line":19,"column":53},"end":{"line":19,"column":120}},"7":{"start":{"line":22,"column":27},"end":{"line":22,"column":72}},"8":{"start":{"line":23,"column":25},"end":{"line":23,"column":70}},"9":{"start":{"line":24,"column":22},"end":{"line":24,"column":38}},"10":{"start":{"line":25,"column":20},"end":{"line":25,"column":53}},"11":{"start":{"line":27,"column":16},"end":{"line":27,"column":91}},"12":{"start":{"line":29,"column":2},"end":{"line":29,"column":37}},"13":{"start":{"line":32,"column":2},"end":{"line":32,"column":26}},"14":{"start":{"line":33,"column":2},"end":{"line":33,"column":15}},"15":{"start":{"line":36,"column":14},"end":{"line":36,"column":39}},"16":{"start":{"line":39,"column":25},"end":{"line":39,"column":44}}},"fnMap":{"0":{"name":"(anonymous_0)","decl":{"start":{"line":12,"column":23},"end":{"line":12,"column":24}},"loc":{"start":{"line":12,"column":46},"end":{"line":34,"column":1}},"line":12}},"branchMap":{"0":{"loc":{"start":{"line":12,"column":24},"end":{"line":12,"column":41}},"type":"default-arg","locations":[{"start":{"line":12,"column":39},"end":{"line":12,"column":41}}],"line":12},"1":{"loc":{"start":{"line":18,"column":2},"end":{"line":20,"column":3}},"type":"if","locations":[{"start":{"line":18,"column":2},"end":{"line":20,"column":3}},{"start":{},"end":{}}],"line":18},"2":{"loc":{"start":{"line":18,"column":6},"end":{"line":18,"column":73}},"type":"binary-expr","locations":[{"start":{"line":18,"column":6},"end":{"line":18,"column":43}},{"start":{"line":18,"column":47},"end":{"line":18,"column":73}}],"line":18},"3":{"loc":{"start":{"line":19,"column":4},"end":{"line":19,"column":120}},"type":"if","locations":[{"start":{"line":19,"column":4},"end":{"line":19,"column":120}},{"start":{},"end":{}}],"line":19}},"s":{"0":15,"1":15,"2":15,"3":15,"4":15,"5":15,"6":0,"7":15,"8":15,"9":15,"10":15,"11":15,"12":15,"13":15,"14":15,"15":15,"16":15},"f":{"0":15},"b":{"0":[0],"1":[15,0],"2":[15,15],"3":[0,15]},"_coverageSchema":"1a1c01bbd47fc00a2c39e90264f33305004495a9","hash":"c1b4d6dfc12884f698893fc2f6d3397acd8f2e8f"}
,"D:\\Projects\\orders-management\\client\\src\\persistence.js": {"path":"D:\\Projects\\orders-management\\client\\src\\persistence.js","statementMap":{"0":{"start":{"line":4,"column":28},"end":{"line":8,"column":1}},"1":{"start":{"line":10,"column":32},"end":{"line":22,"column":56}},"2":{"start":{"line":11,"column":2},"end":{"line":22,"column":56}},"3":{"start":{"line":12,"column":30},"end":{"line":21,"column":5}},"4":{"start":{"line":22,"column":27},"end":{"line":22,"column":51}}},"fnMap":{"0":{"name":"(anonymous_0)","decl":{"start":{"line":10,"column":32},"end":{"line":10,"column":33}},"loc":{"start":{"line":11,"column":2},"end":{"line":22,"column":56}},"line":11},"1":{"name":"(anonymous_1)","decl":{"start":{"line":12,"column":9},"end":{"line":12,"column":10}},"loc":{"start":{"line":12,"column":30},"end":{"line":21,"column":5}},"line":12},"2":{"name":"(anonymous_2)","decl":{"start":{"line":22,"column":12},"end":{"line":22,"column":13}},"loc":{"start":{"line":22,"column":27},"end":{"line":22,"column":51}},"line":22}},"branchMap":{},"s":{"0":15,"1":15,"2":15,"3":30,"4":30},"f":{"0":15,"1":30,"2":30},"b":{},"_coverageSchema":"1a1c01bbd47fc00a2c39e90264f33305004495a9","hash":"81368324d82e026411c6067e77c0c80cbb426669"}
,"D:\\Projects\\orders-management\\client\\src\\reducers.js": {"path":"D:\\Projects\\orders-management\\client\\src\\reducers.js","statementMap":{"0":{"start":{"line":15,"column":23},"end":{"line":18,"column":1}},"1":{"start":{"line":20,"column":26},"end":{"line":28,"column":1}},"2":{"start":{"line":30,"column":22},"end":{"line":37,"column":1}},"3":{"start":{"line":31,"column":22},"end":{"line":34,"column":4}},"4":{"start":{"line":35,"column":22},"end":{"line":35,"column":67}},"5":{"start":{"line":35,"column":41},"end":{"line":35,"column":67}},"6":{"start":{"line":36,"column":2},"end":{"line":36,"column":21}}},"fnMap":{"0":{"name":"(anonymous_0)","decl":{"start":{"line":30,"column":22},"end":{"line":30,"column":23}},"loc":{"start":{"line":30,"column":28},"end":{"line":37,"column":1}},"line":30},"1":{"name":"(anonymous_1)","decl":{"start":{"line":35,"column":22},"end":{"line":35,"column":23}},"loc":{"start":{"line":35,"column":41},"end":{"line":35,"column":67}},"line":35}},"branchMap":{},"s":{"0":15,"1":15,"2":15,"3":15,"4":15,"5":99,"6":15},"f":{"0":15,"1":99},"b":{},"_coverageSchema":"1a1c01bbd47fc00a2c39e90264f33305004495a9","hash":"8365ddde78f022e3e47b92b0b9d6078ec205e463"}
,"D:\\Projects\\orders-management\\client\\src\\rootSaga.js": {"path":"D:\\Projects\\orders-management\\client\\src\\rootSaga.js","statementMap":{"0":{"start":{"line":12,"column":2},"end":{"line":20,"column":5}}},"fnMap":{"0":{"name":"rootSaga","decl":{"start":{"line":11,"column":25},"end":{"line":11,"column":33}},"loc":{"start":{"line":11,"column":36},"end":{"line":21,"column":1}},"line":11}},"branchMap":{},"s":{"0":15},"f":{"0":15},"b":{},"_coverageSchema":"1a1c01bbd47fc00a2c39e90264f33305004495a9","hash":"17588678bfb0c323515fb189ce0a673e1d7fb7b6"}
,"D:\\Projects\\orders-management\\client\\src\\components\\BestSellerCard\\index.jsx": {"path":"D:\\Projects\\orders-management\\client\\src\\components\\BestSellerCard\\index.jsx","statementMap":{"0":{"start":{"line":7,"column":23},"end":{"line":27,"column":1}},"1":{"start":{"line":8,"column":2},"end":{"line":26,"column":9}},"2":{"start":{"line":29,"column":0},"end":{"line":31,"column":2}}},"fnMap":{"0":{"name":"(anonymous_0)","decl":{"start":{"line":7,"column":23},"end":{"line":7,"column":24}},"loc":{"start":{"line":8,"column":2},"end":{"line":26,"column":9}},"line":8}},"branchMap":{},"s":{"0":1,"1":1,"2":1},"f":{"0":1},"b":{},"_coverageSchema":"1a1c01bbd47fc00a2c39e90264f33305004495a9","hash":"aaec4b04d5526747e22b832b1afb00a8d9359b04"}
,"D:\\Projects\\orders-management\\client\\src\\components\\Loader\\index.jsx": {"path":"D:\\Projects\\orders-management\\client\\src\\components\\Loader\\index.jsx","statementMap":{"0":{"start":{"line":6,"column":15},"end":{"line":16,"column":1}},"1":{"start":{"line":7,"column":2},"end":{"line":15,"column":8}},"2":{"start":{"line":18,"column":0},"end":{"line":20,"column":2}}},"fnMap":{"0":{"name":"(anonymous_0)","decl":{"start":{"line":6,"column":15},"end":{"line":6,"column":16}},"loc":{"start":{"line":7,"column":2},"end":{"line":15,"column":8}},"line":7}},"branchMap":{"0":{"loc":{"start":{"line":11,"column":28},"end":{"line":11,"column":46}},"type":"binary-expr","locations":[{"start":{"line":11,"column":28},"end":{"line":11,"column":37}},{"start":{"line":11,"column":41},"end":{"line":11,"column":46}}],"line":11}},"s":{"0":1,"1":3,"2":1},"f":{"0":3},"b":{"0":[3,1]},"_coverageSchema":"1a1c01bbd47fc00a2c39e90264f33305004495a9","hash":"dead70520b81cae7cab61721aae3fe3c1e27919f"}
,"D:\\Projects\\orders-management\\client\\src\\components\\Navbar\\index.jsx": {"path":"D:\\Projects\\orders-management\\client\\src\\components\\Navbar\\index.jsx","statementMap":{"0":{"start":{"line":21,"column":15},"end":{"line":126,"column":1}},"1":{"start":{"line":22,"column":19},"end":{"line":22,"column":32}},"2":{"start":{"line":23,"column":19},"end":{"line":23,"column":32}},"3":{"start":{"line":25,"column":42},"end":{"line":25,"column":56}},"4":{"start":{"line":26,"column":34},"end":{"line":26,"column":48}},"5":{"start":{"line":27,"column":38},"end":{"line":27,"column":52}},"6":{"start":{"line":28,"column":38},"end":{"line":28,"column":53}},"7":{"start":{"line":30,"column":15},"end":{"line":30,"column":36}},"8":{"start":{"line":31,"column":21},"end":{"line":31,"column":38}},"9":{"start":{"line":33,"column":31},"end":{"line":39,"column":3}},"10":{"start":{"line":34,"column":4},"end":{"line":38,"column":5}},"11":{"start":{"line":35,"column":6},"end":{"line":35,"column":24}},"12":{"start":{"line":37,"column":6},"end":{"line":37,"column":35}},"13":{"start":{"line":41,"column":22},"end":{"line":43,"column":3}},"14":{"start":{"line":42,"column":4},"end":{"line":42,"column":41}},"15":{"start":{"line":45,"column":22},"end":{"line":47,"column":3}},"16":{"start":{"line":46,"column":4},"end":{"line":46,"column":26}},"17":{"start":{"line":49,"column":22},"end":{"line":51,"column":3}},"18":{"start":{"line":50,"column":4},"end":{"line":50,"column":61}},"19":{"start":{"line":53,"column":23},"end":{"line":58,"column":3}},"20":{"start":{"line":54,"column":4},"end":{"line":56,"column":5}},"21":{"start":{"line":55,"column":6},"end":{"line":55,"column":32}},"22":{"start":{"line":57,"column":4},"end":{"line":57,"column":18}},"23":{"start":{"line":60,"column":17},"end":{"line":62,"column":3}},"24":{"start":{"line":61,"column":4},"end":{"line":61,"column":18}},"25":{"start":{"line":64,"column":2},"end":{"line":70,"column":17}},"26":{"start":{"line":65,"column":4},"end":{"line":69,"column":5}},"27":{"start":{"line":66,"column":19},"end":{"line":66,"column":47}},"28":{"start":{"line":67,"column":6},"end":{"line":67,"column":40}},"29":{"start":{"line":68,"column":6},"end":{"line":68,"column":47}},"30":{"start":{"line":72,"column":2},"end":{"line":125,"column":4}},"31":{"start":{"line":88,"column":77},"end":{"line":88,"column":95}},"32":{"start":{"line":91,"column":80},"end":{"line":91,"column":101}},"33":{"start":{"line":106,"column":35},"end":{"line":106,"column":53}},"34":{"start":{"line":114,"column":35},"end":{"line":114,"column":53}},"35":{"start":{"line":128,"column":0},"end":{"line":135,"column":2}},"36":{"start":{"line":137,"column":24},"end":{"line":140,"column":2}}},"fnMap":{"0":{"name":"(anonymous_0)","decl":{"start":{"line":21,"column":15},"end":{"line":21,"column":16}},"loc":{"start":{"line":21,"column":89},"end":{"line":126,"column":1}},"line":21},"1":{"name":"(anonymous_1)","decl":{"start":{"line":33,"column":31},"end":{"line":33,"column":32}},"loc":{"start":{"line":33,"column":38},"end":{"line":39,"column":3}},"line":33},"2":{"name":"(anonymous_2)","decl":{"start":{"line":41,"column":22},"end":{"line":41,"column":23}},"loc":{"start":{"line":41,"column":33},"end":{"line":43,"column":3}},"line":41},"3":{"name":"(anonymous_3)","decl":{"start":{"line":45,"column":22},"end":{"line":45,"column":23}},"loc":{"start":{"line":45,"column":28},"end":{"line":47,"column":3}},"line":45},"4":{"name":"(anonymous_4)","decl":{"start":{"line":49,"column":22},"end":{"line":49,"column":23}},"loc":{"start":{"line":49,"column":28},"end":{"line":51,"column":3}},"line":49},"5":{"name":"(anonymous_5)","decl":{"start":{"line":53,"column":23},"end":{"line":53,"column":24}},"loc":{"start":{"line":53,"column":33},"end":{"line":58,"column":3}},"line":53},"6":{"name":"(anonymous_6)","decl":{"start":{"line":60,"column":17},"end":{"line":60,"column":18}},"loc":{"start":{"line":60,"column":23},"end":{"line":62,"column":3}},"line":60},"7":{"name":"(anonymous_7)","decl":{"start":{"line":64,"column":12},"end":{"line":64,"column":13}},"loc":{"start":{"line":64,"column":18},"end":{"line":70,"column":3}},"line":64},"8":{"name":"(anonymous_8)","decl":{"start":{"line":88,"column":71},"end":{"line":88,"column":72}},"loc":{"start":{"line":88,"column":77},"end":{"line":88,"column":95}},"line":88},"9":{"name":"(anonymous_9)","decl":{"start":{"line":91,"column":74},"end":{"line":91,"column":75}},"loc":{"start":{"line":91,"column":80},"end":{"line":91,"column":101}},"line":91},"10":{"name":"(anonymous_10)","decl":{"start":{"line":106,"column":29},"end":{"line":106,"column":30}},"loc":{"start":{"line":106,"column":35},"end":{"line":106,"column":53}},"line":106},"11":{"name":"(anonymous_11)","decl":{"start":{"line":114,"column":29},"end":{"line":114,"column":30}},"loc":{"start":{"line":114,"column":35},"end":{"line":114,"column":53}},"line":114}},"branchMap":{"0":{"loc":{"start":{"line":34,"column":4},"end":{"line":38,"column":5}},"type":"if","locations":[{"start":{"line":34,"column":4},"end":{"line":38,"column":5}},{"start":{"line":36,"column":11},"end":{"line":38,"column":5}}],"line":34},"1":{"loc":{"start":{"line":50,"column":22},"end":{"line":50,"column":58}},"type":"cond-expr","locations":[{"start":{"line":50,"column":42},"end":{"line":50,"column":48}},{"start":{"line":50,"column":51},"end":{"line":50,"column":58}}],"line":50},"2":{"loc":{"start":{"line":54,"column":4},"end":{"line":56,"column":5}},"type":"if","locations":[{"start":{"line":54,"column":4},"end":{"line":56,"column":5}},{"start":{},"end":{}}],"line":54},"3":{"loc":{"start":{"line":65,"column":4},"end":{"line":69,"column":5}},"type":"if","locations":[{"start":{"line":65,"column":4},"end":{"line":69,"column":5}},{"start":{},"end":{}}],"line":65},"4":{"loc":{"start":{"line":79,"column":11},"end":{"line":95,"column":11}},"type":"cond-expr","locations":[{"start":{"line":80,"column":12},"end":{"line":85,"column":18}},{"start":{"line":87,"column":12},"end":{"line":94,"column":18}}],"line":79},"5":{"loc":{"start":{"line":79,"column":11},"end":{"line":79,"column":45}},"type":"binary-expr","locations":[{"start":{"line":79,"column":11},"end":{"line":79,"column":24}},{"start":{"line":79,"column":28},"end":{"line":79,"column":45}}],"line":79},"6":{"loc":{"start":{"line":97,"column":13},"end":{"line":97,"column":71}},"type":"cond-expr","locations":[{"start":{"line":97,"column":33},"end":{"line":97,"column":51}},{"start":{"line":97,"column":54},"end":{"line":97,"column":71}}],"line":97},"7":{"loc":{"start":{"line":100,"column":52},"end":{"line":100,"column":91}},"type":"cond-expr","locations":[{"start":{"line":100,"column":70},"end":{"line":100,"column":79}},{"start":{"line":100,"column":82},"end":{"line":100,"column":91}}],"line":100}},"s":{"0":1,"1":3,"2":3,"3":3,"4":3,"5":3,"6":3,"7":3,"8":3,"9":3,"10":0,"11":0,"12":0,"13":3,"14":0,"15":3,"16":0,"17":3,"18":0,"19":3,"20":0,"21":0,"22":0,"23":3,"24":0,"25":3,"26":3,"27":0,"28":0,"29":0,"30":3,"31":0,"32":0,"33":0,"34":0,"35":1,"36":1},"f":{"0":3,"1":0,"2":0,"3":0,"4":0,"5":0,"6":0,"7":3,"8":0,"9":0,"10":0,"11":0},"b":{"0":[0,0],"1":[0,0],"2":[0,0],"3":[0,3],"4":[1,2],"5":[3,3],"6":[0,3],"7":[0,3]},"_coverageSchema":"1a1c01bbd47fc00a2c39e90264f33305004495a9","hash":"fe2f2b3298b7859a97e00abbbbb9b55686d3fb83"}
,"D:\\Projects\\orders-management\\client\\src\\components\\Navbar\\components\\DropdownMenu.jsx": {"path":"D:\\Projects\\orders-management\\client\\src\\components\\Navbar\\components\\DropdownMenu.jsx","statementMap":{"0":{"start":{"line":17,"column":21},"end":{"line":77,"column":1}},"1":{"start":{"line":18,"column":19},"end":{"line":18,"column":32}},"2":{"start":{"line":19,"column":19},"end":{"line":19,"column":32}},"3":{"start":{"line":21,"column":4},"end":{"line":41,"column":5}},"4":{"start":{"line":23,"column":8},"end":{"line":23,"column":29}},"5":{"start":{"line":24,"column":8},"end":{"line":24,"column":18}},"6":{"start":{"line":25,"column":8},"end":{"line":25,"column":14}},"7":{"start":{"line":27,"column":8},"end":{"line":27,"column":31}},"8":{"start":{"line":28,"column":8},"end":{"line":28,"column":18}},"9":{"start":{"line":29,"column":8},"end":{"line":29,"column":14}},"10":{"start":{"line":31,"column":8},"end":{"line":31,"column":29}},"11":{"start":{"line":32,"column":8},"end":{"line":32,"column":18}},"12":{"start":{"line":33,"column":8},"end":{"line":33,"column":14}},"13":{"start":{"line":36,"column":8},"end":{"line":36,"column":34}},"14":{"start":{"line":37,"column":8},"end":{"line":37,"column":36}},"15":{"start":{"line":38,"column":8},"end":{"line":38,"column":33}},"16":{"start":{"line":39,"column":8},"end":{"line":39,"column":18}},"17":{"start":{"line":40,"column":8},"end":{"line":40,"column":14}},"18":{"start":{"line":44,"column":2},"end":{"line":76,"column":4}},"19":{"start":{"line":55,"column":33},"end":{"line":55,"column":50}},"20":{"start":{"line":61,"column":33},"end":{"line":61,"column":50}},"21":{"start":{"line":68,"column":33},"end":{"line":68,"column":50}},"22":{"start":{"line":79,"column":0},"end":{"line":84,"column":2}}},"fnMap":{"0":{"name":"(anonymous_0)","decl":{"start":{"line":17,"column":21},"end":{"line":17,"column":22}},"loc":{"start":{"line":17,"column":69},"end":{"line":77,"column":1}},"line":17},"1":{"name":"menuItemAction","decl":{"start":{"line":20,"column":11},"end":{"line":20,"column":25}},"loc":{"start":{"line":20,"column":30},"end":{"line":42,"column":3}},"line":20},"2":{"name":"(anonymous_2)","decl":{"start":{"line":55,"column":27},"end":{"line":55,"column":28}},"loc":{"start":{"line":55,"column":33},"end":{"line":55,"column":50}},"line":55},"3":{"name":"(anonymous_3)","decl":{"start":{"line":61,"column":27},"end":{"line":61,"column":28}},"loc":{"start":{"line":61,"column":33},"end":{"line":61,"column":50}},"line":61},"4":{"name":"(anonymous_4)","decl":{"start":{"line":68,"column":27},"end":{"line":68,"column":28}},"loc":{"start":{"line":68,"column":33},"end":{"line":68,"column":50}},"line":68}},"branchMap":{"0":{"loc":{"start":{"line":21,"column":4},"end":{"line":41,"column":5}},"type":"switch","locations":[{"start":{"line":22,"column":6},"end":{"line":25,"column":14}},{"start":{"line":26,"column":6},"end":{"line":29,"column":14}},{"start":{"line":30,"column":6},"end":{"line":33,"column":14}},{"start":{"line":34,"column":6},"end":{"line":40,"column":14}}],"line":21}},"s":{"0":2,"1":3,"2":3,"3":0,"4":0,"5":0,"6":0,"7":0,"8":0,"9":0,"10":0,"11":0,"12":0,"13":0,"14":0,"15":0,"16":0,"17":0,"18":3,"19":0,"20":0,"21":0,"22":2},"f":{"0":3,"1":0,"2":0,"3":0,"4":0},"b":{"0":[0,0,0,0]},"_coverageSchema":"1a1c01bbd47fc00a2c39e90264f33305004495a9","hash":"0b338f117cdcb168a35cb28e3fdbe0cbf6e320f3"}
,"D:\\Projects\\orders-management\\client\\src\\components\\PopupMessage\\Dialog.jsx": {"path":"D:\\Projects\\orders-management\\client\\src\\components\\PopupMessage\\Dialog.jsx","statementMap":{"0":{"start":{"line":8,"column":21},"end":{"line":22,"column":1}},"1":{"start":{"line":9,"column":2},"end":{"line":21,"column":8}},"2":{"start":{"line":24,"column":0},"end":{"line":29,"column":2}}},"fnMap":{"0":{"name":"(anonymous_0)","decl":{"start":{"line":8,"column":21},"end":{"line":8,"column":22}},"loc":{"start":{"line":9,"column":2},"end":{"line":21,"column":8}},"line":9}},"branchMap":{"0":{"loc":{"start":{"line":12,"column":30},"end":{"line":12,"column":62}},"type":"binary-expr","locations":[{"start":{"line":12,"column":30},"end":{"line":12,"column":35}},{"start":{"line":12,"column":39},"end":{"line":12,"column":62}}],"line":12},"1":{"loc":{"start":{"line":15,"column":30},"end":{"line":15,"column":66}},"type":"binary-expr","locations":[{"start":{"line":15,"column":30},"end":{"line":15,"column":37}},{"start":{"line":15,"column":41},"end":{"line":15,"column":66}}],"line":15}},"s":{"0":1,"1":4,"2":1},"f":{"0":4},"b":{"0":[4,3],"1":[4,3]},"_coverageSchema":"1a1c01bbd47fc00a2c39e90264f33305004495a9","hash":"a3c2fb336a78a06d80144d8ce4f2138bf3073429"}
,"D:\\Projects\\orders-management\\client\\src\\components\\PopupWindow\\Dialog.jsx": {"path":"D:\\Projects\\orders-management\\client\\src\\components\\PopupWindow\\Dialog.jsx","statementMap":{"0":{"start":{"line":9,"column":20},"end":{"line":17,"column":1}},"1":{"start":{"line":10,"column":2},"end":{"line":16,"column":4}},"2":{"start":{"line":19,"column":0},"end":{"line":23,"column":2}}},"fnMap":{"0":{"name":"(anonymous_0)","decl":{"start":{"line":9,"column":20},"end":{"line":9,"column":21}},"loc":{"start":{"line":9,"column":53},"end":{"line":17,"column":1}},"line":9}},"branchMap":{},"s":{"0":1,"1":3,"2":1},"f":{"0":3},"b":{},"_coverageSchema":"1a1c01bbd47fc00a2c39e90264f33305004495a9","hash":"da534a2e09f8cdd2b9a96f16a1ff94f8faf4e508"}
,"D:\\Projects\\orders-management\\client\\src\\containers\\Language\\index.jsx": {"path":"D:\\Projects\\orders-management\\client\\src\\containers\\Language\\index.jsx","statementMap":{"0":{"start":{"line":9,"column":17},"end":{"line":13,"column":1}},"1":{"start":{"line":10,"column":2},"end":{"line":12,"column":17}},"2":{"start":{"line":15,"column":0},"end":{"line":19,"column":2}},"3":{"start":{"line":21,"column":24},"end":{"line":24,"column":2}}},"fnMap":{"0":{"name":"(anonymous_0)","decl":{"start":{"line":9,"column":17},"end":{"line":9,"column":18}},"loc":{"start":{"line":10,"column":2},"end":{"line":12,"column":17}},"line":10}},"branchMap":{},"s":{"0":15,"1":35,"2":15,"3":15},"f":{"0":35},"b":{},"_coverageSchema":"1a1c01bbd47fc00a2c39e90264f33305004495a9","hash":"8cb0db44d75243307e66ea3e8e1f2772244656d2"}
,"D:\\Projects\\orders-management\\client\\src\\languages\\en.js": {"path":"D:\\Projects\\orders-management\\client\\src\\languages\\en.js","statementMap":{},"fnMap":{},"branchMap":{},"s":{},"f":{},"b":{},"_coverageSchema":"1a1c01bbd47fc00a2c39e90264f33305004495a9","hash":"e23511016258fc1ab716c18798f10d9e7761e02d"}
,"D:\\Projects\\orders-management\\client\\src\\languages\\id.js": {"path":"D:\\Projects\\orders-management\\client\\src\\languages\\id.js","statementMap":{},"fnMap":{},"branchMap":{},"s":{},"f":{},"b":{},"_coverageSchema":"1a1c01bbd47fc00a2c39e90264f33305004495a9","hash":"7250e6c731060b897b8a93808d761948850dbac7"}
,"D:\\Projects\\orders-management\\client\\src\\pages\\ChangePassword\\index.jsx": {"path":"D:\\Projects\\orders-management\\client\\src\\pages\\ChangePassword\\index.jsx","statementMap":{"0":{"start":{"line":13,"column":23},"end":{"line":116,"column":1}},"1":{"start":{"line":14,"column":15},"end":{"line":14,"column":24}},"2":{"start":{"line":15,"column":19},"end":{"line":15,"column":32}},"3":{"start":{"line":16,"column":42},"end":{"line":16,"column":97}},"4":{"start":{"line":18,"column":30},"end":{"line":68,"column":3}},"5":{"start":{"line":19,"column":4},"end":{"line":24,"column":5}},"6":{"start":{"line":20,"column":6},"end":{"line":22,"column":8}},"7":{"start":{"line":23,"column":6},"end":{"line":23,"column":13}},"8":{"start":{"line":25,"column":4},"end":{"line":33,"column":5}},"9":{"start":{"line":26,"column":6},"end":{"line":31,"column":8}},"10":{"start":{"line":32,"column":6},"end":{"line":32,"column":13}},"11":{"start":{"line":34,"column":4},"end":{"line":39,"column":5}},"12":{"start":{"line":35,"column":6},"end":{"line":37,"column":8}},"13":{"start":{"line":38,"column":6},"end":{"line":38,"column":13}},"14":{"start":{"line":41,"column":26},"end":{"line":44,"column":5}},"15":{"start":{"line":46,"column":4},"end":{"line":67,"column":6}},"16":{"start":{"line":50,"column":10},"end":{"line":50,"column":73}},"17":{"start":{"line":51,"column":10},"end":{"line":56,"column":12}},"18":{"start":{"line":59,"column":10},"end":{"line":64,"column":12}},"19":{"start":{"line":69,"column":2},"end":{"line":115,"column":4}},"20":{"start":{"line":87,"column":25},"end":{"line":87,"column":96}},"21":{"start":{"line":87,"column":55},"end":{"line":87,"column":94}},"22":{"start":{"line":97,"column":25},"end":{"line":97,"column":96}},"23":{"start":{"line":97,"column":55},"end":{"line":97,"column":94}},"24":{"start":{"line":107,"column":25},"end":{"line":107,"column":100}},"25":{"start":{"line":107,"column":55},"end":{"line":107,"column":98}}},"fnMap":{"0":{"name":"(anonymous_0)","decl":{"start":{"line":13,"column":23},"end":{"line":13,"column":24}},"loc":{"start":{"line":13,"column":29},"end":{"line":116,"column":1}},"line":13},"1":{"name":"(anonymous_1)","decl":{"start":{"line":18,"column":30},"end":{"line":18,"column":31}},"loc":{"start":{"line":18,"column":36},"end":{"line":68,"column":3}},"line":18},"2":{"name":"(anonymous_2)","decl":{"start":{"line":49,"column":8},"end":{"line":49,"column":9}},"loc":{"start":{"line":49,"column":14},"end":{"line":57,"column":9}},"line":49},"3":{"name":"(anonymous_3)","decl":{"start":{"line":58,"column":8},"end":{"line":58,"column":9}},"loc":{"start":{"line":58,"column":14},"end":{"line":65,"column":9}},"line":58},"4":{"name":"(anonymous_4)","decl":{"start":{"line":87,"column":18},"end":{"line":87,"column":19}},"loc":{"start":{"line":87,"column":25},"end":{"line":87,"column":96}},"line":87},"5":{"name":"(anonymous_5)","decl":{"start":{"line":87,"column":41},"end":{"line":87,"column":42}},"loc":{"start":{"line":87,"column":55},"end":{"line":87,"column":94}},"line":87},"6":{"name":"(anonymous_6)","decl":{"start":{"line":97,"column":18},"end":{"line":97,"column":19}},"loc":{"start":{"line":97,"column":25},"end":{"line":97,"column":96}},"line":97},"7":{"name":"(anonymous_7)","decl":{"start":{"line":97,"column":41},"end":{"line":97,"column":42}},"loc":{"start":{"line":97,"column":55},"end":{"line":97,"column":94}},"line":97},"8":{"name":"(anonymous_8)","decl":{"start":{"line":107,"column":18},"end":{"line":107,"column":19}},"loc":{"start":{"line":107,"column":25},"end":{"line":107,"column":100}},"line":107},"9":{"name":"(anonymous_9)","decl":{"start":{"line":107,"column":41},"end":{"line":107,"column":42}},"loc":{"start":{"line":107,"column":55},"end":{"line":107,"column":98}},"line":107}},"branchMap":{"0":{"loc":{"start":{"line":19,"column":4},"end":{"line":24,"column":5}},"type":"if","locations":[{"start":{"line":19,"column":4},"end":{"line":24,"column":5}},{"start":{},"end":{}}],"line":19},"1":{"loc":{"start":{"line":19,"column":8},"end":{"line":19,"column":104}},"type":"binary-expr","locations":[{"start":{"line":19,"column":8},"end":{"line":19,"column":36}},{"start":{"line":19,"column":40},"end":{"line":19,"column":68}},{"start":{"line":19,"column":72},"end":{"line":19,"column":104}}],"line":19},"2":{"loc":{"start":{"line":25,"column":4},"end":{"line":33,"column":5}},"type":"if","locations":[{"start":{"line":25,"column":4},"end":{"line":33,"column":5}},{"start":{},"end":{}}],"line":25},"3":{"loc":{"start":{"line":25,"column":8},"end":{"line":25,"column":79}},"type":"binary-expr","locations":[{"start":{"line":25,"column":8},"end":{"line":25,"column":41}},{"start":{"line":25,"column":45},"end":{"line":25,"column":79}}],"line":25},"4":{"loc":{"start":{"line":34,"column":4},"end":{"line":39,"column":5}},"type":"if","locations":[{"start":{"line":34,"column":4},"end":{"line":39,"column":5}},{"start":{},"end":{}}],"line":34}},"s":{"0":1,"1":2,"2":2,"3":2,"4":2,"5":1,"6":1,"7":1,"8":0,"9":0,"10":0,"11":0,"12":0,"13":0,"14":0,"15":0,"16":0,"17":0,"18":0,"19":2,"20":0,"21":0,"22":0,"23":0,"24":0,"25":0},"f":{"0":2,"1":1,"2":0,"3":0,"4":0,"5":0,"6":0,"7":0,"8":0,"9":0},"b":{"0":[1,0],"1":[1,0,0],"2":[0,0],"3":[0,0],"4":[0,0]},"_coverageSchema":"1a1c01bbd47fc00a2c39e90264f33305004495a9","hash":"7129040606d836519d66f37a8075caa29cceb309"}
,"D:\\Projects\\orders-management\\client\\src\\pages\\Orderings\\index.jsx": {"path":"D:\\Projects\\orders-management\\client\\src\\pages\\Orderings\\index.jsx","statementMap":{"0":{"start":{"line":16,"column":18},"end":{"line":71,"column":1}},"1":{"start":{"line":17,"column":19},"end":{"line":17,"column":32}},"2":{"start":{"line":19,"column":34},"end":{"line":19,"column":48}},"3":{"start":{"line":20,"column":38},"end":{"line":20,"column":53}},"4":{"start":{"line":22,"column":18},"end":{"line":25,"column":3}},"5":{"start":{"line":23,"column":4},"end":{"line":23,"column":58}},"6":{"start":{"line":23,"column":19},"end":{"line":23,"column":58}},"7":{"start":{"line":24,"column":4},"end":{"line":24,"column":22}},"8":{"start":{"line":27,"column":2},"end":{"line":36,"column":27}},"9":{"start":{"line":28,"column":25},"end":{"line":28,"column":30}},"10":{"start":{"line":29,"column":4},"end":{"line":33,"column":5}},"11":{"start":{"line":30,"column":19},"end":{"line":30,"column":47}},"12":{"start":{"line":31,"column":6},"end":{"line":31,"column":57}},"13":{"start":{"line":32,"column":6},"end":{"line":32,"column":36}},"14":{"start":{"line":34,"column":4},"end":{"line":34,"column":35}},"15":{"start":{"line":35,"column":4},"end":{"line":35,"column":47}},"16":{"start":{"line":38,"column":2},"end":{"line":70,"column":4}},"17":{"start":{"line":49,"column":18},"end":{"line":54,"column":20}},"18":{"start":{"line":51,"column":43},"end":{"line":51,"column":58}},"19":{"start":{"line":73,"column":0},"end":{"line":76,"column":2}},"20":{"start":{"line":78,"column":24},"end":{"line":81,"column":2}}},"fnMap":{"0":{"name":"(anonymous_0)","decl":{"start":{"line":16,"column":18},"end":{"line":16,"column":19}},"loc":{"start":{"line":16,"column":50},"end":{"line":71,"column":1}},"line":16},"1":{"name":"(anonymous_1)","decl":{"start":{"line":22,"column":18},"end":{"line":22,"column":19}},"loc":{"start":{"line":22,"column":33},"end":{"line":25,"column":3}},"line":22},"2":{"name":"(anonymous_2)","decl":{"start":{"line":27,"column":12},"end":{"line":27,"column":13}},"loc":{"start":{"line":27,"column":18},"end":{"line":36,"column":3}},"line":27},"3":{"name":"(anonymous_3)","decl":{"start":{"line":48,"column":34},"end":{"line":48,"column":35}},"loc":{"start":{"line":49,"column":18},"end":{"line":54,"column":20}},"line":49},"4":{"name":"(anonymous_4)","decl":{"start":{"line":51,"column":35},"end":{"line":51,"column":36}},"loc":{"start":{"line":51,"column":43},"end":{"line":51,"column":58}},"line":51}},"branchMap":{"0":{"loc":{"start":{"line":23,"column":4},"end":{"line":23,"column":58}},"type":"if","locations":[{"start":{"line":23,"column":4},"end":{"line":23,"column":58}},{"start":{},"end":{}}],"line":23},"1":{"loc":{"start":{"line":29,"column":4},"end":{"line":33,"column":5}},"type":"if","locations":[{"start":{"line":29,"column":4},"end":{"line":33,"column":5}},{"start":{},"end":{}}],"line":29},"2":{"loc":{"start":{"line":31,"column":23},"end":{"line":31,"column":56}},"type":"binary-expr","locations":[{"start":{"line":31,"column":23},"end":{"line":31,"column":27}},{"start":{"line":31,"column":31},"end":{"line":31,"column":56}}],"line":31},"3":{"loc":{"start":{"line":43,"column":7},"end":{"line":68,"column":7}},"type":"cond-expr","locations":[{"start":{"line":44,"column":8},"end":{"line":65,"column":14}},{"start":{"line":67,"column":8},"end":{"line":67,"column":79}}],"line":43},"4":{"loc":{"start":{"line":45,"column":11},"end":{"line":64,"column":11}},"type":"cond-expr","locations":[{"start":{"line":46,"column":12},"end":{"line":57,"column":18}},{"start":{"line":59,"column":12},"end":{"line":63,"column":18}}],"line":45}},"s":{"0":1,"1":4,"2":4,"3":4,"4":4,"5":0,"6":0,"7":0,"8":4,"9":2,"10":2,"11":0,"12":0,"13":0,"14":2,"15":2,"16":4,"17":0,"18":0,"19":1,"20":1},"f":{"0":4,"1":0,"2":2,"3":0,"4":0},"b":{"0":[0,0],"1":[0,2],"2":[0,0],"3":[4,0],"4":[0,4]},"_coverageSchema":"1a1c01bbd47fc00a2c39e90264f33305004495a9","hash":"fca06c939b436107d858f0656f74c7441966dcab"}
,"D:\\Projects\\orders-management\\client\\src\\pages\\Orderings\\components\\OrderingCard.jsx": {"path":"D:\\Projects\\orders-management\\client\\src\\pages\\Orderings\\components\\OrderingCard.jsx","statementMap":{"0":{"start":{"line":7,"column":21},"end":{"line":58,"column":1}},"1":{"start":{"line":8,"column":30},"end":{"line":8,"column":44}},"2":{"start":{"line":10,"column":2},"end":{"line":33,"column":13}},"3":{"start":{"line":11,"column":4},"end":{"line":32,"column":5}},"4":{"start":{"line":12,"column":6},"end":{"line":31,"column":7}},"5":{"start":{"line":14,"column":10},"end":{"line":17,"column":13}},"6":{"start":{"line":18,"column":10},"end":{"line":18,"column":16}},"7":{"start":{"line":20,"column":10},"end":{"line":23,"column":13}},"8":{"start":{"line":24,"column":10},"end":{"line":24,"column":16}},"9":{"start":{"line":26,"column":10},"end":{"line":29,"column":13}},"10":{"start":{"line":30,"column":10},"end":{"line":30,"column":16}},"11":{"start":{"line":35,"column":2},"end":{"line":57,"column":4}},"12":{"start":{"line":36,"column":57},"end":{"line":36,"column":80}},"13":{"start":{"line":60,"column":0},"end":{"line":64,"column":2}}},"fnMap":{"0":{"name":"(anonymous_0)","decl":{"start":{"line":7,"column":21},"end":{"line":7,"column":22}},"loc":{"start":{"line":7,"column":62},"end":{"line":58,"column":1}},"line":7},"1":{"name":"(anonymous_1)","decl":{"start":{"line":10,"column":12},"end":{"line":10,"column":13}},"loc":{"start":{"line":10,"column":18},"end":{"line":33,"column":3}},"line":10},"2":{"name":"(anonymous_2)","decl":{"start":{"line":36,"column":51},"end":{"line":36,"column":52}},"loc":{"start":{"line":36,"column":57},"end":{"line":36,"column":80}},"line":36}},"branchMap":{"0":{"loc":{"start":{"line":11,"column":4},"end":{"line":32,"column":5}},"type":"if","locations":[{"start":{"line":11,"column":4},"end":{"line":32,"column":5}},{"start":{},"end":{}}],"line":11},"1":{"loc":{"start":{"line":12,"column":6},"end":{"line":31,"column":7}},"type":"switch","locations":[{"start":{"line":13,"column":8},"end":{"line":18,"column":16}},{"start":{"line":19,"column":8},"end":{"line":24,"column":16}},{"start":{"line":25,"column":8},"end":{"line":30,"column":16}}],"line":12},"2":{"loc":{"start":{"line":45,"column":9},"end":{"line":49,"column":9}},"type":"binary-expr","locations":[{"start":{"line":45,"column":9},"end":{"line":45,"column":19}},{"start":{"line":46,"column":10},"end":{"line":48,"column":14}}],"line":45}},"s":{"0":2,"1":4,"2":4,"3":4,"4":0,"5":0,"6":0,"7":0,"8":0,"9":0,"10":0,"11":4,"12":0,"13":2},"f":{"0":4,"1":4,"2":0},"b":{"0":[0,4],"1":[0,0,0],"2":[4,1]},"_coverageSchema":"1a1c01bbd47fc00a2c39e90264f33305004495a9","hash":"924f31aa701c6de9442d392310fc79b164cff3af"}
,"D:\\Projects\\orders-management\\client\\src\\pages\\Orderings\\components\\OrderingDetail.jsx": {"path":"D:\\Projects\\orders-management\\client\\src\\pages\\Orderings\\components\\OrderingDetail.jsx","statementMap":{"0":{"start":{"line":16,"column":32},"end":{"line":151,"column":1}},"1":{"start":{"line":17,"column":19},"end":{"line":17,"column":32}},"2":{"start":{"line":19,"column":30},"end":{"line":19,"column":44}},"3":{"start":{"line":20,"column":50},"end":{"line":20,"column":65}},"4":{"start":{"line":22,"column":24},"end":{"line":46,"column":3}},"5":{"start":{"line":23,"column":4},"end":{"line":45,"column":5}},"6":{"start":{"line":25,"column":8},"end":{"line":29,"column":11}},"7":{"start":{"line":30,"column":8},"end":{"line":30,"column":14}},"8":{"start":{"line":32,"column":8},"end":{"line":36,"column":11}},"9":{"start":{"line":37,"column":8},"end":{"line":37,"column":14}},"10":{"start":{"line":39,"column":8},"end":{"line":43,"column":11}},"11":{"start":{"line":44,"column":8},"end":{"line":44,"column":14}},"12":{"start":{"line":48,"column":26},"end":{"line":55,"column":3}},"13":{"start":{"line":49,"column":4},"end":{"line":54,"column":6}},"14":{"start":{"line":51,"column":8},"end":{"line":51,"column":56}},"15":{"start":{"line":52,"column":8},"end":{"line":52,"column":34}},"16":{"start":{"line":57,"column":2},"end":{"line":61,"column":21}},"17":{"start":{"line":58,"column":4},"end":{"line":60,"column":5}},"18":{"start":{"line":59,"column":6},"end":{"line":59,"column":42}},"19":{"start":{"line":62,"column":2},"end":{"line":64,"column":33}},"20":{"start":{"line":63,"column":4},"end":{"line":63,"column":56}},"21":{"start":{"line":66,"column":2},"end":{"line":150,"column":4}},"22":{"start":{"line":69,"column":73},"end":{"line":69,"column":95}},"23":{"start":{"line":110,"column":78},"end":{"line":110,"column":99}},"24":{"start":{"line":113,"column":94},"end":{"line":113,"column":116}},"25":{"start":{"line":153,"column":0},"end":{"line":158,"column":2}},"26":{"start":{"line":160,"column":24},"end":{"line":162,"column":2}}},"fnMap":{"0":{"name":"(anonymous_0)","decl":{"start":{"line":16,"column":32},"end":{"line":16,"column":33}},"loc":{"start":{"line":16,"column":76},"end":{"line":151,"column":1}},"line":16},"1":{"name":"(anonymous_1)","decl":{"start":{"line":22,"column":24},"end":{"line":22,"column":25}},"loc":{"start":{"line":22,"column":40},"end":{"line":46,"column":3}},"line":22},"2":{"name":"(anonymous_2)","decl":{"start":{"line":48,"column":26},"end":{"line":48,"column":27}},"loc":{"start":{"line":48,"column":41},"end":{"line":55,"column":3}},"line":48},"3":{"name":"(anonymous_3)","decl":{"start":{"line":50,"column":46},"end":{"line":50,"column":47}},"loc":{"start":{"line":50,"column":52},"end":{"line":53,"column":7}},"line":50},"4":{"name":"(anonymous_4)","decl":{"start":{"line":57,"column":12},"end":{"line":57,"column":13}},"loc":{"start":{"line":57,"column":18},"end":{"line":61,"column":3}},"line":57},"5":{"name":"(anonymous_5)","decl":{"start":{"line":62,"column":12},"end":{"line":62,"column":13}},"loc":{"start":{"line":62,"column":18},"end":{"line":64,"column":3}},"line":62},"6":{"name":"(anonymous_6)","decl":{"start":{"line":69,"column":67},"end":{"line":69,"column":68}},"loc":{"start":{"line":69,"column":73},"end":{"line":69,"column":95}},"line":69},"7":{"name":"(anonymous_7)","decl":{"start":{"line":110,"column":72},"end":{"line":110,"column":73}},"loc":{"start":{"line":110,"column":78},"end":{"line":110,"column":99}},"line":110},"8":{"name":"(anonymous_8)","decl":{"start":{"line":113,"column":88},"end":{"line":113,"column":89}},"loc":{"start":{"line":113,"column":94},"end":{"line":113,"column":116}},"line":113}},"branchMap":{"0":{"loc":{"start":{"line":23,"column":4},"end":{"line":45,"column":5}},"type":"switch","locations":[{"start":{"line":24,"column":6},"end":{"line":30,"column":14}},{"start":{"line":31,"column":6},"end":{"line":37,"column":14}},{"start":{"line":38,"column":6},"end":{"line":44,"column":14}}],"line":23},"1":{"loc":{"start":{"line":51,"column":22},"end":{"line":51,"column":54}},"type":"cond-expr","locations":[{"start":{"line":51,"column":34},"end":{"line":51,"column":43}},{"start":{"line":51,"column":46},"end":{"line":51,"column":54}}],"line":51},"2":{"loc":{"start":{"line":58,"column":4},"end":{"line":60,"column":5}},"type":"if","locations":[{"start":{"line":58,"column":4},"end":{"line":60,"column":5}},{"start":{},"end":{}}],"line":58},"3":{"loc":{"start":{"line":95,"column":13},"end":{"line":103,"column":13}},"type":"cond-expr","locations":[{"start":{"line":96,"column":14},"end":{"line":98,"column":19}},{"start":{"line":100,"column":14},"end":{"line":102,"column":19}}],"line":95},"4":{"loc":{"start":{"line":108,"column":11},"end":{"line":117,"column":11}},"type":"binary-expr","locations":[{"start":{"line":108,"column":11},"end":{"line":108,"column":21}},{"start":{"line":108,"column":25},"end":{"line":108,"column":53}},{"start":{"line":109,"column":12},"end":{"line":116,"column":18}}],"line":108},"5":{"loc":{"start":{"line":122,"column":13},"end":{"line":129,"column":13}},"type":"binary-expr","locations":[{"start":{"line":122,"column":13},"end":{"line":122,"column":23}},{"start":{"line":123,"column":14},"end":{"line":128,"column":20}}],"line":122}},"s":{"0":2,"1":2,"2":2,"3":2,"4":2,"5":0,"6":0,"7":0,"8":0,"9":0,"10":0,"11":0,"12":2,"13":0,"14":0,"15":0,"16":2,"17":2,"18":0,"19":2,"20":2,"21":2,"22":0,"23":0,"24":0,"25":2,"26":2},"f":{"0":2,"1":0,"2":0,"3":0,"4":2,"5":2,"6":0,"7":0,"8":0},"b":{"0":[0,0,0],"1":[0,0],"2":[0,2],"3":[0,2],"4":[2,0,0],"5":[2,0]},"_coverageSchema":"1a1c01bbd47fc00a2c39e90264f33305004495a9","hash":"30f399bb092a057f3221777c35ce322a0ab677c0"}
,"D:\\Projects\\orders-management\\client\\src\\pages\\PaymentPage\\index.jsx": {"path":"D:\\Projects\\orders-management\\client\\src\\pages\\PaymentPage\\index.jsx","statementMap":{"0":{"start":{"line":19,"column":20},"end":{"line":140,"column":1}},"1":{"start":{"line":20,"column":19},"end":{"line":20,"column":32}},"2":{"start":{"line":21,"column":19},"end":{"line":21,"column":32}},"3":{"start":{"line":22,"column":15},"end":{"line":22,"column":24}},"4":{"start":{"line":23,"column":17},"end":{"line":23,"column":28}},"5":{"start":{"line":24,"column":20},"end":{"line":40,"column":3}},"6":{"start":{"line":42,"column":34},"end":{"line":42,"column":48}},"7":{"start":{"line":43,"column":26},"end":{"line":43,"column":38}},"8":{"start":{"line":45,"column":25},"end":{"line":70,"column":3}},"9":{"start":{"line":46,"column":4},"end":{"line":57,"column":5}},"10":{"start":{"line":50,"column":6},"end":{"line":55,"column":8}},"11":{"start":{"line":56,"column":6},"end":{"line":56,"column":13}},"12":{"start":{"line":58,"column":4},"end":{"line":66,"column":5}},"13":{"start":{"line":59,"column":6},"end":{"line":64,"column":8}},"14":{"start":{"line":65,"column":6},"end":{"line":65,"column":13}},"15":{"start":{"line":68,"column":4},"end":{"line":68,"column":22}},"16":{"start":{"line":69,"column":4},"end":{"line":69,"column":28}},"17":{"start":{"line":72,"column":17},"end":{"line":90,"column":3}},"18":{"start":{"line":73,"column":26},"end":{"line":79,"column":5}},"19":{"start":{"line":81,"column":4},"end":{"line":89,"column":6}},"20":{"start":{"line":83,"column":8},"end":{"line":83,"column":38}},"21":{"start":{"line":84,"column":8},"end":{"line":86,"column":10}},"22":{"start":{"line":87,"column":8},"end":{"line":87,"column":31}},"23":{"start":{"line":92,"column":2},"end":{"line":96,"column":9}},"24":{"start":{"line":93,"column":4},"end":{"line":93,"column":51}},"25":{"start":{"line":93,"column":24},"end":{"line":93,"column":51}},"26":{"start":{"line":94,"column":4},"end":{"line":94,"column":33}},"27":{"start":{"line":95,"column":4},"end":{"line":95,"column":83}},"28":{"start":{"line":98,"column":2},"end":{"line":139,"column":4}},"29":{"start":{"line":103,"column":12},"end":{"line":113,"column":18}},"30":{"start":{"line":107,"column":29},"end":{"line":107,"column":49}},"31":{"start":{"line":122,"column":30},"end":{"line":122,"column":107}},"32":{"start":{"line":129,"column":30},"end":{"line":129,"column":85}},"33":{"start":{"line":142,"column":0},"end":{"line":145,"column":2}},"34":{"start":{"line":147,"column":24},"end":{"line":150,"column":2}}},"fnMap":{"0":{"name":"(anonymous_0)","decl":{"start":{"line":19,"column":20},"end":{"line":19,"column":21}},"loc":{"start":{"line":19,"column":57},"end":{"line":140,"column":1}},"line":19},"1":{"name":"(anonymous_1)","decl":{"start":{"line":45,"column":25},"end":{"line":45,"column":26}},"loc":{"start":{"line":45,"column":35},"end":{"line":70,"column":3}},"line":45},"2":{"name":"(anonymous_2)","decl":{"start":{"line":72,"column":17},"end":{"line":72,"column":18}},"loc":{"start":{"line":72,"column":23},"end":{"line":90,"column":3}},"line":72},"3":{"name":"(anonymous_3)","decl":{"start":{"line":82,"column":48},"end":{"line":82,"column":49}},"loc":{"start":{"line":82,"column":54},"end":{"line":88,"column":7}},"line":82},"4":{"name":"(anonymous_4)","decl":{"start":{"line":92,"column":12},"end":{"line":92,"column":13}},"loc":{"start":{"line":92,"column":18},"end":{"line":96,"column":3}},"line":92},"5":{"name":"(anonymous_5)","decl":{"start":{"line":102,"column":25},"end":{"line":102,"column":26}},"loc":{"start":{"line":103,"column":12},"end":{"line":113,"column":18}},"line":103},"6":{"name":"(anonymous_6)","decl":{"start":{"line":107,"column":23},"end":{"line":107,"column":24}},"loc":{"start":{"line":107,"column":29},"end":{"line":107,"column":49}},"line":107},"7":{"name":"(anonymous_7)","decl":{"start":{"line":122,"column":23},"end":{"line":122,"column":24}},"loc":{"start":{"line":122,"column":30},"end":{"line":122,"column":107}},"line":122},"8":{"name":"(anonymous_8)","decl":{"start":{"line":129,"column":23},"end":{"line":129,"column":24}},"loc":{"start":{"line":129,"column":30},"end":{"line":129,"column":85}},"line":129}},"branchMap":{"0":{"loc":{"start":{"line":46,"column":4},"end":{"line":57,"column":5}},"type":"if","locations":[{"start":{"line":46,"column":4},"end":{"line":57,"column":5}},{"start":{},"end":{}}],"line":46},"1":{"loc":{"start":{"line":47,"column":6},"end":{"line":48,"column":105}},"type":"binary-expr","locations":[{"start":{"line":47,"column":6},"end":{"line":47,"column":18}},{"start":{"line":48,"column":6},"end":{"line":48,"column":105}}],"line":47},"2":{"loc":{"start":{"line":48,"column":8},"end":{"line":48,"column":104}},"type":"binary-expr","locations":[{"start":{"line":48,"column":8},"end":{"line":48,"column":20}},{"start":{"line":48,"column":24},"end":{"line":48,"column":61}},{"start":{"line":48,"column":65},"end":{"line":48,"column":104}}],"line":48},"3":{"loc":{"start":{"line":58,"column":4},"end":{"line":66,"column":5}},"type":"if","locations":[{"start":{"line":58,"column":4},"end":{"line":66,"column":5}},{"start":{},"end":{}}],"line":58},"4":{"loc":{"start":{"line":58,"column":8},"end":{"line":58,"column":70}},"type":"binary-expr","locations":[{"start":{"line":58,"column":8},"end":{"line":58,"column":20}},{"start":{"line":58,"column":24},"end":{"line":58,"column":70}}],"line":58},"5":{"loc":{"start":{"line":58,"column":26},"end":{"line":58,"column":69}},"type":"binary-expr","locations":[{"start":{"line":58,"column":26},"end":{"line":58,"column":38}},{"start":{"line":58,"column":42},"end":{"line":58,"column":69}}],"line":58},"6":{"loc":{"start":{"line":93,"column":4},"end":{"line":93,"column":51}},"type":"if","locations":[{"start":{"line":93,"column":4},"end":{"line":93,"column":51}},{"start":{},"end":{}}],"line":93},"7":{"loc":{"start":{"line":122,"column":30},"end":{"line":122,"column":107}},"type":"cond-expr","locations":[{"start":{"line":122,"column":43},"end":{"line":122,"column":69}},{"start":{"line":122,"column":72},"end":{"line":122,"column":107}}],"line":122},"8":{"loc":{"start":{"line":129,"column":30},"end":{"line":129,"column":85}},"type":"cond-expr","locations":[{"start":{"line":129,"column":43},"end":{"line":129,"column":51}},{"start":{"line":129,"column":54},"end":{"line":129,"column":85}}],"line":129},"9":{"loc":{"start":{"line":131,"column":15},"end":{"line":133,"column":64}},"type":"cond-expr","locations":[{"start":{"line":132,"column":18},"end":{"line":132,"column":66}},{"start":{"line":133,"column":18},"end":{"line":133,"column":64}}],"line":131}},"s":{"0":1,"1":8,"2":8,"3":8,"4":8,"5":8,"6":8,"7":8,"8":8,"9":2,"10":0,"11":0,"12":2,"13":0,"14":0,"15":2,"16":2,"17":8,"18":0,"19":0,"20":0,"21":0,"22":0,"23":8,"24":2,"25":2,"26":2,"27":2,"28":8,"29":24,"30":0,"31":0,"32":0,"33":1,"34":1},"f":{"0":8,"1":2,"2":0,"3":0,"4":2,"5":24,"6":0,"7":0,"8":0},"b":{"0":[0,2],"1":[2,0],"2":[0,0,0],"3":[0,2],"4":[2,0],"5":[0,0],"6":[2,0],"7":[0,0],"8":[0,0],"9":[0,8]},"_coverageSchema":"1a1c01bbd47fc00a2c39e90264f33305004495a9","hash":"1ee1144625319c8b78b389e8001b8b78e62de5d0"}
,"D:\\Projects\\orders-management\\client\\src\\pages\\PaymentPage\\components\\OrderForms.jsx": {"path":"D:\\Projects\\orders-management\\client\\src\\pages\\PaymentPage\\components\\OrderForms.jsx","statementMap":{"0":{"start":{"line":15,"column":31},"end":{"line":79,"column":1}},"1":{"start":{"line":16,"column":19},"end":{"line":16,"column":32}},"2":{"start":{"line":17,"column":28},"end":{"line":20,"column":3}},"3":{"start":{"line":22,"column":36},"end":{"line":22,"column":63}},"4":{"start":{"line":24,"column":23},"end":{"line":28,"column":3}},"5":{"start":{"line":26,"column":4},"end":{"line":26,"column":50}},"6":{"start":{"line":26,"column":43},"end":{"line":26,"column":50}},"7":{"start":{"line":27,"column":4},"end":{"line":27,"column":57}},"8":{"start":{"line":27,"column":31},"end":{"line":27,"column":54}},"9":{"start":{"line":30,"column":2},"end":{"line":34,"column":9}},"10":{"start":{"line":31,"column":4},"end":{"line":33,"column":5}},"11":{"start":{"line":32,"column":6},"end":{"line":32,"column":44}},"12":{"start":{"line":35,"column":2},"end":{"line":37,"column":28}},"13":{"start":{"line":36,"column":4},"end":{"line":36,"column":60}},"14":{"start":{"line":39,"column":2},"end":{"line":78,"column":4}},"15":{"start":{"line":54,"column":27},"end":{"line":54,"column":66}},"16":{"start":{"line":65,"column":27},"end":{"line":65,"column":68}},"17":{"start":{"line":81,"column":0},"end":{"line":84,"column":2}},"18":{"start":{"line":86,"column":24},"end":{"line":89,"column":2}}},"fnMap":{"0":{"name":"(anonymous_0)","decl":{"start":{"line":15,"column":31},"end":{"line":15,"column":32}},"loc":{"start":{"line":15,"column":66},"end":{"line":79,"column":1}},"line":15},"1":{"name":"(anonymous_1)","decl":{"start":{"line":24,"column":23},"end":{"line":24,"column":24}},"loc":{"start":{"line":24,"column":33},"end":{"line":28,"column":3}},"line":24},"2":{"name":"(anonymous_2)","decl":{"start":{"line":27,"column":17},"end":{"line":27,"column":18}},"loc":{"start":{"line":27,"column":31},"end":{"line":27,"column":54}},"line":27},"3":{"name":"(anonymous_3)","decl":{"start":{"line":30,"column":12},"end":{"line":30,"column":13}},"loc":{"start":{"line":30,"column":18},"end":{"line":34,"column":3}},"line":30},"4":{"name":"(anonymous_4)","decl":{"start":{"line":35,"column":12},"end":{"line":35,"column":13}},"loc":{"start":{"line":35,"column":18},"end":{"line":37,"column":3}},"line":35},"5":{"name":"(anonymous_5)","decl":{"start":{"line":54,"column":20},"end":{"line":54,"column":21}},"loc":{"start":{"line":54,"column":27},"end":{"line":54,"column":66}},"line":54},"6":{"name":"(anonymous_6)","decl":{"start":{"line":65,"column":20},"end":{"line":65,"column":21}},"loc":{"start":{"line":65,"column":27},"end":{"line":65,"column":68}},"line":65}},"branchMap":{"0":{"loc":{"start":{"line":26,"column":4},"end":{"line":26,"column":50}},"type":"if","locations":[{"start":{"line":26,"column":4},"end":{"line":26,"column":50}},{"start":{},"end":{}}],"line":26},"1":{"loc":{"start":{"line":26,"column":8},"end":{"line":26,"column":41}},"type":"binary-expr","locations":[{"start":{"line":26,"column":8},"end":{"line":26,"column":19}},{"start":{"line":26,"column":23},"end":{"line":26,"column":41}}],"line":26},"2":{"loc":{"start":{"line":31,"column":4},"end":{"line":33,"column":5}},"type":"if","locations":[{"start":{"line":31,"column":4},"end":{"line":33,"column":5}},{"start":{},"end":{}}],"line":31}},"s":{"0":2,"1":10,"2":10,"3":10,"4":10,"5":0,"6":0,"7":0,"8":0,"9":10,"10":4,"11":1,"12":10,"13":5,"14":10,"15":0,"16":0,"17":2,"18":2},"f":{"0":10,"1":0,"2":0,"3":4,"4":5,"5":0,"6":0},"b":{"0":[0,0],"1":[0,0],"2":[1,3]},"_coverageSchema":"1a1c01bbd47fc00a2c39e90264f33305004495a9","hash":"2da926cdfb1cf8e06e40cfa5c9c7cf6b24a1be6b"}
,"D:\\Projects\\orders-management\\client\\src\\pages\\PaymentPage\\components\\PaymentSelection.jsx": {"path":"D:\\Projects\\orders-management\\client\\src\\pages\\PaymentPage\\components\\PaymentSelection.jsx","statementMap":{"0":{"start":{"line":14,"column":34},"end":{"line":72,"column":1}},"1":{"start":{"line":15,"column":19},"end":{"line":15,"column":32}},"2":{"start":{"line":17,"column":48},"end":{"line":17,"column":62}},"3":{"start":{"line":19,"column":27},"end":{"line":32,"column":3}},"4":{"start":{"line":20,"column":17},"end":{"line":28,"column":9}},"5":{"start":{"line":30,"column":4},"end":{"line":30,"column":29}},"6":{"start":{"line":31,"column":4},"end":{"line":31,"column":70}},"7":{"start":{"line":34,"column":2},"end":{"line":38,"column":21}},"8":{"start":{"line":35,"column":4},"end":{"line":37,"column":5}},"9":{"start":{"line":36,"column":6},"end":{"line":36,"column":54}},"10":{"start":{"line":40,"column":2},"end":{"line":71,"column":4}},"11":{"start":{"line":51,"column":25},"end":{"line":51,"column":47}},"12":{"start":{"line":61,"column":25},"end":{"line":61,"column":48}},"13":{"start":{"line":74,"column":0},"end":{"line":76,"column":2}},"14":{"start":{"line":78,"column":24},"end":{"line":80,"column":2}}},"fnMap":{"0":{"name":"(anonymous_0)","decl":{"start":{"line":14,"column":34},"end":{"line":14,"column":35}},"loc":{"start":{"line":14,"column":56},"end":{"line":72,"column":1}},"line":14},"1":{"name":"(anonymous_1)","decl":{"start":{"line":19,"column":27},"end":{"line":19,"column":28}},"loc":{"start":{"line":19,"column":43},"end":{"line":32,"column":3}},"line":19},"2":{"name":"(anonymous_2)","decl":{"start":{"line":34,"column":12},"end":{"line":34,"column":13}},"loc":{"start":{"line":34,"column":18},"end":{"line":38,"column":3}},"line":34},"3":{"name":"(anonymous_3)","decl":{"start":{"line":51,"column":19},"end":{"line":51,"column":20}},"loc":{"start":{"line":51,"column":25},"end":{"line":51,"column":47}},"line":51},"4":{"name":"(anonymous_4)","decl":{"start":{"line":61,"column":19},"end":{"line":61,"column":20}},"loc":{"start":{"line":61,"column":25},"end":{"line":61,"column":48}},"line":61}},"branchMap":{"0":{"loc":{"start":{"line":20,"column":17},"end":{"line":28,"column":9}},"type":"cond-expr","locations":[{"start":{"line":21,"column":8},"end":{"line":24,"column":9}},{"start":{"line":25,"column":8},"end":{"line":28,"column":9}}],"line":20},"1":{"loc":{"start":{"line":35,"column":4},"end":{"line":37,"column":5}},"type":"if","locations":[{"start":{"line":35,"column":4},"end":{"line":37,"column":5}},{"start":{},"end":{}}],"line":35}},"s":{"0":2,"1":2,"2":2,"3":2,"4":0,"5":0,"6":0,"7":2,"8":2,"9":0,"10":2,"11":0,"12":0,"13":2,"14":2},"f":{"0":2,"1":0,"2":2,"3":0,"4":0},"b":{"0":[0,0],"1":[0,2]},"_coverageSchema":"1a1c01bbd47fc00a2c39e90264f33305004495a9","hash":"1855e90fbe1fae5579e14b824b3c9e92836c53f7"}
,"D:\\Projects\\orders-management\\client\\src\\pages\\PaymentPage\\components\\PaymentSumary.jsx": {"path":"D:\\Projects\\orders-management\\client\\src\\pages\\PaymentPage\\components\\PaymentSumary.jsx","statementMap":{"0":{"start":{"line":14,"column":31},"end":{"line":59,"column":1}},"1":{"start":{"line":15,"column":2},"end":{"line":15,"column":26}},"2":{"start":{"line":16,"column":2},"end":{"line":58,"column":4}},"3":{"start":{"line":61,"column":0},"end":{"line":64,"column":2}},"4":{"start":{"line":66,"column":24},"end":{"line":69,"column":2}}},"fnMap":{"0":{"name":"(anonymous_0)","decl":{"start":{"line":14,"column":31},"end":{"line":14,"column":32}},"loc":{"start":{"line":14,"column":66},"end":{"line":59,"column":1}},"line":14},"1":{"name":"(anonymous_1)","decl":{"start":{"line":15,"column":12},"end":{"line":15,"column":13}},"loc":{"start":{"line":15,"column":18},"end":{"line":15,"column":20}},"line":15}},"branchMap":{"0":{"loc":{"start":{"line":40,"column":13},"end":{"line":42,"column":13}},"type":"binary-expr","locations":[{"start":{"line":40,"column":13},"end":{"line":40,"column":52}},{"start":{"line":41,"column":14},"end":{"line":41,"column":79}}],"line":40}},"s":{"0":2,"1":2,"2":2,"3":2,"4":2},"f":{"0":2,"1":2},"b":{"0":[2,0]},"_coverageSchema":"1a1c01bbd47fc00a2c39e90264f33305004495a9","hash":"348eda34742c122be6714ffdd87c53035779771d"}
,"D:\\Projects\\orders-management\\client\\src\\pages\\ProductDetail\\index.jsx": {"path":"D:\\Projects\\orders-management\\client\\src\\pages\\ProductDetail\\index.jsx","statementMap":{"0":{"start":{"line":19,"column":22},"end":{"line":106,"column":1}},"1":{"start":{"line":20,"column":15},"end":{"line":20,"column":24}},"2":{"start":{"line":21,"column":19},"end":{"line":21,"column":32}},"3":{"start":{"line":22,"column":19},"end":{"line":22,"column":32}},"4":{"start":{"line":23,"column":17},"end":{"line":23,"column":28}},"5":{"start":{"line":25,"column":38},"end":{"line":25,"column":52}},"6":{"start":{"line":26,"column":38},"end":{"line":26,"column":53}},"7":{"start":{"line":28,"column":17},"end":{"line":30,"column":3}},"8":{"start":{"line":29,"column":4},"end":{"line":29,"column":22}},"9":{"start":{"line":32,"column":2},"end":{"line":42,"column":22}},"10":{"start":{"line":33,"column":18},"end":{"line":33,"column":31}},"11":{"start":{"line":35,"column":4},"end":{"line":35,"column":25}},"12":{"start":{"line":35,"column":18},"end":{"line":35,"column":25}},"13":{"start":{"line":37,"column":4},"end":{"line":39,"column":6}},"14":{"start":{"line":41,"column":4},"end":{"line":41,"column":27}},"15":{"start":{"line":43,"column":2},"end":{"line":59,"column":11}},"16":{"start":{"line":44,"column":4},"end":{"line":58,"column":5}},"17":{"start":{"line":45,"column":6},"end":{"line":55,"column":8}},"18":{"start":{"line":47,"column":10},"end":{"line":52,"column":12}},"19":{"start":{"line":53,"column":10},"end":{"line":53,"column":24}},"20":{"start":{"line":57,"column":6},"end":{"line":57,"column":20}},"21":{"start":{"line":60,"column":2},"end":{"line":69,"column":17}},"22":{"start":{"line":61,"column":4},"end":{"line":68,"column":5}},"23":{"start":{"line":62,"column":19},"end":{"line":62,"column":55}},"24":{"start":{"line":63,"column":6},"end":{"line":65,"column":7}},"25":{"start":{"line":64,"column":8},"end":{"line":64,"column":49}},"26":{"start":{"line":67,"column":6},"end":{"line":67,"column":48}},"27":{"start":{"line":71,"column":2},"end":{"line":105,"column":4}},"28":{"start":{"line":108,"column":0},"end":{"line":111,"column":2}},"29":{"start":{"line":113,"column":24},"end":{"line":116,"column":2}},"30":{"start":{"line":125,"column":85},"end":{"line":125,"column":37734}},"31":{"start":{"line":125,"column":89},"end":{"line":125,"column":37723}}},"fnMap":{"0":{"name":"(anonymous_0)","decl":{"start":{"line":19,"column":22},"end":{"line":19,"column":23}},"loc":{"start":{"line":19,"column":55},"end":{"line":106,"column":1}},"line":19},"1":{"name":"(anonymous_1)","decl":{"start":{"line":28,"column":17},"end":{"line":28,"column":18}},"loc":{"start":{"line":28,"column":23},"end":{"line":30,"column":3}},"line":28},"2":{"name":"(anonymous_2)","decl":{"start":{"line":32,"column":12},"end":{"line":32,"column":13}},"loc":{"start":{"line":32,"column":18},"end":{"line":42,"column":3}},"line":32},"3":{"name":"(anonymous_3)","decl":{"start":{"line":43,"column":12},"end":{"line":43,"column":13}},"loc":{"start":{"line":43,"column":18},"end":{"line":59,"column":3}},"line":43},"4":{"name":"(anonymous_4)","decl":{"start":{"line":46,"column":31},"end":{"line":46,"column":32}},"loc":{"start":{"line":46,"column":37},"end":{"line":54,"column":9}},"line":46},"5":{"name":"(anonymous_5)","decl":{"start":{"line":60,"column":12},"end":{"line":60,"column":13}},"loc":{"start":{"line":60,"column":18},"end":{"line":69,"column":3}},"line":60},"6":{"name":"oo_cm","decl":{"start":{"line":125,"column":77},"end":{"line":125,"column":82}},"loc":{"start":{"line":125,"column":84},"end":{"line":125,"column":37735}},"line":125}},"branchMap":{"0":{"loc":{"start":{"line":35,"column":4},"end":{"line":35,"column":25}},"type":"if","locations":[{"start":{"line":35,"column":4},"end":{"line":35,"column":25}},{"start":{},"end":{}}],"line":35},"1":{"loc":{"start":{"line":44,"column":4},"end":{"line":58,"column":5}},"type":"if","locations":[{"start":{"line":44,"column":4},"end":{"line":58,"column":5}},{"start":{"line":56,"column":11},"end":{"line":58,"column":5}}],"line":44},"2":{"loc":{"start":{"line":63,"column":6},"end":{"line":65,"column":7}},"type":"if","locations":[{"start":{"line":63,"column":6},"end":{"line":65,"column":7}},{"start":{},"end":{}}],"line":63},"3":{"loc":{"start":{"line":93,"column":11},"end":{"line":97,"column":11}},"type":"binary-expr","locations":[{"start":{"line":93,"column":11},"end":{"line":93,"column":21}},{"start":{"line":94,"column":12},"end":{"line":96,"column":21}}],"line":93},"4":{"loc":{"start":{"line":125,"column":96},"end":{"line":125,"column":37722}},"type":"binary-expr","locations":[{"start":{"line":125,"column":96},"end":{"line":125,"column":133}},{"start":{"line":125,"column":137},"end":{"line":125,"column":37722}}],"line":125}},"s":{"0":1,"1":2,"2":2,"3":2,"4":2,"5":2,"6":2,"7":2,"8":0,"9":2,"10":2,"11":2,"12":2,"13":0,"14":0,"15":2,"16":2,"17":0,"18":0,"19":0,"20":2,"21":2,"22":2,"23":2,"24":2,"25":0,"26":0,"27":2,"28":1,"29":1,"30":0,"31":0},"f":{"0":2,"1":0,"2":2,"3":2,"4":0,"5":2,"6":0},"b":{"0":[2,0],"1":[0,2],"2":[0,2],"3":[2,0],"4":[0,0]},"_coverageSchema":"1a1c01bbd47fc00a2c39e90264f33305004495a9","hash":"a15da70878e569c66d01ea23c4507e7bdf0ef0b9"}
,"D:\\Projects\\orders-management\\client\\src\\pages\\Profile\\index.jsx": {"path":"D:\\Projects\\orders-management\\client\\src\\pages\\Profile\\index.jsx","statementMap":{"0":{"start":{"line":20,"column":20},"end":{"line":207,"column":1}},"1":{"start":{"line":21,"column":19},"end":{"line":21,"column":32}},"2":{"start":{"line":23,"column":15},"end":{"line":23,"column":24}},"3":{"start":{"line":25,"column":42},"end":{"line":25,"column":52}},"4":{"start":{"line":26,"column":38},"end":{"line":26,"column":52}},"5":{"start":{"line":28,"column":29},"end":{"line":31,"column":3}},"6":{"start":{"line":29,"column":17},"end":{"line":29,"column":34}},"7":{"start":{"line":30,"column":4},"end":{"line":30,"column":24}},"8":{"start":{"line":33,"column":26},"end":{"line":87,"column":3}},"9":{"start":{"line":34,"column":4},"end":{"line":42,"column":5}},"10":{"start":{"line":35,"column":6},"end":{"line":40,"column":8}},"11":{"start":{"line":41,"column":6},"end":{"line":41,"column":13}},"12":{"start":{"line":43,"column":4},"end":{"line":48,"column":5}},"13":{"start":{"line":44,"column":6},"end":{"line":46,"column":8}},"14":{"start":{"line":47,"column":6},"end":{"line":47,"column":13}},"15":{"start":{"line":49,"column":4},"end":{"line":57,"column":5}},"16":{"start":{"line":50,"column":6},"end":{"line":55,"column":8}},"17":{"start":{"line":56,"column":6},"end":{"line":56,"column":13}},"18":{"start":{"line":59,"column":17},"end":{"line":59,"column":31}},"19":{"start":{"line":61,"column":4},"end":{"line":61,"column":48}},"20":{"start":{"line":62,"column":4},"end":{"line":62,"column":38}},"21":{"start":{"line":63,"column":4},"end":{"line":63,"column":48}},"22":{"start":{"line":65,"column":4},"end":{"line":65,"column":57}},"23":{"start":{"line":65,"column":20},"end":{"line":65,"column":57}},"24":{"start":{"line":67,"column":4},"end":{"line":86,"column":6}},"25":{"start":{"line":69,"column":8},"end":{"line":75,"column":9}},"26":{"start":{"line":70,"column":23},"end":{"line":70,"column":65}},"27":{"start":{"line":71,"column":10},"end":{"line":71,"column":39}},"28":{"start":{"line":73,"column":30},"end":{"line":73,"column":66}},"29":{"start":{"line":74,"column":10},"end":{"line":74,"column":45}},"30":{"start":{"line":77,"column":8},"end":{"line":77,"column":28}},"31":{"start":{"line":78,"column":8},"end":{"line":83,"column":10}},"32":{"start":{"line":84,"column":8},"end":{"line":84,"column":35}},"33":{"start":{"line":89,"column":2},"end":{"line":91,"column":9}},"34":{"start":{"line":90,"column":4},"end":{"line":90,"column":31}},"35":{"start":{"line":92,"column":2},"end":{"line":94,"column":20}},"36":{"start":{"line":93,"column":4},"end":{"line":93,"column":37}},"37":{"start":{"line":96,"column":2},"end":{"line":206,"column":4}},"38":{"start":{"line":114,"column":29},"end":{"line":114,"column":48}},"39":{"start":{"line":151,"column":29},"end":{"line":151,"column":105}},"40":{"start":{"line":151,"column":63},"end":{"line":151,"column":103}},"41":{"start":{"line":161,"column":29},"end":{"line":161,"column":100}},"42":{"start":{"line":161,"column":63},"end":{"line":161,"column":98}},"43":{"start":{"line":173,"column":33},"end":{"line":173,"column":109}},"44":{"start":{"line":173,"column":67},"end":{"line":173,"column":107}},"45":{"start":{"line":186,"column":31},"end":{"line":186,"column":102}},"46":{"start":{"line":186,"column":65},"end":{"line":186,"column":100}},"47":{"start":{"line":209,"column":0},"end":{"line":212,"column":2}},"48":{"start":{"line":214,"column":24},"end":{"line":217,"column":2}}},"fnMap":{"0":{"name":"(anonymous_0)","decl":{"start":{"line":20,"column":20},"end":{"line":20,"column":21}},"loc":{"start":{"line":20,"column":57},"end":{"line":207,"column":1}},"line":20},"1":{"name":"(anonymous_1)","decl":{"start":{"line":28,"column":29},"end":{"line":28,"column":30}},"loc":{"start":{"line":28,"column":36},"end":{"line":31,"column":3}},"line":28},"2":{"name":"(anonymous_2)","decl":{"start":{"line":33,"column":26},"end":{"line":33,"column":27}},"loc":{"start":{"line":33,"column":32},"end":{"line":87,"column":3}},"line":33},"3":{"name":"(anonymous_3)","decl":{"start":{"line":68,"column":28},"end":{"line":68,"column":29}},"loc":{"start":{"line":68,"column":42},"end":{"line":85,"column":7}},"line":68},"4":{"name":"(anonymous_4)","decl":{"start":{"line":89,"column":12},"end":{"line":89,"column":13}},"loc":{"start":{"line":89,"column":18},"end":{"line":91,"column":3}},"line":89},"5":{"name":"(anonymous_5)","decl":{"start":{"line":92,"column":12},"end":{"line":92,"column":13}},"loc":{"start":{"line":92,"column":18},"end":{"line":94,"column":3}},"line":92},"6":{"name":"(anonymous_6)","decl":{"start":{"line":114,"column":23},"end":{"line":114,"column":24}},"loc":{"start":{"line":114,"column":29},"end":{"line":114,"column":48}},"line":114},"7":{"name":"(anonymous_7)","decl":{"start":{"line":151,"column":22},"end":{"line":151,"column":23}},"loc":{"start":{"line":151,"column":29},"end":{"line":151,"column":105}},"line":151},"8":{"name":"(anonymous_8)","decl":{"start":{"line":151,"column":49},"end":{"line":151,"column":50}},"loc":{"start":{"line":151,"column":63},"end":{"line":151,"column":103}},"line":151},"9":{"name":"(anonymous_9)","decl":{"start":{"line":161,"column":22},"end":{"line":161,"column":23}},"loc":{"start":{"line":161,"column":29},"end":{"line":161,"column":100}},"line":161},"10":{"name":"(anonymous_10)","decl":{"start":{"line":161,"column":49},"end":{"line":161,"column":50}},"loc":{"start":{"line":161,"column":63},"end":{"line":161,"column":98}},"line":161},"11":{"name":"(anonymous_11)","decl":{"start":{"line":173,"column":26},"end":{"line":173,"column":27}},"loc":{"start":{"line":173,"column":33},"end":{"line":173,"column":109}},"line":173},"12":{"name":"(anonymous_12)","decl":{"start":{"line":173,"column":53},"end":{"line":173,"column":54}},"loc":{"start":{"line":173,"column":67},"end":{"line":173,"column":107}},"line":173},"13":{"name":"(anonymous_13)","decl":{"start":{"line":186,"column":24},"end":{"line":186,"column":25}},"loc":{"start":{"line":186,"column":31},"end":{"line":186,"column":102}},"line":186},"14":{"name":"(anonymous_14)","decl":{"start":{"line":186,"column":51},"end":{"line":186,"column":52}},"loc":{"start":{"line":186,"column":65},"end":{"line":186,"column":100}},"line":186}},"branchMap":{"0":{"loc":{"start":{"line":34,"column":4},"end":{"line":42,"column":5}},"type":"if","locations":[{"start":{"line":34,"column":4},"end":{"line":42,"column":5}},{"start":{},"end":{}}],"line":34},"1":{"loc":{"start":{"line":34,"column":8},"end":{"line":34,"column":63}},"type":"binary-expr","locations":[{"start":{"line":34,"column":8},"end":{"line":34,"column":37}},{"start":{"line":34,"column":41},"end":{"line":34,"column":63}}],"line":34},"2":{"loc":{"start":{"line":43,"column":4},"end":{"line":48,"column":5}},"type":"if","locations":[{"start":{"line":43,"column":4},"end":{"line":48,"column":5}},{"start":{},"end":{}}],"line":43},"3":{"loc":{"start":{"line":49,"column":4},"end":{"line":57,"column":5}},"type":"if","locations":[{"start":{"line":49,"column":4},"end":{"line":57,"column":5}},{"start":{},"end":{}}],"line":49},"4":{"loc":{"start":{"line":65,"column":4},"end":{"line":65,"column":57}},"type":"if","locations":[{"start":{"line":65,"column":4},"end":{"line":65,"column":57}},{"start":{},"end":{}}],"line":65},"5":{"loc":{"start":{"line":69,"column":8},"end":{"line":75,"column":9}},"type":"if","locations":[{"start":{"line":69,"column":8},"end":{"line":75,"column":9}},{"start":{},"end":{}}],"line":69},"6":{"loc":{"start":{"line":105,"column":17},"end":{"line":105,"column":89}},"type":"cond-expr","locations":[{"start":{"line":105,"column":30},"end":{"line":105,"column":61}},{"start":{"line":105,"column":64},"end":{"line":105,"column":89}}],"line":105},"7":{"loc":{"start":{"line":108,"column":11},"end":{"line":125,"column":11}},"type":"cond-expr","locations":[{"start":{"line":109,"column":12},"end":{"line":117,"column":21}},{"start":{"line":119,"column":12},"end":{"line":124,"column":15}}],"line":108},"8":{"loc":{"start":{"line":128,"column":15},"end":{"line":130,"column":64}},"type":"cond-expr","locations":[{"start":{"line":129,"column":18},"end":{"line":129,"column":64}},{"start":{"line":130,"column":18},"end":{"line":130,"column":64}}],"line":128},"9":{"loc":{"start":{"line":163,"column":11},"end":{"line":176,"column":11}},"type":"binary-expr","locations":[{"start":{"line":163,"column":11},"end":{"line":163,"column":40}},{"start":{"line":164,"column":12},"end":{"line":175,"column":15}}],"line":163}},"s":{"0":1,"1":4,"2":4,"3":4,"4":4,"5":4,"6":0,"7":0,"8":4,"9":1,"10":0,"11":0,"12":1,"13":0,"14":0,"15":1,"16":0,"17":0,"18":1,"19":1,"20":1,"21":1,"22":1,"23":0,"24":1,"25":0,"26":0,"27":0,"28":0,"29":0,"30":0,"31":0,"32":0,"33":4,"34":2,"35":4,"36":2,"37":4,"38":0,"39":0,"40":0,"41":0,"42":0,"43":0,"44":0,"45":0,"46":0,"47":1,"48":1},"f":{"0":4,"1":0,"2":1,"3":0,"4":2,"5":2,"6":0,"7":0,"8":0,"9":0,"10":0,"11":0,"12":0,"13":0,"14":0},"b":{"0":[0,1],"1":[1,1],"2":[0,1],"3":[0,1],"4":[0,1],"5":[0,0],"6":[0,4],"7":[0,4],"8":[0,4],"9":[4,0]},"_coverageSchema":"1a1c01bbd47fc00a2c39e90264f33305004495a9","hash":"4304c4ee5977c778057856c96b1ddf299b776900"}
,"D:\\Projects\\orders-management\\client\\src\\utils\\allUtils.js": {"path":"D:\\Projects\\orders-management\\client\\src\\utils\\allUtils.js","statementMap":{"0":{"start":{"line":4,"column":22},"end":{"line":4,"column":37}},"1":{"start":{"line":6,"column":30},"end":{"line":6,"column":83}},"2":{"start":{"line":6,"column":40},"end":{"line":6,"column":83}},"3":{"start":{"line":7,"column":30},"end":{"line":7,"column":107}},"4":{"start":{"line":7,"column":40},"end":{"line":7,"column":107}},"5":{"start":{"line":8,"column":34},"end":{"line":15,"column":1}},"6":{"start":{"line":9,"column":4},"end":{"line":14,"column":5}},"7":{"start":{"line":10,"column":8},"end":{"line":10,"column":48}},"8":{"start":{"line":12,"column":8},"end":{"line":12,"column":67}},"9":{"start":{"line":13,"column":8},"end":{"line":13,"column":20}},"10":{"start":{"line":16,"column":33},"end":{"line":16,"column":112}},"11":{"start":{"line":16,"column":44},"end":{"line":16,"column":112}}},"fnMap":{"0":{"name":"(anonymous_0)","decl":{"start":{"line":6,"column":30},"end":{"line":6,"column":31}},"loc":{"start":{"line":6,"column":40},"end":{"line":6,"column":83}},"line":6},"1":{"name":"(anonymous_1)","decl":{"start":{"line":7,"column":30},"end":{"line":7,"column":31}},"loc":{"start":{"line":7,"column":40},"end":{"line":7,"column":107}},"line":7},"2":{"name":"(anonymous_2)","decl":{"start":{"line":8,"column":34},"end":{"line":8,"column":35}},"loc":{"start":{"line":8,"column":44},"end":{"line":15,"column":1}},"line":8},"3":{"name":"(anonymous_3)","decl":{"start":{"line":16,"column":33},"end":{"line":16,"column":34}},"loc":{"start":{"line":16,"column":44},"end":{"line":16,"column":112}},"line":16}},"branchMap":{"0":{"loc":{"start":{"line":7,"column":40},"end":{"line":7,"column":107}},"type":"cond-expr","locations":[{"start":{"line":7,"column":47},"end":{"line":7,"column":100}},{"start":{"line":7,"column":103},"end":{"line":7,"column":107}}],"line":7},"1":{"loc":{"start":{"line":16,"column":44},"end":{"line":16,"column":112}},"type":"cond-expr","locations":[{"start":{"line":16,"column":52},"end":{"line":16,"column":106}},{"start":{"line":16,"column":109},"end":{"line":16,"column":112}}],"line":16}},"s":{"0":15,"1":15,"2":0,"3":15,"4":2,"5":15,"6":0,"7":0,"8":0,"9":0,"10":15,"11":17},"f":{"0":0,"1":2,"2":0,"3":17},"b":{"0":[0,2],"1":[0,17]},"_coverageSchema":"1a1c01bbd47fc00a2c39e90264f33305004495a9","hash":"514db51f0b4b4c19f81ff79062d854f58b064408"}
,"D:\\Projects\\orders-management\\client\\src\\utils\\request.js": {"path":"D:\\Projects\\orders-management\\client\\src\\utils\\request.js","statementMap":{"0":{"start":{"line":5,"column":0},"end":{"line":12,"column":3}},"1":{"start":{"line":6,"column":16},"end":{"line":6,"column":32}},"2":{"start":{"line":7,"column":20},"end":{"line":7,"column":32}},"3":{"start":{"line":8,"column":2},"end":{"line":10,"column":3}},"4":{"start":{"line":9,"column":4},"end":{"line":9,"column":56}},"5":{"start":{"line":11,"column":2},"end":{"line":11,"column":19}},"6":{"start":{"line":14,"column":0},"end":{"line":17,"column":2}},"7":{"start":{"line":15,"column":16},"end":{"line":15,"column":24}},"8":{"start":{"line":16,"column":13},"end":{"line":16,"column":34}},"9":{"start":{"line":19,"column":16},"end":{"line":19,"column":43}},"10":{"start":{"line":19,"column":29},"end":{"line":19,"column":43}}},"fnMap":{"0":{"name":"(anonymous_0)","decl":{"start":{"line":5,"column":31},"end":{"line":5,"column":32}},"loc":{"start":{"line":5,"column":46},"end":{"line":12,"column":1}},"line":5},"1":{"name":"(anonymous_1)","decl":{"start":{"line":15,"column":2},"end":{"line":15,"column":3}},"loc":{"start":{"line":15,"column":16},"end":{"line":15,"column":24}},"line":15},"2":{"name":"(anonymous_2)","decl":{"start":{"line":16,"column":2},"end":{"line":16,"column":3}},"loc":{"start":{"line":16,"column":13},"end":{"line":16,"column":34}},"line":16},"3":{"name":"(anonymous_3)","decl":{"start":{"line":19,"column":16},"end":{"line":19,"column":17}},"loc":{"start":{"line":19,"column":29},"end":{"line":19,"column":43}},"line":19}},"branchMap":{"0":{"loc":{"start":{"line":8,"column":2},"end":{"line":10,"column":3}},"type":"if","locations":[{"start":{"line":8,"column":2},"end":{"line":10,"column":3}},{"start":{},"end":{}}],"line":8}},"s":{"0":15,"1":7,"2":7,"3":7,"4":0,"5":7,"6":15,"7":0,"8":0,"9":15,"10":7},"f":{"0":7,"1":0,"2":0,"3":7},"b":{"0":[0,7]},"_coverageSchema":"1a1c01bbd47fc00a2c39e90264f33305004495a9","hash":"2bc9b053b329751a8a4ac02924aceadad5ffbebf"}
}
