{"C:\\Users\\raiha\\Documents\\Phincon\\Training\\orders-management\\client\\config\\development.js": {"path":"C:\\Users\\raiha\\Documents\\Phincon\\Training\\orders-management\\client\\config\\development.js","statementMap":{},"fnMap":{},"branchMap":{},"s":{},"f":{},"b":{},"_coverageSchema":"1a1c01bbd47fc00a2c39e90264f33305004495a9","hash":"2132f48ff0330c8daac5f997cf11ebc45c8a3532"}
,"C:\\Users\\raiha\\Documents\\Phincon\\Training\\orders-management\\client\\config\\index.js": {"path":"C:\\Users\\raiha\\Documents\\Phincon\\Training\\orders-management\\client\\config\\index.js","statementMap":{"0":{"start":{"line":5,"column":16},"end":{"line":5,"column":53}},"1":{"start":{"line":7,"column":12},"end":{"line":7,"column":54}},"2":{"start":{"line":9,"column":15},"end":{"line":13,"column":1}}},"fnMap":{},"branchMap":{"0":{"loc":{"start":{"line":5,"column":16},"end":{"line":5,"column":53}},"type":"binary-expr","locations":[{"start":{"line":5,"column":16},"end":{"line":5,"column":36}},{"start":{"line":5,"column":40},"end":{"line":5,"column":53}}],"line":5}},"s":{"0":8,"1":8,"2":8},"f":{},"b":{"0":[8,0]},"_coverageSchema":"1a1c01bbd47fc00a2c39e90264f33305004495a9","hash":"8ed2ae672415f18c9501070038f7dd591c666e1f"}
,"C:\\Users\\raiha\\Documents\\Phincon\\Training\\orders-management\\client\\config\\production.js": {"path":"C:\\Users\\raiha\\Documents\\Phincon\\Training\\orders-management\\client\\config\\production.js","statementMap":{},"fnMap":{},"branchMap":{},"s":{},"f":{},"b":{},"_coverageSchema":"1a1c01bbd47fc00a2c39e90264f33305004495a9","hash":"cce37bfe697b9b9f8ce457433a033f97e0d8a4d3"}
,"C:\\Users\\raiha\\Documents\\Phincon\\Training\\orders-management\\client\\config\\test.env.js": {"path":"C:\\Users\\raiha\\Documents\\Phincon\\Training\\orders-management\\client\\config\\test.env.js","statementMap":{},"fnMap":{},"branchMap":{},"s":{},"f":{},"b":{},"_coverageSchema":"1a1c01bbd47fc00a2c39e90264f33305004495a9","hash":"dd7879bd7ecacf1a5961ff7dd647c4c98335adeb"}
,"C:\\Users\\raiha\\Documents\\Phincon\\Training\\orders-management\\client\\src\\configureStore.js": {"path":"C:\\Users\\raiha\\Documents\\Phincon\\Training\\orders-management\\client\\src\\configureStore.js","statementMap":{"0":{"start":{"line":9,"column":18},"end":{"line":9,"column":20}},"1":{"start":{"line":12,"column":23},"end":{"line":34,"column":1}},"2":{"start":{"line":13,"column":25},"end":{"line":13,"column":32}},"3":{"start":{"line":14,"column":34},"end":{"line":16,"column":3}},"4":{"start":{"line":18,"column":2},"end":{"line":20,"column":3}},"5":{"start":{"line":19,"column":4},"end":{"line":19,"column":120}},"6":{"start":{"line":19,"column":53},"end":{"line":19,"column":120}},"7":{"start":{"line":22,"column":27},"end":{"line":22,"column":72}},"8":{"start":{"line":23,"column":25},"end":{"line":23,"column":70}},"9":{"start":{"line":24,"column":22},"end":{"line":24,"column":38}},"10":{"start":{"line":25,"column":20},"end":{"line":25,"column":53}},"11":{"start":{"line":27,"column":16},"end":{"line":27,"column":91}},"12":{"start":{"line":29,"column":2},"end":{"line":29,"column":37}},"13":{"start":{"line":32,"column":2},"end":{"line":32,"column":26}},"14":{"start":{"line":33,"column":2},"end":{"line":33,"column":15}},"15":{"start":{"line":36,"column":14},"end":{"line":36,"column":39}},"16":{"start":{"line":39,"column":25},"end":{"line":39,"column":44}}},"fnMap":{"0":{"name":"(anonymous_0)","decl":{"start":{"line":12,"column":23},"end":{"line":12,"column":24}},"loc":{"start":{"line":12,"column":46},"end":{"line":34,"column":1}},"line":12}},"branchMap":{"0":{"loc":{"start":{"line":12,"column":24},"end":{"line":12,"column":41}},"type":"default-arg","locations":[{"start":{"line":12,"column":39},"end":{"line":12,"column":41}}],"line":12},"1":{"loc":{"start":{"line":18,"column":2},"end":{"line":20,"column":3}},"type":"if","locations":[{"start":{"line":18,"column":2},"end":{"line":20,"column":3}},{"start":{},"end":{}}],"line":18},"2":{"loc":{"start":{"line":18,"column":6},"end":{"line":18,"column":73}},"type":"binary-expr","locations":[{"start":{"line":18,"column":6},"end":{"line":18,"column":43}},{"start":{"line":18,"column":47},"end":{"line":18,"column":73}}],"line":18},"3":{"loc":{"start":{"line":19,"column":4},"end":{"line":19,"column":120}},"type":"if","locations":[{"start":{"line":19,"column":4},"end":{"line":19,"column":120}},{"start":{},"end":{}}],"line":19}},"s":{"0":8,"1":8,"2":8,"3":8,"4":8,"5":8,"6":0,"7":8,"8":8,"9":8,"10":8,"11":8,"12":8,"13":8,"14":8,"15":8,"16":8},"f":{"0":8},"b":{"0":[0],"1":[8,0],"2":[8,8],"3":[0,8]},"_coverageSchema":"1a1c01bbd47fc00a2c39e90264f33305004495a9","hash":"831b963f22a789e2ba14d1044e8f93bff25a7cfe"}
,"C:\\Users\\raiha\\Documents\\Phincon\\Training\\orders-management\\client\\src\\persistence.js": {"path":"C:\\Users\\raiha\\Documents\\Phincon\\Training\\orders-management\\client\\src\\persistence.js","statementMap":{"0":{"start":{"line":4,"column":28},"end":{"line":8,"column":1}},"1":{"start":{"line":10,"column":32},"end":{"line":22,"column":56}},"2":{"start":{"line":11,"column":2},"end":{"line":22,"column":56}},"3":{"start":{"line":12,"column":30},"end":{"line":21,"column":5}},"4":{"start":{"line":22,"column":27},"end":{"line":22,"column":51}}},"fnMap":{"0":{"name":"(anonymous_0)","decl":{"start":{"line":10,"column":32},"end":{"line":10,"column":33}},"loc":{"start":{"line":11,"column":2},"end":{"line":22,"column":56}},"line":11},"1":{"name":"(anonymous_1)","decl":{"start":{"line":12,"column":9},"end":{"line":12,"column":10}},"loc":{"start":{"line":12,"column":30},"end":{"line":21,"column":5}},"line":12},"2":{"name":"(anonymous_2)","decl":{"start":{"line":22,"column":12},"end":{"line":22,"column":13}},"loc":{"start":{"line":22,"column":27},"end":{"line":22,"column":51}},"line":22}},"branchMap":{},"s":{"0":8,"1":8,"2":8,"3":16,"4":16},"f":{"0":8,"1":16,"2":16},"b":{},"_coverageSchema":"1a1c01bbd47fc00a2c39e90264f33305004495a9","hash":"d2ca7c894d1a37142431acdcf43dc3550ed6fd3d"}
,"C:\\Users\\raiha\\Documents\\Phincon\\Training\\orders-management\\client\\src\\reducers.js": {"path":"C:\\Users\\raiha\\Documents\\Phincon\\Training\\orders-management\\client\\src\\reducers.js","statementMap":{"0":{"start":{"line":16,"column":23},"end":{"line":19,"column":1}},"1":{"start":{"line":21,"column":26},"end":{"line":30,"column":1}},"2":{"start":{"line":32,"column":22},"end":{"line":39,"column":1}},"3":{"start":{"line":33,"column":22},"end":{"line":36,"column":4}},"4":{"start":{"line":37,"column":22},"end":{"line":37,"column":67}},"5":{"start":{"line":37,"column":41},"end":{"line":37,"column":67}},"6":{"start":{"line":38,"column":2},"end":{"line":38,"column":21}}},"fnMap":{"0":{"name":"(anonymous_0)","decl":{"start":{"line":32,"column":22},"end":{"line":32,"column":23}},"loc":{"start":{"line":32,"column":28},"end":{"line":39,"column":1}},"line":32},"1":{"name":"(anonymous_1)","decl":{"start":{"line":37,"column":22},"end":{"line":37,"column":23}},"loc":{"start":{"line":37,"column":41},"end":{"line":37,"column":67}},"line":37}},"branchMap":{},"s":{"0":8,"1":8,"2":8,"3":8,"4":8,"5":53,"6":8},"f":{"0":8,"1":53},"b":{},"_coverageSchema":"1a1c01bbd47fc00a2c39e90264f33305004495a9","hash":"d48cdea574f5af40f69f71d024fe8a8e2e6ec804"}
,"C:\\Users\\raiha\\Documents\\Phincon\\Training\\orders-management\\client\\src\\rootSaga.js": {"path":"C:\\Users\\raiha\\Documents\\Phincon\\Training\\orders-management\\client\\src\\rootSaga.js","statementMap":{"0":{"start":{"line":13,"column":2},"end":{"line":22,"column":5}}},"fnMap":{"0":{"name":"rootSaga","decl":{"start":{"line":12,"column":25},"end":{"line":12,"column":33}},"loc":{"start":{"line":12,"column":36},"end":{"line":23,"column":1}},"line":12}},"branchMap":{},"s":{"0":8},"f":{"0":8},"b":{},"_coverageSchema":"1a1c01bbd47fc00a2c39e90264f33305004495a9","hash":"e859bf4a41c86a5446979a2087e7f1b1d8e194a2"}
,"C:\\Users\\raiha\\Documents\\Phincon\\Training\\orders-management\\client\\src\\components\\BestSellerCard\\index.jsx": {"path":"C:\\Users\\raiha\\Documents\\Phincon\\Training\\orders-management\\client\\src\\components\\BestSellerCard\\index.jsx","statementMap":{"0":{"start":{"line":7,"column":23},"end":{"line":27,"column":1}},"1":{"start":{"line":8,"column":2},"end":{"line":26,"column":9}},"2":{"start":{"line":29,"column":0},"end":{"line":31,"column":2}}},"fnMap":{"0":{"name":"(anonymous_0)","decl":{"start":{"line":7,"column":23},"end":{"line":7,"column":24}},"loc":{"start":{"line":8,"column":2},"end":{"line":26,"column":9}},"line":8}},"branchMap":{},"s":{"0":1,"1":1,"2":1},"f":{"0":1},"b":{},"_coverageSchema":"1a1c01bbd47fc00a2c39e90264f33305004495a9","hash":"3b1d42526b0bdc9060eed97154c790ea85f9cfcd"}
,"C:\\Users\\raiha\\Documents\\Phincon\\Training\\orders-management\\client\\src\\components\\Loader\\index.jsx": {"path":"C:\\Users\\raiha\\Documents\\Phincon\\Training\\orders-management\\client\\src\\components\\Loader\\index.jsx","statementMap":{"0":{"start":{"line":6,"column":15},"end":{"line":16,"column":1}},"1":{"start":{"line":7,"column":2},"end":{"line":15,"column":8}},"2":{"start":{"line":18,"column":0},"end":{"line":20,"column":2}}},"fnMap":{"0":{"name":"(anonymous_0)","decl":{"start":{"line":6,"column":15},"end":{"line":6,"column":16}},"loc":{"start":{"line":7,"column":2},"end":{"line":15,"column":8}},"line":7}},"branchMap":{"0":{"loc":{"start":{"line":11,"column":28},"end":{"line":11,"column":46}},"type":"binary-expr","locations":[{"start":{"line":11,"column":28},"end":{"line":11,"column":37}},{"start":{"line":11,"column":41},"end":{"line":11,"column":46}}],"line":11}},"s":{"0":1,"1":3,"2":1},"f":{"0":3},"b":{"0":[3,1]},"_coverageSchema":"1a1c01bbd47fc00a2c39e90264f33305004495a9","hash":"fba5e7bffb0443dd06ab6deaa48f0e0e34afd0e6"}
,"C:\\Users\\raiha\\Documents\\Phincon\\Training\\orders-management\\client\\src\\components\\Navbar\\index.jsx": {"path":"C:\\Users\\raiha\\Documents\\Phincon\\Training\\orders-management\\client\\src\\components\\Navbar\\index.jsx","statementMap":{"0":{"start":{"line":21,"column":15},"end":{"line":126,"column":1}},"1":{"start":{"line":22,"column":19},"end":{"line":22,"column":32}},"2":{"start":{"line":23,"column":19},"end":{"line":23,"column":32}},"3":{"start":{"line":25,"column":42},"end":{"line":25,"column":56}},"4":{"start":{"line":26,"column":34},"end":{"line":26,"column":48}},"5":{"start":{"line":27,"column":38},"end":{"line":27,"column":52}},"6":{"start":{"line":28,"column":38},"end":{"line":28,"column":53}},"7":{"start":{"line":30,"column":15},"end":{"line":30,"column":36}},"8":{"start":{"line":31,"column":21},"end":{"line":31,"column":38}},"9":{"start":{"line":33,"column":31},"end":{"line":39,"column":3}},"10":{"start":{"line":34,"column":4},"end":{"line":38,"column":5}},"11":{"start":{"line":35,"column":6},"end":{"line":35,"column":24}},"12":{"start":{"line":37,"column":6},"end":{"line":37,"column":35}},"13":{"start":{"line":41,"column":22},"end":{"line":43,"column":3}},"14":{"start":{"line":42,"column":4},"end":{"line":42,"column":41}},"15":{"start":{"line":45,"column":22},"end":{"line":47,"column":3}},"16":{"start":{"line":46,"column":4},"end":{"line":46,"column":26}},"17":{"start":{"line":49,"column":22},"end":{"line":51,"column":3}},"18":{"start":{"line":50,"column":4},"end":{"line":50,"column":61}},"19":{"start":{"line":53,"column":23},"end":{"line":58,"column":3}},"20":{"start":{"line":54,"column":4},"end":{"line":56,"column":5}},"21":{"start":{"line":55,"column":6},"end":{"line":55,"column":32}},"22":{"start":{"line":57,"column":4},"end":{"line":57,"column":18}},"23":{"start":{"line":60,"column":17},"end":{"line":62,"column":3}},"24":{"start":{"line":61,"column":4},"end":{"line":61,"column":18}},"25":{"start":{"line":64,"column":2},"end":{"line":70,"column":17}},"26":{"start":{"line":65,"column":4},"end":{"line":69,"column":5}},"27":{"start":{"line":66,"column":19},"end":{"line":66,"column":47}},"28":{"start":{"line":67,"column":6},"end":{"line":67,"column":40}},"29":{"start":{"line":68,"column":6},"end":{"line":68,"column":47}},"30":{"start":{"line":72,"column":2},"end":{"line":125,"column":4}},"31":{"start":{"line":88,"column":77},"end":{"line":88,"column":95}},"32":{"start":{"line":91,"column":80},"end":{"line":91,"column":101}},"33":{"start":{"line":106,"column":35},"end":{"line":106,"column":53}},"34":{"start":{"line":114,"column":35},"end":{"line":114,"column":53}},"35":{"start":{"line":128,"column":0},"end":{"line":135,"column":2}},"36":{"start":{"line":137,"column":24},"end":{"line":140,"column":2}}},"fnMap":{"0":{"name":"(anonymous_0)","decl":{"start":{"line":21,"column":15},"end":{"line":21,"column":16}},"loc":{"start":{"line":21,"column":89},"end":{"line":126,"column":1}},"line":21},"1":{"name":"(anonymous_1)","decl":{"start":{"line":33,"column":31},"end":{"line":33,"column":32}},"loc":{"start":{"line":33,"column":38},"end":{"line":39,"column":3}},"line":33},"2":{"name":"(anonymous_2)","decl":{"start":{"line":41,"column":22},"end":{"line":41,"column":23}},"loc":{"start":{"line":41,"column":33},"end":{"line":43,"column":3}},"line":41},"3":{"name":"(anonymous_3)","decl":{"start":{"line":45,"column":22},"end":{"line":45,"column":23}},"loc":{"start":{"line":45,"column":28},"end":{"line":47,"column":3}},"line":45},"4":{"name":"(anonymous_4)","decl":{"start":{"line":49,"column":22},"end":{"line":49,"column":23}},"loc":{"start":{"line":49,"column":28},"end":{"line":51,"column":3}},"line":49},"5":{"name":"(anonymous_5)","decl":{"start":{"line":53,"column":23},"end":{"line":53,"column":24}},"loc":{"start":{"line":53,"column":33},"end":{"line":58,"column":3}},"line":53},"6":{"name":"(anonymous_6)","decl":{"start":{"line":60,"column":17},"end":{"line":60,"column":18}},"loc":{"start":{"line":60,"column":23},"end":{"line":62,"column":3}},"line":60},"7":{"name":"(anonymous_7)","decl":{"start":{"line":64,"column":12},"end":{"line":64,"column":13}},"loc":{"start":{"line":64,"column":18},"end":{"line":70,"column":3}},"line":64},"8":{"name":"(anonymous_8)","decl":{"start":{"line":88,"column":71},"end":{"line":88,"column":72}},"loc":{"start":{"line":88,"column":77},"end":{"line":88,"column":95}},"line":88},"9":{"name":"(anonymous_9)","decl":{"start":{"line":91,"column":74},"end":{"line":91,"column":75}},"loc":{"start":{"line":91,"column":80},"end":{"line":91,"column":101}},"line":91},"10":{"name":"(anonymous_10)","decl":{"start":{"line":106,"column":29},"end":{"line":106,"column":30}},"loc":{"start":{"line":106,"column":35},"end":{"line":106,"column":53}},"line":106},"11":{"name":"(anonymous_11)","decl":{"start":{"line":114,"column":29},"end":{"line":114,"column":30}},"loc":{"start":{"line":114,"column":35},"end":{"line":114,"column":53}},"line":114}},"branchMap":{"0":{"loc":{"start":{"line":34,"column":4},"end":{"line":38,"column":5}},"type":"if","locations":[{"start":{"line":34,"column":4},"end":{"line":38,"column":5}},{"start":{"line":36,"column":11},"end":{"line":38,"column":5}}],"line":34},"1":{"loc":{"start":{"line":50,"column":22},"end":{"line":50,"column":58}},"type":"cond-expr","locations":[{"start":{"line":50,"column":42},"end":{"line":50,"column":48}},{"start":{"line":50,"column":51},"end":{"line":50,"column":58}}],"line":50},"2":{"loc":{"start":{"line":54,"column":4},"end":{"line":56,"column":5}},"type":"if","locations":[{"start":{"line":54,"column":4},"end":{"line":56,"column":5}},{"start":{},"end":{}}],"line":54},"3":{"loc":{"start":{"line":65,"column":4},"end":{"line":69,"column":5}},"type":"if","locations":[{"start":{"line":65,"column":4},"end":{"line":69,"column":5}},{"start":{},"end":{}}],"line":65},"4":{"loc":{"start":{"line":79,"column":11},"end":{"line":95,"column":11}},"type":"cond-expr","locations":[{"start":{"line":80,"column":12},"end":{"line":85,"column":18}},{"start":{"line":87,"column":12},"end":{"line":94,"column":18}}],"line":79},"5":{"loc":{"start":{"line":79,"column":11},"end":{"line":79,"column":45}},"type":"binary-expr","locations":[{"start":{"line":79,"column":11},"end":{"line":79,"column":24}},{"start":{"line":79,"column":28},"end":{"line":79,"column":45}}],"line":79},"6":{"loc":{"start":{"line":97,"column":13},"end":{"line":97,"column":71}},"type":"cond-expr","locations":[{"start":{"line":97,"column":33},"end":{"line":97,"column":51}},{"start":{"line":97,"column":54},"end":{"line":97,"column":71}}],"line":97},"7":{"loc":{"start":{"line":100,"column":52},"end":{"line":100,"column":91}},"type":"cond-expr","locations":[{"start":{"line":100,"column":70},"end":{"line":100,"column":79}},{"start":{"line":100,"column":82},"end":{"line":100,"column":91}}],"line":100}},"s":{"0":1,"1":3,"2":3,"3":3,"4":3,"5":3,"6":3,"7":3,"8":3,"9":3,"10":0,"11":0,"12":0,"13":3,"14":0,"15":3,"16":0,"17":3,"18":0,"19":3,"20":0,"21":0,"22":0,"23":3,"24":0,"25":3,"26":3,"27":0,"28":0,"29":0,"30":3,"31":0,"32":0,"33":0,"34":0,"35":1,"36":1},"f":{"0":3,"1":0,"2":0,"3":0,"4":0,"5":0,"6":0,"7":3,"8":0,"9":0,"10":0,"11":0},"b":{"0":[0,0],"1":[0,0],"2":[0,0],"3":[0,3],"4":[1,2],"5":[3,3],"6":[0,3],"7":[0,3]},"_coverageSchema":"1a1c01bbd47fc00a2c39e90264f33305004495a9","hash":"57cd85e630247a31dc18b7bc76e8825a55427779"}
,"C:\\Users\\raiha\\Documents\\Phincon\\Training\\orders-management\\client\\src\\components\\Navbar\\components\\DropdownMenu.jsx": {"path":"C:\\Users\\raiha\\Documents\\Phincon\\Training\\orders-management\\client\\src\\components\\Navbar\\components\\DropdownMenu.jsx","statementMap":{"0":{"start":{"line":17,"column":21},"end":{"line":77,"column":1}},"1":{"start":{"line":18,"column":19},"end":{"line":18,"column":32}},"2":{"start":{"line":19,"column":19},"end":{"line":19,"column":32}},"3":{"start":{"line":21,"column":4},"end":{"line":41,"column":5}},"4":{"start":{"line":23,"column":8},"end":{"line":23,"column":29}},"5":{"start":{"line":24,"column":8},"end":{"line":24,"column":18}},"6":{"start":{"line":25,"column":8},"end":{"line":25,"column":14}},"7":{"start":{"line":27,"column":8},"end":{"line":27,"column":31}},"8":{"start":{"line":28,"column":8},"end":{"line":28,"column":18}},"9":{"start":{"line":29,"column":8},"end":{"line":29,"column":14}},"10":{"start":{"line":31,"column":8},"end":{"line":31,"column":29}},"11":{"start":{"line":32,"column":8},"end":{"line":32,"column":18}},"12":{"start":{"line":33,"column":8},"end":{"line":33,"column":14}},"13":{"start":{"line":36,"column":8},"end":{"line":36,"column":34}},"14":{"start":{"line":37,"column":8},"end":{"line":37,"column":36}},"15":{"start":{"line":38,"column":8},"end":{"line":38,"column":33}},"16":{"start":{"line":39,"column":8},"end":{"line":39,"column":18}},"17":{"start":{"line":40,"column":8},"end":{"line":40,"column":14}},"18":{"start":{"line":44,"column":2},"end":{"line":76,"column":4}},"19":{"start":{"line":55,"column":33},"end":{"line":55,"column":50}},"20":{"start":{"line":61,"column":33},"end":{"line":61,"column":50}},"21":{"start":{"line":68,"column":33},"end":{"line":68,"column":50}},"22":{"start":{"line":79,"column":0},"end":{"line":84,"column":2}}},"fnMap":{"0":{"name":"(anonymous_0)","decl":{"start":{"line":17,"column":21},"end":{"line":17,"column":22}},"loc":{"start":{"line":17,"column":69},"end":{"line":77,"column":1}},"line":17},"1":{"name":"menuItemAction","decl":{"start":{"line":20,"column":11},"end":{"line":20,"column":25}},"loc":{"start":{"line":20,"column":30},"end":{"line":42,"column":3}},"line":20},"2":{"name":"(anonymous_2)","decl":{"start":{"line":55,"column":27},"end":{"line":55,"column":28}},"loc":{"start":{"line":55,"column":33},"end":{"line":55,"column":50}},"line":55},"3":{"name":"(anonymous_3)","decl":{"start":{"line":61,"column":27},"end":{"line":61,"column":28}},"loc":{"start":{"line":61,"column":33},"end":{"line":61,"column":50}},"line":61},"4":{"name":"(anonymous_4)","decl":{"start":{"line":68,"column":27},"end":{"line":68,"column":28}},"loc":{"start":{"line":68,"column":33},"end":{"line":68,"column":50}},"line":68}},"branchMap":{"0":{"loc":{"start":{"line":21,"column":4},"end":{"line":41,"column":5}},"type":"switch","locations":[{"start":{"line":22,"column":6},"end":{"line":25,"column":14}},{"start":{"line":26,"column":6},"end":{"line":29,"column":14}},{"start":{"line":30,"column":6},"end":{"line":33,"column":14}},{"start":{"line":34,"column":6},"end":{"line":40,"column":14}}],"line":21}},"s":{"0":1,"1":1,"2":1,"3":0,"4":0,"5":0,"6":0,"7":0,"8":0,"9":0,"10":0,"11":0,"12":0,"13":0,"14":0,"15":0,"16":0,"17":0,"18":1,"19":0,"20":0,"21":0,"22":1},"f":{"0":1,"1":0,"2":0,"3":0,"4":0},"b":{"0":[0,0,0,0]},"_coverageSchema":"1a1c01bbd47fc00a2c39e90264f33305004495a9","hash":"c537db18912b6497f21c6914736578b400970271"}
,"C:\\Users\\raiha\\Documents\\Phincon\\Training\\orders-management\\client\\src\\components\\PopupMessage\\Dialog.jsx": {"path":"C:\\Users\\raiha\\Documents\\Phincon\\Training\\orders-management\\client\\src\\components\\PopupMessage\\Dialog.jsx","statementMap":{"0":{"start":{"line":8,"column":21},"end":{"line":22,"column":1}},"1":{"start":{"line":9,"column":2},"end":{"line":21,"column":8}},"2":{"start":{"line":24,"column":0},"end":{"line":29,"column":2}}},"fnMap":{"0":{"name":"(anonymous_0)","decl":{"start":{"line":8,"column":21},"end":{"line":8,"column":22}},"loc":{"start":{"line":9,"column":2},"end":{"line":21,"column":8}},"line":9}},"branchMap":{"0":{"loc":{"start":{"line":12,"column":30},"end":{"line":12,"column":62}},"type":"binary-expr","locations":[{"start":{"line":12,"column":30},"end":{"line":12,"column":35}},{"start":{"line":12,"column":39},"end":{"line":12,"column":62}}],"line":12},"1":{"loc":{"start":{"line":15,"column":30},"end":{"line":15,"column":66}},"type":"binary-expr","locations":[{"start":{"line":15,"column":30},"end":{"line":15,"column":37}},{"start":{"line":15,"column":41},"end":{"line":15,"column":66}}],"line":15}},"s":{"0":1,"1":4,"2":1},"f":{"0":4},"b":{"0":[4,3],"1":[4,3]},"_coverageSchema":"1a1c01bbd47fc00a2c39e90264f33305004495a9","hash":"8bb5c9d711f3a9aa359451b8bf264bfea94236d5"}
,"C:\\Users\\raiha\\Documents\\Phincon\\Training\\orders-management\\client\\src\\components\\PopupWindow\\Dialog.jsx": {"path":"C:\\Users\\raiha\\Documents\\Phincon\\Training\\orders-management\\client\\src\\components\\PopupWindow\\Dialog.jsx","statementMap":{"0":{"start":{"line":9,"column":20},"end":{"line":17,"column":1}},"1":{"start":{"line":10,"column":2},"end":{"line":16,"column":4}},"2":{"start":{"line":19,"column":0},"end":{"line":23,"column":2}}},"fnMap":{"0":{"name":"(anonymous_0)","decl":{"start":{"line":9,"column":20},"end":{"line":9,"column":21}},"loc":{"start":{"line":9,"column":53},"end":{"line":17,"column":1}},"line":9}},"branchMap":{},"s":{"0":1,"1":3,"2":1},"f":{"0":3},"b":{},"_coverageSchema":"1a1c01bbd47fc00a2c39e90264f33305004495a9","hash":"6f49338cc960f30473e44c32d5bc79070eeb8eff"}
,"C:\\Users\\raiha\\Documents\\Phincon\\Training\\orders-management\\client\\src\\containers\\App\\actions.js": {"path":"C:\\Users\\raiha\\Documents\\Phincon\\Training\\orders-management\\client\\src\\containers\\App\\actions.js","statementMap":{"0":{"start":{"line":3,"column":25},"end":{"line":6,"column":2}},"1":{"start":{"line":3,"column":38},"end":{"line":6,"column":1}},"2":{"start":{"line":8,"column":24},"end":{"line":11,"column":2}},"3":{"start":{"line":8,"column":36},"end":{"line":11,"column":1}},"4":{"start":{"line":13,"column":25},"end":{"line":20,"column":2}},"5":{"start":{"line":13,"column":56},"end":{"line":20,"column":1}},"6":{"start":{"line":22,"column":25},"end":{"line":29,"column":2}},"7":{"start":{"line":22,"column":32},"end":{"line":29,"column":1}},"8":{"start":{"line":31,"column":26},"end":{"line":34,"column":2}},"9":{"start":{"line":31,"column":40},"end":{"line":34,"column":1}},"10":{"start":{"line":36,"column":32},"end":{"line":41,"column":2}},"11":{"start":{"line":36,"column":58},"end":{"line":41,"column":1}},"12":{"start":{"line":43,"column":29},"end":{"line":48,"column":2}},"13":{"start":{"line":43,"column":55},"end":{"line":48,"column":1}},"14":{"start":{"line":50,"column":34},"end":{"line":55,"column":2}},"15":{"start":{"line":50,"column":60},"end":{"line":55,"column":1}}},"fnMap":{"0":{"name":"(anonymous_0)","decl":{"start":{"line":3,"column":25},"end":{"line":3,"column":26}},"loc":{"start":{"line":3,"column":38},"end":{"line":6,"column":1}},"line":3},"1":{"name":"(anonymous_1)","decl":{"start":{"line":8,"column":24},"end":{"line":8,"column":25}},"loc":{"start":{"line":8,"column":36},"end":{"line":11,"column":1}},"line":8},"2":{"name":"(anonymous_2)","decl":{"start":{"line":13,"column":25},"end":{"line":13,"column":26}},"loc":{"start":{"line":13,"column":56},"end":{"line":20,"column":1}},"line":13},"3":{"name":"(anonymous_3)","decl":{"start":{"line":22,"column":25},"end":{"line":22,"column":26}},"loc":{"start":{"line":22,"column":32},"end":{"line":29,"column":1}},"line":22},"4":{"name":"(anonymous_4)","decl":{"start":{"line":31,"column":26},"end":{"line":31,"column":27}},"loc":{"start":{"line":31,"column":40},"end":{"line":34,"column":1}},"line":31},"5":{"name":"(anonymous_5)","decl":{"start":{"line":36,"column":32},"end":{"line":36,"column":33}},"loc":{"start":{"line":36,"column":58},"end":{"line":41,"column":1}},"line":36},"6":{"name":"(anonymous_6)","decl":{"start":{"line":43,"column":29},"end":{"line":43,"column":30}},"loc":{"start":{"line":43,"column":55},"end":{"line":48,"column":1}},"line":43},"7":{"name":"(anonymous_7)","decl":{"start":{"line":50,"column":34},"end":{"line":50,"column":35}},"loc":{"start":{"line":50,"column":60},"end":{"line":55,"column":1}},"line":50}},"branchMap":{"0":{"loc":{"start":{"line":13,"column":26},"end":{"line":13,"column":36}},"type":"default-arg","locations":[{"start":{"line":13,"column":34},"end":{"line":13,"column":36}}],"line":13},"1":{"loc":{"start":{"line":13,"column":38},"end":{"line":13,"column":50}},"type":"default-arg","locations":[{"start":{"line":13,"column":48},"end":{"line":13,"column":50}}],"line":13}},"s":{"0":8,"1":0,"2":8,"3":0,"4":8,"5":1,"6":8,"7":0,"8":8,"9":5,"10":8,"11":0,"12":8,"13":0,"14":8,"15":0},"f":{"0":0,"1":0,"2":1,"3":0,"4":5,"5":0,"6":0,"7":0},"b":{"0":[0],"1":[0]},"_coverageSchema":"1a1c01bbd47fc00a2c39e90264f33305004495a9","hash":"f399ea3d0a0c16224b57f7ebdc62ec611cfe20ac"}
,"C:\\Users\\raiha\\Documents\\Phincon\\Training\\orders-management\\client\\src\\containers\\App\\constants.js": {"path":"C:\\Users\\raiha\\Documents\\Phincon\\Training\\orders-management\\client\\src\\containers\\App\\constants.js","statementMap":{"0":{"start":{"line":1,"column":25},"end":{"line":1,"column":40}},"1":{"start":{"line":2,"column":25},"end":{"line":2,"column":40}},"2":{"start":{"line":3,"column":25},"end":{"line":3,"column":40}},"3":{"start":{"line":4,"column":27},"end":{"line":4,"column":44}},"4":{"start":{"line":6,"column":34},"end":{"line":6,"column":58}},"5":{"start":{"line":7,"column":31},"end":{"line":7,"column":52}},"6":{"start":{"line":8,"column":36},"end":{"line":8,"column":62}}},"fnMap":{},"branchMap":{},"s":{"0":8,"1":8,"2":8,"3":8,"4":8,"5":8,"6":8},"f":{},"b":{},"_coverageSchema":"1a1c01bbd47fc00a2c39e90264f33305004495a9","hash":"2841b99dd17611f8cc12c4f71f44f23e8aaf870b"}
,"C:\\Users\\raiha\\Documents\\Phincon\\Training\\orders-management\\client\\src\\containers\\App\\reducer.js": {"path":"C:\\Users\\raiha\\Documents\\Phincon\\Training\\orders-management\\client\\src\\containers\\App\\reducer.js","statementMap":{"0":{"start":{"line":5,"column":28},"end":{"line":14,"column":1}},"1":{"start":{"line":16,"column":25},"end":{"line":16,"column":44}},"2":{"start":{"line":18,"column":19},"end":{"line":34,"column":4}},"3":{"start":{"line":19,"column":2},"end":{"line":34,"column":4}},"4":{"start":{"line":20,"column":4},"end":{"line":33,"column":5}},"5":{"start":{"line":22,"column":8},"end":{"line":22,"column":37}},"6":{"start":{"line":23,"column":8},"end":{"line":23,"column":14}},"7":{"start":{"line":25,"column":8},"end":{"line":25,"column":35}},"8":{"start":{"line":26,"column":8},"end":{"line":26,"column":14}},"9":{"start":{"line":28,"column":8},"end":{"line":28,"column":35}},"10":{"start":{"line":29,"column":8},"end":{"line":29,"column":14}},"11":{"start":{"line":31,"column":8},"end":{"line":31,"column":39}},"12":{"start":{"line":32,"column":8},"end":{"line":32,"column":14}}},"fnMap":{"0":{"name":"(anonymous_0)","decl":{"start":{"line":18,"column":19},"end":{"line":18,"column":20}},"loc":{"start":{"line":19,"column":2},"end":{"line":34,"column":4}},"line":19},"1":{"name":"(anonymous_1)","decl":{"start":{"line":19,"column":17},"end":{"line":19,"column":18}},"loc":{"start":{"line":19,"column":28},"end":{"line":34,"column":3}},"line":19}},"branchMap":{"0":{"loc":{"start":{"line":18,"column":20},"end":{"line":18,"column":40}},"type":"default-arg","locations":[{"start":{"line":18,"column":28},"end":{"line":18,"column":40}}],"line":18},"1":{"loc":{"start":{"line":20,"column":4},"end":{"line":33,"column":5}},"type":"switch","locations":[{"start":{"line":21,"column":6},"end":{"line":23,"column":14}},{"start":{"line":24,"column":6},"end":{"line":26,"column":14}},{"start":{"line":27,"column":6},"end":{"line":29,"column":14}},{"start":{"line":30,"column":6},"end":{"line":32,"column":14}}],"line":20}},"s":{"0":8,"1":8,"2":8,"3":69,"4":69,"5":0,"6":0,"7":0,"8":0,"9":1,"10":1,"11":5,"12":5},"f":{"0":69,"1":69},"b":{"0":[24],"1":[0,0,1,5]},"_coverageSchema":"1a1c01bbd47fc00a2c39e90264f33305004495a9","hash":"625ca183a4724efb6e356056edac011f117686db"}
,"C:\\Users\\raiha\\Documents\\Phincon\\Training\\orders-management\\client\\src\\containers\\App\\saga.js": {"path":"C:\\Users\\raiha\\Documents\\Phincon\\Training\\orders-management\\client\\src\\containers\\App\\saga.js","statementMap":{"0":{"start":{"line":9,"column":2},"end":{"line":9,"column":30}},"1":{"start":{"line":11,"column":2},"end":{"line":21,"column":3}},"2":{"start":{"line":12,"column":4},"end":{"line":12,"column":35}},"3":{"start":{"line":14,"column":4},"end":{"line":14,"column":9}},"4":{"start":{"line":16,"column":4},"end":{"line":20,"column":5}},"5":{"start":{"line":17,"column":6},"end":{"line":17,"column":29}},"6":{"start":{"line":19,"column":6},"end":{"line":19,"column":19}},"7":{"start":{"line":23,"column":2},"end":{"line":23,"column":31}},"8":{"start":{"line":27,"column":2},"end":{"line":27,"column":30}},"9":{"start":{"line":29,"column":2},"end":{"line":46,"column":3}},"10":{"start":{"line":30,"column":20},"end":{"line":30,"column":47}},"11":{"start":{"line":32,"column":18},"end":{"line":32,"column":38}},"12":{"start":{"line":33,"column":21},"end":{"line":33,"column":44}},"13":{"start":{"line":35,"column":4},"end":{"line":35,"column":30}},"14":{"start":{"line":36,"column":4},"end":{"line":36,"column":31}},"15":{"start":{"line":37,"column":4},"end":{"line":37,"column":37}},"16":{"start":{"line":39,"column":4},"end":{"line":39,"column":9}},"17":{"start":{"line":41,"column":4},"end":{"line":45,"column":5}},"18":{"start":{"line":42,"column":6},"end":{"line":42,"column":29}},"19":{"start":{"line":44,"column":6},"end":{"line":44,"column":19}},"20":{"start":{"line":48,"column":2},"end":{"line":48,"column":31}},"21":{"start":{"line":52,"column":2},"end":{"line":52,"column":30}},"22":{"start":{"line":54,"column":2},"end":{"line":64,"column":3}},"23":{"start":{"line":55,"column":20},"end":{"line":55,"column":58}},"24":{"start":{"line":57,"column":4},"end":{"line":57,"column":35}},"25":{"start":{"line":59,"column":4},"end":{"line":63,"column":5}},"26":{"start":{"line":60,"column":6},"end":{"line":60,"column":19}},"27":{"start":{"line":62,"column":6},"end":{"line":62,"column":29}},"28":{"start":{"line":66,"column":2},"end":{"line":66,"column":31}},"29":{"start":{"line":70,"column":2},"end":{"line":70,"column":51}},"30":{"start":{"line":71,"column":2},"end":{"line":71,"column":45}},"31":{"start":{"line":72,"column":2},"end":{"line":72,"column":63}}},"fnMap":{"0":{"name":"doRegister","decl":{"start":{"line":8,"column":10},"end":{"line":8,"column":20}},"loc":{"start":{"line":8,"column":46},"end":{"line":24,"column":1}},"line":8},"1":{"name":"doLogin","decl":{"start":{"line":26,"column":10},"end":{"line":26,"column":17}},"loc":{"start":{"line":26,"column":43},"end":{"line":49,"column":1}},"line":26},"2":{"name":"doSendForgotPassword","decl":{"start":{"line":51,"column":10},"end":{"line":51,"column":30}},"loc":{"start":{"line":51,"column":56},"end":{"line":67,"column":1}},"line":51},"3":{"name":"appSaga","decl":{"start":{"line":69,"column":25},"end":{"line":69,"column":32}},"loc":{"start":{"line":69,"column":35},"end":{"line":73,"column":1}},"line":69}},"branchMap":{"0":{"loc":{"start":{"line":16,"column":4},"end":{"line":20,"column":5}},"type":"if","locations":[{"start":{"line":16,"column":4},"end":{"line":20,"column":5}},{"start":{"line":18,"column":11},"end":{"line":20,"column":5}}],"line":16},"1":{"loc":{"start":{"line":41,"column":4},"end":{"line":45,"column":5}},"type":"if","locations":[{"start":{"line":41,"column":4},"end":{"line":45,"column":5}},{"start":{"line":43,"column":11},"end":{"line":45,"column":5}}],"line":41},"2":{"loc":{"start":{"line":59,"column":4},"end":{"line":63,"column":5}},"type":"if","locations":[{"start":{"line":59,"column":4},"end":{"line":63,"column":5}},{"start":{"line":61,"column":11},"end":{"line":63,"column":5}}],"line":59}},"s":{"0":0,"1":0,"2":0,"3":0,"4":0,"5":0,"6":0,"7":0,"8":0,"9":0,"10":0,"11":0,"12":0,"13":0,"14":0,"15":0,"16":0,"17":0,"18":0,"19":0,"20":0,"21":0,"22":0,"23":0,"24":0,"25":0,"26":0,"27":0,"28":0,"29":8,"30":8,"31":8},"f":{"0":0,"1":0,"2":0,"3":8},"b":{"0":[0,0],"1":[0,0],"2":[0,0]},"_coverageSchema":"1a1c01bbd47fc00a2c39e90264f33305004495a9","hash":"dd679371ff33719abdabaaf6734bf72fcd665a52"}
,"C:\\Users\\raiha\\Documents\\Phincon\\Training\\orders-management\\client\\src\\containers\\App\\selectors.js": {"path":"C:\\Users\\raiha\\Documents\\Phincon\\Training\\orders-management\\client\\src\\containers\\App\\selectors.js","statementMap":{"0":{"start":{"line":4,"column":23},"end":{"line":4,"column":59}},"1":{"start":{"line":4,"column":34},"end":{"line":4,"column":59}},"2":{"start":{"line":6,"column":28},"end":{"line":6,"column":83}},"3":{"start":{"line":6,"column":70},"end":{"line":6,"column":82}},"4":{"start":{"line":7,"column":27},"end":{"line":7,"column":81}},"5":{"start":{"line":7,"column":69},"end":{"line":7,"column":80}},"6":{"start":{"line":8,"column":27},"end":{"line":8,"column":81}},"7":{"start":{"line":8,"column":69},"end":{"line":8,"column":80}},"8":{"start":{"line":9,"column":29},"end":{"line":9,"column":85}},"9":{"start":{"line":9,"column":71},"end":{"line":9,"column":84}}},"fnMap":{"0":{"name":"(anonymous_0)","decl":{"start":{"line":4,"column":23},"end":{"line":4,"column":24}},"loc":{"start":{"line":4,"column":34},"end":{"line":4,"column":59}},"line":4},"1":{"name":"(anonymous_1)","decl":{"start":{"line":6,"column":59},"end":{"line":6,"column":60}},"loc":{"start":{"line":6,"column":70},"end":{"line":6,"column":82}},"line":6},"2":{"name":"(anonymous_2)","decl":{"start":{"line":7,"column":58},"end":{"line":7,"column":59}},"loc":{"start":{"line":7,"column":69},"end":{"line":7,"column":80}},"line":7},"3":{"name":"(anonymous_3)","decl":{"start":{"line":8,"column":58},"end":{"line":8,"column":59}},"loc":{"start":{"line":8,"column":69},"end":{"line":8,"column":80}},"line":8},"4":{"name":"(anonymous_4)","decl":{"start":{"line":9,"column":60},"end":{"line":9,"column":61}},"loc":{"start":{"line":9,"column":71},"end":{"line":9,"column":84}},"line":9}},"branchMap":{"0":{"loc":{"start":{"line":4,"column":34},"end":{"line":4,"column":59}},"type":"binary-expr","locations":[{"start":{"line":4,"column":34},"end":{"line":4,"column":43}},{"start":{"line":4,"column":47},"end":{"line":4,"column":59}}],"line":4}},"s":{"0":8,"1":24,"2":8,"3":11,"4":8,"5":0,"6":8,"7":0,"8":8,"9":0},"f":{"0":24,"1":11,"2":0,"3":0,"4":0},"b":{"0":[24,0]},"_coverageSchema":"1a1c01bbd47fc00a2c39e90264f33305004495a9","hash":"c0495807785c3c2e6bb5f6089bad5c499e720a58"}
,"C:\\Users\\raiha\\Documents\\Phincon\\Training\\orders-management\\client\\src\\containers\\Client\\actions.js": {"path":"C:\\Users\\raiha\\Documents\\Phincon\\Training\\orders-management\\client\\src\\containers\\Client\\actions.js","statementMap":{"0":{"start":{"line":3,"column":24},"end":{"line":6,"column":2}},"1":{"start":{"line":3,"column":36},"end":{"line":6,"column":1}},"2":{"start":{"line":8,"column":24},"end":{"line":11,"column":2}},"3":{"start":{"line":8,"column":36},"end":{"line":11,"column":1}},"4":{"start":{"line":13,"column":27},"end":{"line":16,"column":2}},"5":{"start":{"line":13,"column":42},"end":{"line":16,"column":1}}},"fnMap":{"0":{"name":"(anonymous_0)","decl":{"start":{"line":3,"column":24},"end":{"line":3,"column":25}},"loc":{"start":{"line":3,"column":36},"end":{"line":6,"column":1}},"line":3},"1":{"name":"(anonymous_1)","decl":{"start":{"line":8,"column":24},"end":{"line":8,"column":25}},"loc":{"start":{"line":8,"column":36},"end":{"line":11,"column":1}},"line":8},"2":{"name":"(anonymous_2)","decl":{"start":{"line":13,"column":27},"end":{"line":13,"column":28}},"loc":{"start":{"line":13,"column":42},"end":{"line":16,"column":1}},"line":13}},"branchMap":{},"s":{"0":8,"1":0,"2":8,"3":0,"4":8,"5":0},"f":{"0":0,"1":0,"2":0},"b":{},"_coverageSchema":"1a1c01bbd47fc00a2c39e90264f33305004495a9","hash":"84be9e344c290650f0b4792ec18335af1c3ce148"}
,"C:\\Users\\raiha\\Documents\\Phincon\\Training\\orders-management\\client\\src\\containers\\Client\\constants.js": {"path":"C:\\Users\\raiha\\Documents\\Phincon\\Training\\orders-management\\client\\src\\containers\\Client\\constants.js","statementMap":{"0":{"start":{"line":1,"column":25},"end":{"line":1,"column":43}},"1":{"start":{"line":2,"column":25},"end":{"line":2,"column":43}},"2":{"start":{"line":3,"column":29},"end":{"line":3,"column":51}}},"fnMap":{},"branchMap":{},"s":{"0":8,"1":8,"2":8},"f":{},"b":{},"_coverageSchema":"1a1c01bbd47fc00a2c39e90264f33305004495a9","hash":"e7c1387dc77584842b50193b5cc7d6c51871dbad"}
,"C:\\Users\\raiha\\Documents\\Phincon\\Training\\orders-management\\client\\src\\containers\\Client\\reducer.js": {"path":"C:\\Users\\raiha\\Documents\\Phincon\\Training\\orders-management\\client\\src\\containers\\Client\\reducer.js","statementMap":{"0":{"start":{"line":5,"column":28},"end":{"line":9,"column":1}},"1":{"start":{"line":11,"column":25},"end":{"line":11,"column":55}},"2":{"start":{"line":13,"column":22},"end":{"line":26,"column":4}},"3":{"start":{"line":14,"column":2},"end":{"line":26,"column":4}},"4":{"start":{"line":15,"column":4},"end":{"line":25,"column":5}},"5":{"start":{"line":17,"column":8},"end":{"line":17,"column":35}},"6":{"start":{"line":18,"column":8},"end":{"line":18,"column":14}},"7":{"start":{"line":20,"column":8},"end":{"line":20,"column":35}},"8":{"start":{"line":21,"column":8},"end":{"line":21,"column":14}},"9":{"start":{"line":23,"column":8},"end":{"line":23,"column":41}},"10":{"start":{"line":24,"column":8},"end":{"line":24,"column":14}}},"fnMap":{"0":{"name":"(anonymous_0)","decl":{"start":{"line":13,"column":22},"end":{"line":13,"column":23}},"loc":{"start":{"line":14,"column":2},"end":{"line":26,"column":4}},"line":14},"1":{"name":"(anonymous_1)","decl":{"start":{"line":14,"column":17},"end":{"line":14,"column":18}},"loc":{"start":{"line":14,"column":28},"end":{"line":26,"column":3}},"line":14}},"branchMap":{"0":{"loc":{"start":{"line":13,"column":23},"end":{"line":13,"column":43}},"type":"default-arg","locations":[{"start":{"line":13,"column":31},"end":{"line":13,"column":43}}],"line":13},"1":{"loc":{"start":{"line":15,"column":4},"end":{"line":25,"column":5}},"type":"switch","locations":[{"start":{"line":16,"column":6},"end":{"line":18,"column":14}},{"start":{"line":19,"column":6},"end":{"line":21,"column":14}},{"start":{"line":22,"column":6},"end":{"line":24,"column":14}}],"line":15}},"s":{"0":8,"1":8,"2":8,"3":69,"4":69,"5":0,"6":0,"7":0,"8":0,"9":0,"10":0},"f":{"0":69,"1":69},"b":{"0":[24],"1":[0,0,0]},"_coverageSchema":"1a1c01bbd47fc00a2c39e90264f33305004495a9","hash":"e289acc6cbb621b33093ba98bcaeb55e8dc01084"}
,"C:\\Users\\raiha\\Documents\\Phincon\\Training\\orders-management\\client\\src\\containers\\Client\\selectors.js": {"path":"C:\\Users\\raiha\\Documents\\Phincon\\Training\\orders-management\\client\\src\\containers\\Client\\selectors.js","statementMap":{"0":{"start":{"line":4,"column":26},"end":{"line":4,"column":65}},"1":{"start":{"line":4,"column":37},"end":{"line":4,"column":65}},"2":{"start":{"line":6,"column":27},"end":{"line":6,"column":84}},"3":{"start":{"line":6,"column":72},"end":{"line":6,"column":83}},"4":{"start":{"line":7,"column":27},"end":{"line":7,"column":84}},"5":{"start":{"line":7,"column":72},"end":{"line":7,"column":83}},"6":{"start":{"line":8,"column":30},"end":{"line":8,"column":90}},"7":{"start":{"line":8,"column":75},"end":{"line":8,"column":89}}},"fnMap":{"0":{"name":"(anonymous_0)","decl":{"start":{"line":4,"column":26},"end":{"line":4,"column":27}},"loc":{"start":{"line":4,"column":37},"end":{"line":4,"column":65}},"line":4},"1":{"name":"(anonymous_1)","decl":{"start":{"line":6,"column":61},"end":{"line":6,"column":62}},"loc":{"start":{"line":6,"column":72},"end":{"line":6,"column":83}},"line":6},"2":{"name":"(anonymous_2)","decl":{"start":{"line":7,"column":61},"end":{"line":7,"column":62}},"loc":{"start":{"line":7,"column":72},"end":{"line":7,"column":83}},"line":7},"3":{"name":"(anonymous_3)","decl":{"start":{"line":8,"column":64},"end":{"line":8,"column":65}},"loc":{"start":{"line":8,"column":75},"end":{"line":8,"column":89}},"line":8}},"branchMap":{"0":{"loc":{"start":{"line":4,"column":37},"end":{"line":4,"column":65}},"type":"binary-expr","locations":[{"start":{"line":4,"column":37},"end":{"line":4,"column":49}},{"start":{"line":4,"column":53},"end":{"line":4,"column":65}}],"line":4}},"s":{"0":4,"1":17,"2":4,"3":2,"4":4,"5":0,"6":4,"7":3},"f":{"0":17,"1":2,"2":0,"3":3},"b":{"0":[17,0]},"_coverageSchema":"1a1c01bbd47fc00a2c39e90264f33305004495a9","hash":"571f94424c25591987b68b41a8116f6149741ab1"}
,"C:\\Users\\raiha\\Documents\\Phincon\\Training\\orders-management\\client\\src\\containers\\Language\\constants.js": {"path":"C:\\Users\\raiha\\Documents\\Phincon\\Training\\orders-management\\client\\src\\containers\\Language\\constants.js","statementMap":{"0":{"start":{"line":1,"column":28},"end":{"line":1,"column":51}},"1":{"start":{"line":2,"column":30},"end":{"line":2,"column":34}}},"fnMap":{},"branchMap":{},"s":{"0":8,"1":8},"f":{},"b":{},"_coverageSchema":"1a1c01bbd47fc00a2c39e90264f33305004495a9","hash":"ca49dcdd636bfda801e292a13adb65c1eca84df3"}
,"C:\\Users\\raiha\\Documents\\Phincon\\Training\\orders-management\\client\\src\\containers\\Language\\index.jsx": {"path":"C:\\Users\\raiha\\Documents\\Phincon\\Training\\orders-management\\client\\src\\containers\\Language\\index.jsx","statementMap":{"0":{"start":{"line":9,"column":17},"end":{"line":13,"column":1}},"1":{"start":{"line":10,"column":2},"end":{"line":12,"column":17}},"2":{"start":{"line":15,"column":0},"end":{"line":19,"column":2}},"3":{"start":{"line":21,"column":24},"end":{"line":24,"column":2}}},"fnMap":{"0":{"name":"(anonymous_0)","decl":{"start":{"line":9,"column":17},"end":{"line":9,"column":18}},"loc":{"start":{"line":10,"column":2},"end":{"line":12,"column":17}},"line":10}},"branchMap":{},"s":{"0":8,"1":20,"2":8,"3":8},"f":{"0":20},"b":{},"_coverageSchema":"1a1c01bbd47fc00a2c39e90264f33305004495a9","hash":"5b2676470c909221ff17c9d0c3fd38aefa4e8a8c"}
,"C:\\Users\\raiha\\Documents\\Phincon\\Training\\orders-management\\client\\src\\containers\\Language\\reducer.js": {"path":"C:\\Users\\raiha\\Documents\\Phincon\\Training\\orders-management\\client\\src\\containers\\Language\\reducer.js","statementMap":{"0":{"start":{"line":8,"column":28},"end":{"line":13,"column":1}},"1":{"start":{"line":15,"column":24},"end":{"line":22,"column":4}},"2":{"start":{"line":16,"column":2},"end":{"line":22,"column":4}},"3":{"start":{"line":17,"column":4},"end":{"line":21,"column":5}},"4":{"start":{"line":19,"column":8},"end":{"line":19,"column":41}},"5":{"start":{"line":20,"column":8},"end":{"line":20,"column":14}}},"fnMap":{"0":{"name":"(anonymous_0)","decl":{"start":{"line":15,"column":24},"end":{"line":15,"column":25}},"loc":{"start":{"line":16,"column":2},"end":{"line":22,"column":4}},"line":16},"1":{"name":"(anonymous_1)","decl":{"start":{"line":16,"column":17},"end":{"line":16,"column":18}},"loc":{"start":{"line":16,"column":28},"end":{"line":22,"column":3}},"line":16}},"branchMap":{"0":{"loc":{"start":{"line":15,"column":25},"end":{"line":15,"column":45}},"type":"default-arg","locations":[{"start":{"line":15,"column":33},"end":{"line":15,"column":45}}],"line":15},"1":{"loc":{"start":{"line":17,"column":4},"end":{"line":21,"column":5}},"type":"switch","locations":[{"start":{"line":18,"column":6},"end":{"line":20,"column":14}}],"line":17}},"s":{"0":8,"1":8,"2":69,"3":69,"4":0,"5":0},"f":{"0":69,"1":69},"b":{"0":[24],"1":[0]},"_coverageSchema":"1a1c01bbd47fc00a2c39e90264f33305004495a9","hash":"0e6ff341928bcf6e11313d66e46351783be7616f"}
,"C:\\Users\\raiha\\Documents\\Phincon\\Training\\orders-management\\client\\src\\containers\\Language\\selectors.js": {"path":"C:\\Users\\raiha\\Documents\\Phincon\\Training\\orders-management\\client\\src\\containers\\Language\\selectors.js","statementMap":{"0":{"start":{"line":5,"column":23},"end":{"line":5,"column":64}},"1":{"start":{"line":5,"column":34},"end":{"line":5,"column":64}},"2":{"start":{"line":7,"column":30},"end":{"line":7,"column":87}},"3":{"start":{"line":7,"column":72},"end":{"line":7,"column":86}}},"fnMap":{"0":{"name":"(anonymous_0)","decl":{"start":{"line":5,"column":23},"end":{"line":5,"column":24}},"loc":{"start":{"line":5,"column":34},"end":{"line":5,"column":64}},"line":5},"1":{"name":"(anonymous_1)","decl":{"start":{"line":7,"column":61},"end":{"line":7,"column":62}},"loc":{"start":{"line":7,"column":72},"end":{"line":7,"column":86}},"line":7}},"branchMap":{"0":{"loc":{"start":{"line":5,"column":34},"end":{"line":5,"column":64}},"type":"binary-expr","locations":[{"start":{"line":5,"column":34},"end":{"line":5,"column":48}},{"start":{"line":5,"column":52},"end":{"line":5,"column":64}}],"line":5}},"s":{"0":8,"1":24,"2":8,"3":8},"f":{"0":24,"1":8},"b":{"0":[24,0]},"_coverageSchema":"1a1c01bbd47fc00a2c39e90264f33305004495a9","hash":"5496e835dc37a8bd30e50abc3858fdff4fa31695"}
,"C:\\Users\\raiha\\Documents\\Phincon\\Training\\orders-management\\client\\src\\domain\\api.js": {"path":"C:\\Users\\raiha\\Documents\\Phincon\\Training\\orders-management\\client\\src\\domain\\api.js","statementMap":{"0":{"start":{"line":6,"column":13},"end":{"line":16,"column":1}},"1":{"start":{"line":18,"column":23},"end":{"line":36,"column":1}},"2":{"start":{"line":19,"column":24},"end":{"line":21,"column":3}},"3":{"start":{"line":23,"column":18},"end":{"line":23,"column":46}},"4":{"start":{"line":24,"column":18},"end":{"line":30,"column":3}},"5":{"start":{"line":32,"column":2},"end":{"line":35,"column":5}},"6":{"start":{"line":33,"column":24},"end":{"line":33,"column":37}},"7":{"start":{"line":34,"column":4},"end":{"line":34,"column":23}},"8":{"start":{"line":38,"column":20},"end":{"line":38,"column":51}},"9":{"start":{"line":38,"column":26},"end":{"line":38,"column":51}},"10":{"start":{"line":41,"column":21},"end":{"line":41,"column":80}},"11":{"start":{"line":41,"column":35},"end":{"line":41,"column":80}},"12":{"start":{"line":42,"column":24},"end":{"line":42,"column":86}},"13":{"start":{"line":42,"column":38},"end":{"line":42,"column":86}},"14":{"start":{"line":45,"column":30},"end":{"line":45,"column":86}},"15":{"start":{"line":45,"column":44},"end":{"line":45,"column":86}},"16":{"start":{"line":46,"column":35},"end":{"line":46,"column":103}},"17":{"start":{"line":46,"column":49},"end":{"line":46,"column":103}},"18":{"start":{"line":47,"column":32},"end":{"line":47,"column":105}},"19":{"start":{"line":47,"column":46},"end":{"line":47,"column":105}},"20":{"start":{"line":48,"column":37},"end":{"line":48,"column":117}},"21":{"start":{"line":48,"column":51},"end":{"line":48,"column":117}},"22":{"start":{"line":49,"column":29},"end":{"line":49,"column":80}},"23":{"start":{"line":49,"column":35},"end":{"line":49,"column":80}},"24":{"start":{"line":50,"column":32},"end":{"line":57,"column":3}},"25":{"start":{"line":51,"column":2},"end":{"line":57,"column":3}},"26":{"start":{"line":58,"column":32},"end":{"line":65,"column":3}},"27":{"start":{"line":59,"column":2},"end":{"line":65,"column":3}},"28":{"start":{"line":66,"column":32},"end":{"line":66,"column":107}},"29":{"start":{"line":66,"column":46},"end":{"line":66,"column":107}},"30":{"start":{"line":69,"column":29},"end":{"line":69,"column":63}},"31":{"start":{"line":69,"column":35},"end":{"line":69,"column":63}},"32":{"start":{"line":70,"column":40},"end":{"line":70,"column":112}},"33":{"start":{"line":70,"column":54},"end":{"line":70,"column":112}},"34":{"start":{"line":71,"column":31},"end":{"line":71,"column":104}},"35":{"start":{"line":71,"column":45},"end":{"line":71,"column":104}},"36":{"start":{"line":72,"column":28},"end":{"line":72,"column":103}},"37":{"start":{"line":72,"column":42},"end":{"line":72,"column":103}},"38":{"start":{"line":75,"column":34},"end":{"line":75,"column":69}},"39":{"start":{"line":75,"column":40},"end":{"line":75,"column":69}},"40":{"start":{"line":76,"column":36},"end":{"line":76,"column":105}},"41":{"start":{"line":76,"column":50},"end":{"line":76,"column":105}},"42":{"start":{"line":77,"column":42},"end":{"line":77,"column":91}},"43":{"start":{"line":77,"column":48},"end":{"line":77,"column":91}},"44":{"start":{"line":78,"column":44},"end":{"line":79,"column":66}},"45":{"start":{"line":79,"column":2},"end":{"line":79,"column":66}},"46":{"start":{"line":80,"column":33},"end":{"line":80,"column":107}},"47":{"start":{"line":80,"column":47},"end":{"line":80,"column":107}},"48":{"start":{"line":81,"column":39},"end":{"line":82,"column":70}},"49":{"start":{"line":82,"column":2},"end":{"line":82,"column":70}},"50":{"start":{"line":85,"column":34},"end":{"line":85,"column":68}},"51":{"start":{"line":85,"column":40},"end":{"line":85,"column":68}},"52":{"start":{"line":86,"column":34},"end":{"line":93,"column":3}},"53":{"start":{"line":87,"column":2},"end":{"line":93,"column":3}},"54":{"start":{"line":94,"column":33},"end":{"line":94,"column":107}},"55":{"start":{"line":94,"column":47},"end":{"line":94,"column":107}},"56":{"start":{"line":95,"column":32},"end":{"line":95,"column":104}},"57":{"start":{"line":95,"column":46},"end":{"line":95,"column":104}}},"fnMap":{"0":{"name":"(anonymous_0)","decl":{"start":{"line":18,"column":23},"end":{"line":18,"column":24}},"loc":{"start":{"line":18,"column":88},"end":{"line":36,"column":1}},"line":18},"1":{"name":"(anonymous_1)","decl":{"start":{"line":32,"column":31},"end":{"line":32,"column":32}},"loc":{"start":{"line":32,"column":45},"end":{"line":35,"column":3}},"line":32},"2":{"name":"(anonymous_2)","decl":{"start":{"line":38,"column":20},"end":{"line":38,"column":21}},"loc":{"start":{"line":38,"column":26},"end":{"line":38,"column":51}},"line":38},"3":{"name":"(anonymous_3)","decl":{"start":{"line":41,"column":21},"end":{"line":41,"column":22}},"loc":{"start":{"line":41,"column":35},"end":{"line":41,"column":80}},"line":41},"4":{"name":"(anonymous_4)","decl":{"start":{"line":42,"column":24},"end":{"line":42,"column":25}},"loc":{"start":{"line":42,"column":38},"end":{"line":42,"column":86}},"line":42},"5":{"name":"(anonymous_5)","decl":{"start":{"line":45,"column":30},"end":{"line":45,"column":31}},"loc":{"start":{"line":45,"column":44},"end":{"line":45,"column":86}},"line":45},"6":{"name":"(anonymous_6)","decl":{"start":{"line":46,"column":35},"end":{"line":46,"column":36}},"loc":{"start":{"line":46,"column":49},"end":{"line":46,"column":103}},"line":46},"7":{"name":"(anonymous_7)","decl":{"start":{"line":47,"column":32},"end":{"line":47,"column":33}},"loc":{"start":{"line":47,"column":46},"end":{"line":47,"column":105}},"line":47},"8":{"name":"(anonymous_8)","decl":{"start":{"line":48,"column":37},"end":{"line":48,"column":38}},"loc":{"start":{"line":48,"column":51},"end":{"line":48,"column":117}},"line":48},"9":{"name":"(anonymous_9)","decl":{"start":{"line":49,"column":29},"end":{"line":49,"column":30}},"loc":{"start":{"line":49,"column":35},"end":{"line":49,"column":80}},"line":49},"10":{"name":"(anonymous_10)","decl":{"start":{"line":50,"column":32},"end":{"line":50,"column":33}},"loc":{"start":{"line":51,"column":2},"end":{"line":57,"column":3}},"line":51},"11":{"name":"(anonymous_11)","decl":{"start":{"line":58,"column":32},"end":{"line":58,"column":33}},"loc":{"start":{"line":59,"column":2},"end":{"line":65,"column":3}},"line":59},"12":{"name":"(anonymous_12)","decl":{"start":{"line":66,"column":32},"end":{"line":66,"column":33}},"loc":{"start":{"line":66,"column":46},"end":{"line":66,"column":107}},"line":66},"13":{"name":"(anonymous_13)","decl":{"start":{"line":69,"column":29},"end":{"line":69,"column":30}},"loc":{"start":{"line":69,"column":35},"end":{"line":69,"column":63}},"line":69},"14":{"name":"(anonymous_14)","decl":{"start":{"line":70,"column":40},"end":{"line":70,"column":41}},"loc":{"start":{"line":70,"column":54},"end":{"line":70,"column":112}},"line":70},"15":{"name":"(anonymous_15)","decl":{"start":{"line":71,"column":31},"end":{"line":71,"column":32}},"loc":{"start":{"line":71,"column":45},"end":{"line":71,"column":104}},"line":71},"16":{"name":"(anonymous_16)","decl":{"start":{"line":72,"column":28},"end":{"line":72,"column":29}},"loc":{"start":{"line":72,"column":42},"end":{"line":72,"column":103}},"line":72},"17":{"name":"(anonymous_17)","decl":{"start":{"line":75,"column":34},"end":{"line":75,"column":35}},"loc":{"start":{"line":75,"column":40},"end":{"line":75,"column":69}},"line":75},"18":{"name":"(anonymous_18)","decl":{"start":{"line":76,"column":36},"end":{"line":76,"column":37}},"loc":{"start":{"line":76,"column":50},"end":{"line":76,"column":105}},"line":76},"19":{"name":"(anonymous_19)","decl":{"start":{"line":77,"column":42},"end":{"line":77,"column":43}},"loc":{"start":{"line":77,"column":48},"end":{"line":77,"column":91}},"line":77},"20":{"name":"(anonymous_20)","decl":{"start":{"line":78,"column":44},"end":{"line":78,"column":45}},"loc":{"start":{"line":79,"column":2},"end":{"line":79,"column":66}},"line":79},"21":{"name":"(anonymous_21)","decl":{"start":{"line":80,"column":33},"end":{"line":80,"column":34}},"loc":{"start":{"line":80,"column":47},"end":{"line":80,"column":107}},"line":80},"22":{"name":"(anonymous_22)","decl":{"start":{"line":81,"column":39},"end":{"line":81,"column":40}},"loc":{"start":{"line":82,"column":2},"end":{"line":82,"column":70}},"line":82},"23":{"name":"(anonymous_23)","decl":{"start":{"line":85,"column":34},"end":{"line":85,"column":35}},"loc":{"start":{"line":85,"column":40},"end":{"line":85,"column":68}},"line":85},"24":{"name":"(anonymous_24)","decl":{"start":{"line":86,"column":34},"end":{"line":86,"column":35}},"loc":{"start":{"line":87,"column":2},"end":{"line":93,"column":3}},"line":87},"25":{"name":"(anonymous_25)","decl":{"start":{"line":94,"column":33},"end":{"line":94,"column":34}},"loc":{"start":{"line":94,"column":47},"end":{"line":94,"column":107}},"line":94},"26":{"name":"(anonymous_26)","decl":{"start":{"line":95,"column":32},"end":{"line":95,"column":33}},"loc":{"start":{"line":95,"column":46},"end":{"line":95,"column":104}},"line":95}},"branchMap":{"0":{"loc":{"start":{"line":18,"column":48},"end":{"line":18,"column":59}},"type":"default-arg","locations":[{"start":{"line":18,"column":57},"end":{"line":18,"column":59}}],"line":18},"1":{"loc":{"start":{"line":18,"column":61},"end":{"line":18,"column":72}},"type":"default-arg","locations":[{"start":{"line":18,"column":70},"end":{"line":18,"column":72}}],"line":18},"2":{"loc":{"start":{"line":18,"column":74},"end":{"line":18,"column":83}},"type":"default-arg","locations":[{"start":{"line":18,"column":81},"end":{"line":18,"column":83}}],"line":18}},"s":{"0":8,"1":8,"2":5,"3":5,"4":5,"5":5,"6":0,"7":0,"8":8,"9":0,"10":8,"11":0,"12":8,"13":0,"14":8,"15":0,"16":8,"17":0,"18":8,"19":0,"20":8,"21":0,"22":8,"23":0,"24":8,"25":0,"26":8,"27":0,"28":8,"29":0,"30":8,"31":0,"32":8,"33":0,"34":8,"35":0,"36":8,"37":0,"38":8,"39":2,"40":8,"41":0,"42":8,"43":0,"44":8,"45":0,"46":8,"47":0,"48":8,"49":0,"50":8,"51":2,"52":8,"53":1,"54":8,"55":0,"56":8,"57":0},"f":{"0":5,"1":0,"2":0,"3":0,"4":0,"5":0,"6":0,"7":0,"8":0,"9":0,"10":0,"11":0,"12":0,"13":0,"14":0,"15":0,"16":0,"17":2,"18":0,"19":0,"20":0,"21":0,"22":0,"23":2,"24":1,"25":0,"26":0},"b":{"0":[4],"1":[4],"2":[4]},"_coverageSchema":"1a1c01bbd47fc00a2c39e90264f33305004495a9","hash":"a7f099c3efd90fb0bc3594aeff5f4ba43c13aa40"}
,"C:\\Users\\raiha\\Documents\\Phincon\\Training\\orders-management\\client\\src\\languages\\en.js": {"path":"C:\\Users\\raiha\\Documents\\Phincon\\Training\\orders-management\\client\\src\\languages\\en.js","statementMap":{},"fnMap":{},"branchMap":{},"s":{},"f":{},"b":{},"_coverageSchema":"1a1c01bbd47fc00a2c39e90264f33305004495a9","hash":"c51bb577428b08b3fd047b71ccfad531a29adfd4"}
,"C:\\Users\\raiha\\Documents\\Phincon\\Training\\orders-management\\client\\src\\languages\\id.js": {"path":"C:\\Users\\raiha\\Documents\\Phincon\\Training\\orders-management\\client\\src\\languages\\id.js","statementMap":{},"fnMap":{},"branchMap":{},"s":{},"f":{},"b":{},"_coverageSchema":"1a1c01bbd47fc00a2c39e90264f33305004495a9","hash":"f2bf80e3e225c44150d40327f8133d16fd8125cb"}
,"C:\\Users\\raiha\\Documents\\Phincon\\Training\\orders-management\\client\\src\\pages\\ChangePassword\\index.jsx": {"path":"C:\\Users\\raiha\\Documents\\Phincon\\Training\\orders-management\\client\\src\\pages\\ChangePassword\\index.jsx","statementMap":{"0":{"start":{"line":13,"column":23},"end":{"line":116,"column":1}},"1":{"start":{"line":14,"column":15},"end":{"line":14,"column":24}},"2":{"start":{"line":15,"column":19},"end":{"line":15,"column":32}},"3":{"start":{"line":16,"column":42},"end":{"line":16,"column":97}},"4":{"start":{"line":18,"column":30},"end":{"line":68,"column":3}},"5":{"start":{"line":19,"column":4},"end":{"line":24,"column":5}},"6":{"start":{"line":20,"column":6},"end":{"line":22,"column":8}},"7":{"start":{"line":23,"column":6},"end":{"line":23,"column":13}},"8":{"start":{"line":25,"column":4},"end":{"line":33,"column":5}},"9":{"start":{"line":26,"column":6},"end":{"line":31,"column":8}},"10":{"start":{"line":32,"column":6},"end":{"line":32,"column":13}},"11":{"start":{"line":34,"column":4},"end":{"line":39,"column":5}},"12":{"start":{"line":35,"column":6},"end":{"line":37,"column":8}},"13":{"start":{"line":38,"column":6},"end":{"line":38,"column":13}},"14":{"start":{"line":41,"column":26},"end":{"line":44,"column":5}},"15":{"start":{"line":46,"column":4},"end":{"line":67,"column":6}},"16":{"start":{"line":50,"column":10},"end":{"line":50,"column":73}},"17":{"start":{"line":51,"column":10},"end":{"line":56,"column":12}},"18":{"start":{"line":59,"column":10},"end":{"line":64,"column":12}},"19":{"start":{"line":69,"column":2},"end":{"line":115,"column":4}},"20":{"start":{"line":87,"column":25},"end":{"line":87,"column":96}},"21":{"start":{"line":87,"column":55},"end":{"line":87,"column":94}},"22":{"start":{"line":97,"column":25},"end":{"line":97,"column":96}},"23":{"start":{"line":97,"column":55},"end":{"line":97,"column":94}},"24":{"start":{"line":107,"column":25},"end":{"line":107,"column":100}},"25":{"start":{"line":107,"column":55},"end":{"line":107,"column":98}}},"fnMap":{"0":{"name":"(anonymous_0)","decl":{"start":{"line":13,"column":23},"end":{"line":13,"column":24}},"loc":{"start":{"line":13,"column":29},"end":{"line":116,"column":1}},"line":13},"1":{"name":"(anonymous_1)","decl":{"start":{"line":18,"column":30},"end":{"line":18,"column":31}},"loc":{"start":{"line":18,"column":36},"end":{"line":68,"column":3}},"line":18},"2":{"name":"(anonymous_2)","decl":{"start":{"line":49,"column":8},"end":{"line":49,"column":9}},"loc":{"start":{"line":49,"column":14},"end":{"line":57,"column":9}},"line":49},"3":{"name":"(anonymous_3)","decl":{"start":{"line":58,"column":8},"end":{"line":58,"column":9}},"loc":{"start":{"line":58,"column":14},"end":{"line":65,"column":9}},"line":58},"4":{"name":"(anonymous_4)","decl":{"start":{"line":87,"column":18},"end":{"line":87,"column":19}},"loc":{"start":{"line":87,"column":25},"end":{"line":87,"column":96}},"line":87},"5":{"name":"(anonymous_5)","decl":{"start":{"line":87,"column":41},"end":{"line":87,"column":42}},"loc":{"start":{"line":87,"column":55},"end":{"line":87,"column":94}},"line":87},"6":{"name":"(anonymous_6)","decl":{"start":{"line":97,"column":18},"end":{"line":97,"column":19}},"loc":{"start":{"line":97,"column":25},"end":{"line":97,"column":96}},"line":97},"7":{"name":"(anonymous_7)","decl":{"start":{"line":97,"column":41},"end":{"line":97,"column":42}},"loc":{"start":{"line":97,"column":55},"end":{"line":97,"column":94}},"line":97},"8":{"name":"(anonymous_8)","decl":{"start":{"line":107,"column":18},"end":{"line":107,"column":19}},"loc":{"start":{"line":107,"column":25},"end":{"line":107,"column":100}},"line":107},"9":{"name":"(anonymous_9)","decl":{"start":{"line":107,"column":41},"end":{"line":107,"column":42}},"loc":{"start":{"line":107,"column":55},"end":{"line":107,"column":98}},"line":107}},"branchMap":{"0":{"loc":{"start":{"line":19,"column":4},"end":{"line":24,"column":5}},"type":"if","locations":[{"start":{"line":19,"column":4},"end":{"line":24,"column":5}},{"start":{},"end":{}}],"line":19},"1":{"loc":{"start":{"line":19,"column":8},"end":{"line":19,"column":104}},"type":"binary-expr","locations":[{"start":{"line":19,"column":8},"end":{"line":19,"column":36}},{"start":{"line":19,"column":40},"end":{"line":19,"column":68}},{"start":{"line":19,"column":72},"end":{"line":19,"column":104}}],"line":19},"2":{"loc":{"start":{"line":25,"column":4},"end":{"line":33,"column":5}},"type":"if","locations":[{"start":{"line":25,"column":4},"end":{"line":33,"column":5}},{"start":{},"end":{}}],"line":25},"3":{"loc":{"start":{"line":25,"column":8},"end":{"line":25,"column":79}},"type":"binary-expr","locations":[{"start":{"line":25,"column":8},"end":{"line":25,"column":41}},{"start":{"line":25,"column":45},"end":{"line":25,"column":79}}],"line":25},"4":{"loc":{"start":{"line":34,"column":4},"end":{"line":39,"column":5}},"type":"if","locations":[{"start":{"line":34,"column":4},"end":{"line":39,"column":5}},{"start":{},"end":{}}],"line":34}},"s":{"0":1,"1":2,"2":2,"3":2,"4":2,"5":0,"6":0,"7":0,"8":0,"9":0,"10":0,"11":0,"12":0,"13":0,"14":0,"15":0,"16":0,"17":0,"18":0,"19":2,"20":0,"21":0,"22":0,"23":0,"24":0,"25":0},"f":{"0":2,"1":0,"2":0,"3":0,"4":0,"5":0,"6":0,"7":0,"8":0,"9":0},"b":{"0":[0,0],"1":[0,0,0],"2":[0,0],"3":[0,0],"4":[0,0]},"_coverageSchema":"1a1c01bbd47fc00a2c39e90264f33305004495a9","hash":"84c47ae2deca1785001ec0aafe8c339530b27d4f"}
,"C:\\Users\\raiha\\Documents\\Phincon\\Training\\orders-management\\client\\src\\pages\\Coupons\\actions.js": {"path":"C:\\Users\\raiha\\Documents\\Phincon\\Training\\orders-management\\client\\src\\pages\\Coupons\\actions.js","statementMap":{"0":{"start":{"line":3,"column":30},"end":{"line":5,"column":2}},"1":{"start":{"line":3,"column":37},"end":{"line":5,"column":1}},"2":{"start":{"line":7,"column":30},"end":{"line":10,"column":2}},"3":{"start":{"line":7,"column":41},"end":{"line":10,"column":1}},"4":{"start":{"line":12,"column":31},"end":{"line":16,"column":2}},"5":{"start":{"line":12,"column":50},"end":{"line":16,"column":1}},"6":{"start":{"line":18,"column":28},"end":{"line":22,"column":2}},"7":{"start":{"line":18,"column":47},"end":{"line":22,"column":1}}},"fnMap":{"0":{"name":"(anonymous_0)","decl":{"start":{"line":3,"column":30},"end":{"line":3,"column":31}},"loc":{"start":{"line":3,"column":37},"end":{"line":5,"column":1}},"line":3},"1":{"name":"(anonymous_1)","decl":{"start":{"line":7,"column":30},"end":{"line":7,"column":31}},"loc":{"start":{"line":7,"column":41},"end":{"line":10,"column":1}},"line":7},"2":{"name":"(anonymous_2)","decl":{"start":{"line":12,"column":31},"end":{"line":12,"column":32}},"loc":{"start":{"line":12,"column":50},"end":{"line":16,"column":1}},"line":12},"3":{"name":"(anonymous_3)","decl":{"start":{"line":18,"column":28},"end":{"line":18,"column":29}},"loc":{"start":{"line":18,"column":47},"end":{"line":22,"column":1}},"line":18}},"branchMap":{},"s":{"0":8,"1":0,"2":8,"3":0,"4":8,"5":0,"6":8,"7":0},"f":{"0":0,"1":0,"2":0,"3":0},"b":{},"_coverageSchema":"1a1c01bbd47fc00a2c39e90264f33305004495a9","hash":"be4e913ce07c39e86cd64e8b036662856ed334d0"}
,"C:\\Users\\raiha\\Documents\\Phincon\\Training\\orders-management\\client\\src\\pages\\Coupons\\constants.js": {"path":"C:\\Users\\raiha\\Documents\\Phincon\\Training\\orders-management\\client\\src\\pages\\Coupons\\constants.js","statementMap":{"0":{"start":{"line":1,"column":32},"end":{"line":1,"column":58}},"1":{"start":{"line":2,"column":32},"end":{"line":2,"column":58}},"2":{"start":{"line":3,"column":33},"end":{"line":3,"column":60}},"3":{"start":{"line":4,"column":29},"end":{"line":4,"column":52}}},"fnMap":{},"branchMap":{},"s":{"0":8,"1":8,"2":8,"3":8},"f":{},"b":{},"_coverageSchema":"1a1c01bbd47fc00a2c39e90264f33305004495a9","hash":"7119ead9d23e4dc2e59ace04815d3d8d9a870ce1"}
,"C:\\Users\\raiha\\Documents\\Phincon\\Training\\orders-management\\client\\src\\pages\\Coupons\\reducer.js": {"path":"C:\\Users\\raiha\\Documents\\Phincon\\Training\\orders-management\\client\\src\\pages\\Coupons\\reducer.js","statementMap":{"0":{"start":{"line":4,"column":28},"end":{"line":6,"column":1}},"1":{"start":{"line":8,"column":25},"end":{"line":8,"column":27}},"2":{"start":{"line":10,"column":23},"end":{"line":17,"column":6}},"3":{"start":{"line":11,"column":4},"end":{"line":17,"column":6}},"4":{"start":{"line":12,"column":8},"end":{"line":16,"column":9}},"5":{"start":{"line":14,"column":16},"end":{"line":14,"column":48}},"6":{"start":{"line":15,"column":16},"end":{"line":15,"column":22}}},"fnMap":{"0":{"name":"(anonymous_0)","decl":{"start":{"line":10,"column":23},"end":{"line":10,"column":24}},"loc":{"start":{"line":11,"column":4},"end":{"line":17,"column":6}},"line":11},"1":{"name":"(anonymous_1)","decl":{"start":{"line":11,"column":19},"end":{"line":11,"column":20}},"loc":{"start":{"line":11,"column":30},"end":{"line":17,"column":5}},"line":11}},"branchMap":{"0":{"loc":{"start":{"line":10,"column":24},"end":{"line":10,"column":44}},"type":"default-arg","locations":[{"start":{"line":10,"column":32},"end":{"line":10,"column":44}}],"line":10},"1":{"loc":{"start":{"line":12,"column":8},"end":{"line":16,"column":9}},"type":"switch","locations":[{"start":{"line":13,"column":12},"end":{"line":15,"column":22}}],"line":12}},"s":{"0":8,"1":8,"2":8,"3":69,"4":69,"5":0,"6":0},"f":{"0":69,"1":69},"b":{"0":[24],"1":[0]},"_coverageSchema":"1a1c01bbd47fc00a2c39e90264f33305004495a9","hash":"2fbd583657573b4469b1ad892fcc273fef469005"}
,"C:\\Users\\raiha\\Documents\\Phincon\\Training\\orders-management\\client\\src\\pages\\Coupons\\saga.js": {"path":"C:\\Users\\raiha\\Documents\\Phincon\\Training\\orders-management\\client\\src\\pages\\Coupons\\saga.js","statementMap":{"0":{"start":{"line":9,"column":4},"end":{"line":9,"column":32}},"1":{"start":{"line":11,"column":4},"end":{"line":17,"column":5}},"2":{"start":{"line":12,"column":20},"end":{"line":12,"column":45}},"3":{"start":{"line":14,"column":8},"end":{"line":14,"column":45}},"4":{"start":{"line":16,"column":8},"end":{"line":16,"column":31}},"5":{"start":{"line":19,"column":4},"end":{"line":19,"column":33}},"6":{"start":{"line":23,"column":4},"end":{"line":23,"column":32}},"7":{"start":{"line":25,"column":4},"end":{"line":31,"column":5}},"8":{"start":{"line":26,"column":8},"end":{"line":26,"column":46}},"9":{"start":{"line":28,"column":8},"end":{"line":28,"column":13}},"10":{"start":{"line":30,"column":8},"end":{"line":30,"column":31}},"11":{"start":{"line":33,"column":4},"end":{"line":33,"column":33}},"12":{"start":{"line":37,"column":4},"end":{"line":37,"column":32}},"13":{"start":{"line":39,"column":4},"end":{"line":45,"column":5}},"14":{"start":{"line":40,"column":8},"end":{"line":40,"column":43}},"15":{"start":{"line":42,"column":8},"end":{"line":42,"column":13}},"16":{"start":{"line":44,"column":8},"end":{"line":44,"column":31}},"17":{"start":{"line":47,"column":4},"end":{"line":47,"column":33}},"18":{"start":{"line":51,"column":4},"end":{"line":51,"column":57}},"19":{"start":{"line":52,"column":4},"end":{"line":52,"column":56}},"20":{"start":{"line":53,"column":4},"end":{"line":53,"column":52}}},"fnMap":{"0":{"name":"doGetCouponsData","decl":{"start":{"line":8,"column":10},"end":{"line":8,"column":26}},"loc":{"start":{"line":8,"column":32},"end":{"line":20,"column":1}},"line":8},"1":{"name":"doCreateCoupon","decl":{"start":{"line":22,"column":10},"end":{"line":22,"column":24}},"loc":{"start":{"line":22,"column":43},"end":{"line":34,"column":1}},"line":22},"2":{"name":"doDeleteCoupon","decl":{"start":{"line":36,"column":10},"end":{"line":36,"column":24}},"loc":{"start":{"line":36,"column":43},"end":{"line":48,"column":1}},"line":36},"3":{"name":"couponsSaga","decl":{"start":{"line":50,"column":25},"end":{"line":50,"column":36}},"loc":{"start":{"line":50,"column":39},"end":{"line":54,"column":1}},"line":50}},"branchMap":{},"s":{"0":0,"1":0,"2":0,"3":0,"4":0,"5":0,"6":0,"7":0,"8":0,"9":0,"10":0,"11":0,"12":0,"13":0,"14":0,"15":0,"16":0,"17":0,"18":8,"19":8,"20":8},"f":{"0":0,"1":0,"2":0,"3":8},"b":{},"_coverageSchema":"1a1c01bbd47fc00a2c39e90264f33305004495a9","hash":"e54fb5ab575be427a286cd454c08634509a82f45"}
,"C:\\Users\\raiha\\Documents\\Phincon\\Training\\orders-management\\client\\src\\pages\\Home\\actions.js": {"path":"C:\\Users\\raiha\\Documents\\Phincon\\Training\\orders-management\\client\\src\\pages\\Home\\actions.js","statementMap":{"0":{"start":{"line":9,"column":31},"end":{"line":12,"column":2}},"1":{"start":{"line":9,"column":46},"end":{"line":12,"column":1}},"2":{"start":{"line":14,"column":33},"end":{"line":17,"column":2}},"3":{"start":{"line":14,"column":48},"end":{"line":17,"column":1}},"4":{"start":{"line":19,"column":31},"end":{"line":22,"column":2}},"5":{"start":{"line":19,"column":42},"end":{"line":22,"column":1}},"6":{"start":{"line":24,"column":29},"end":{"line":26,"column":2}},"7":{"start":{"line":24,"column":36},"end":{"line":26,"column":1}},"8":{"start":{"line":28,"column":29},"end":{"line":31,"column":2}},"9":{"start":{"line":28,"column":40},"end":{"line":31,"column":1}}},"fnMap":{"0":{"name":"(anonymous_0)","decl":{"start":{"line":9,"column":31},"end":{"line":9,"column":32}},"loc":{"start":{"line":9,"column":46},"end":{"line":12,"column":1}},"line":9},"1":{"name":"(anonymous_1)","decl":{"start":{"line":14,"column":33},"end":{"line":14,"column":34}},"loc":{"start":{"line":14,"column":48},"end":{"line":17,"column":1}},"line":14},"2":{"name":"(anonymous_2)","decl":{"start":{"line":19,"column":31},"end":{"line":19,"column":32}},"loc":{"start":{"line":19,"column":42},"end":{"line":22,"column":1}},"line":19},"3":{"name":"(anonymous_3)","decl":{"start":{"line":24,"column":29},"end":{"line":24,"column":30}},"loc":{"start":{"line":24,"column":36},"end":{"line":26,"column":1}},"line":24},"4":{"name":"(anonymous_4)","decl":{"start":{"line":28,"column":29},"end":{"line":28,"column":30}},"loc":{"start":{"line":28,"column":40},"end":{"line":31,"column":1}},"line":28}},"branchMap":{},"s":{"0":8,"1":0,"2":8,"3":0,"4":8,"5":0,"6":8,"7":0,"8":8,"9":0},"f":{"0":0,"1":0,"2":0,"3":0,"4":0},"b":{},"_coverageSchema":"1a1c01bbd47fc00a2c39e90264f33305004495a9","hash":"c288a1c1fbf271fff801530da692b488031f3c39"}
,"C:\\Users\\raiha\\Documents\\Phincon\\Training\\orders-management\\client\\src\\pages\\Home\\constants.js": {"path":"C:\\Users\\raiha\\Documents\\Phincon\\Training\\orders-management\\client\\src\\pages\\Home\\constants.js","statementMap":{"0":{"start":{"line":1,"column":33},"end":{"line":1,"column":57}},"1":{"start":{"line":2,"column":36},"end":{"line":2,"column":63}},"2":{"start":{"line":3,"column":33},"end":{"line":3,"column":57}},"3":{"start":{"line":5,"column":31},"end":{"line":5,"column":53}},"4":{"start":{"line":6,"column":31},"end":{"line":6,"column":53}}},"fnMap":{},"branchMap":{},"s":{"0":8,"1":8,"2":8,"3":8,"4":8},"f":{},"b":{},"_coverageSchema":"1a1c01bbd47fc00a2c39e90264f33305004495a9","hash":"eb51f0325cd354978011f40acd1b6246a7fde1af"}
,"C:\\Users\\raiha\\Documents\\Phincon\\Training\\orders-management\\client\\src\\pages\\Home\\reducer.js": {"path":"C:\\Users\\raiha\\Documents\\Phincon\\Training\\orders-management\\client\\src\\pages\\Home\\reducer.js","statementMap":{"0":{"start":{"line":4,"column":28},"end":{"line":7,"column":1}},"1":{"start":{"line":9,"column":25},"end":{"line":9,"column":27}},"2":{"start":{"line":11,"column":20},"end":{"line":21,"column":4}},"3":{"start":{"line":12,"column":2},"end":{"line":21,"column":4}},"4":{"start":{"line":13,"column":4},"end":{"line":20,"column":5}},"5":{"start":{"line":15,"column":8},"end":{"line":15,"column":37}},"6":{"start":{"line":16,"column":8},"end":{"line":16,"column":14}},"7":{"start":{"line":18,"column":8},"end":{"line":18,"column":33}},"8":{"start":{"line":19,"column":8},"end":{"line":19,"column":14}}},"fnMap":{"0":{"name":"(anonymous_0)","decl":{"start":{"line":11,"column":20},"end":{"line":11,"column":21}},"loc":{"start":{"line":12,"column":2},"end":{"line":21,"column":4}},"line":12},"1":{"name":"(anonymous_1)","decl":{"start":{"line":12,"column":17},"end":{"line":12,"column":18}},"loc":{"start":{"line":12,"column":28},"end":{"line":21,"column":3}},"line":12}},"branchMap":{"0":{"loc":{"start":{"line":11,"column":21},"end":{"line":11,"column":41}},"type":"default-arg","locations":[{"start":{"line":11,"column":29},"end":{"line":11,"column":41}}],"line":11},"1":{"loc":{"start":{"line":13,"column":4},"end":{"line":20,"column":5}},"type":"switch","locations":[{"start":{"line":14,"column":6},"end":{"line":16,"column":14}},{"start":{"line":17,"column":6},"end":{"line":19,"column":14}}],"line":13}},"s":{"0":8,"1":8,"2":8,"3":69,"4":69,"5":0,"6":0,"7":0,"8":0},"f":{"0":69,"1":69},"b":{"0":[24],"1":[0,0]},"_coverageSchema":"1a1c01bbd47fc00a2c39e90264f33305004495a9","hash":"534a47c18a563f40512a26abf7d22519482f6c26"}
,"C:\\Users\\raiha\\Documents\\Phincon\\Training\\orders-management\\client\\src\\pages\\Home\\saga.js": {"path":"C:\\Users\\raiha\\Documents\\Phincon\\Training\\orders-management\\client\\src\\pages\\Home\\saga.js","statementMap":{"0":{"start":{"line":9,"column":2},"end":{"line":9,"column":30}},"1":{"start":{"line":11,"column":2},"end":{"line":16,"column":3}},"2":{"start":{"line":12,"column":16},"end":{"line":12,"column":52}},"3":{"start":{"line":13,"column":4},"end":{"line":13,"column":42}},"4":{"start":{"line":15,"column":4},"end":{"line":15,"column":27}},"5":{"start":{"line":18,"column":2},"end":{"line":18,"column":31}},"6":{"start":{"line":22,"column":2},"end":{"line":22,"column":30}},"7":{"start":{"line":24,"column":2},"end":{"line":29,"column":3}},"8":{"start":{"line":25,"column":16},"end":{"line":25,"column":54}},"9":{"start":{"line":26,"column":4},"end":{"line":26,"column":42}},"10":{"start":{"line":28,"column":4},"end":{"line":28,"column":27}},"11":{"start":{"line":31,"column":2},"end":{"line":31,"column":31}},"12":{"start":{"line":35,"column":2},"end":{"line":35,"column":30}},"13":{"start":{"line":37,"column":2},"end":{"line":42,"column":3}},"14":{"start":{"line":38,"column":16},"end":{"line":38,"column":41}},"15":{"start":{"line":39,"column":4},"end":{"line":39,"column":40}},"16":{"start":{"line":41,"column":4},"end":{"line":41,"column":27}},"17":{"start":{"line":44,"column":2},"end":{"line":44,"column":31}},"18":{"start":{"line":48,"column":2},"end":{"line":48,"column":56}},"19":{"start":{"line":49,"column":2},"end":{"line":49,"column":61}},"20":{"start":{"line":50,"column":2},"end":{"line":50,"column":53}}},"fnMap":{"0":{"name":"doGetProductData","decl":{"start":{"line":8,"column":10},"end":{"line":8,"column":26}},"loc":{"start":{"line":8,"column":41},"end":{"line":19,"column":1}},"line":8},"1":{"name":"doGetMyProductData","decl":{"start":{"line":21,"column":10},"end":{"line":21,"column":28}},"loc":{"start":{"line":21,"column":43},"end":{"line":32,"column":1}},"line":21},"2":{"name":"doGetBestSeller","decl":{"start":{"line":34,"column":10},"end":{"line":34,"column":25}},"loc":{"start":{"line":34,"column":28},"end":{"line":45,"column":1}},"line":34},"3":{"name":"homeSaga","decl":{"start":{"line":47,"column":25},"end":{"line":47,"column":33}},"loc":{"start":{"line":47,"column":36},"end":{"line":51,"column":1}},"line":47}},"branchMap":{},"s":{"0":0,"1":0,"2":0,"3":0,"4":0,"5":0,"6":0,"7":0,"8":0,"9":0,"10":0,"11":0,"12":0,"13":0,"14":0,"15":0,"16":0,"17":0,"18":8,"19":8,"20":8},"f":{"0":0,"1":0,"2":0,"3":8},"b":{},"_coverageSchema":"1a1c01bbd47fc00a2c39e90264f33305004495a9","hash":"672613351576e6bf43d5b6e8f67e4c56180b2439"}
,"C:\\Users\\raiha\\Documents\\Phincon\\Training\\orders-management\\client\\src\\pages\\Login\\index.jsx": {"path":"C:\\Users\\raiha\\Documents\\Phincon\\Training\\orders-management\\client\\src\\pages\\Login\\index.jsx","statementMap":{"0":{"start":{"line":23,"column":14},"end":{"line":247,"column":1}},"1":{"start":{"line":24,"column":15},"end":{"line":24,"column":24}},"2":{"start":{"line":25,"column":19},"end":{"line":25,"column":32}},"3":{"start":{"line":26,"column":19},"end":{"line":26,"column":32}},"4":{"start":{"line":28,"column":28},"end":{"line":28,"column":40}},"5":{"start":{"line":29,"column":34},"end":{"line":29,"column":46}},"6":{"start":{"line":30,"column":50},"end":{"line":30,"column":65}},"7":{"start":{"line":31,"column":32},"end":{"line":31,"column":44}},"8":{"start":{"line":32,"column":38},"end":{"line":32,"column":53}},"9":{"start":{"line":34,"column":21},"end":{"line":37,"column":3}},"10":{"start":{"line":35,"column":4},"end":{"line":35,"column":24}},"11":{"start":{"line":36,"column":4},"end":{"line":36,"column":49}},"12":{"start":{"line":36,"column":21},"end":{"line":36,"column":41}},"13":{"start":{"line":38,"column":20},"end":{"line":71,"column":3}},"14":{"start":{"line":39,"column":4},"end":{"line":39,"column":23}},"15":{"start":{"line":41,"column":4},"end":{"line":44,"column":5}},"16":{"start":{"line":42,"column":6},"end":{"line":42,"column":117}},"17":{"start":{"line":43,"column":6},"end":{"line":43,"column":13}},"18":{"start":{"line":46,"column":21},"end":{"line":49,"column":5}},"19":{"start":{"line":51,"column":4},"end":{"line":70,"column":6}},"20":{"start":{"line":55,"column":10},"end":{"line":55,"column":24}},"21":{"start":{"line":58,"column":10},"end":{"line":67,"column":11}},"22":{"start":{"line":59,"column":12},"end":{"line":64,"column":14}},"23":{"start":{"line":66,"column":12},"end":{"line":66,"column":34}},"24":{"start":{"line":73,"column":33},"end":{"line":99,"column":3}},"25":{"start":{"line":74,"column":4},"end":{"line":74,"column":23}},"26":{"start":{"line":76,"column":4},"end":{"line":76,"column":31}},"27":{"start":{"line":76,"column":24},"end":{"line":76,"column":31}},"28":{"start":{"line":78,"column":4},"end":{"line":81,"column":5}},"29":{"start":{"line":79,"column":6},"end":{"line":79,"column":117}},"30":{"start":{"line":80,"column":6},"end":{"line":80,"column":13}},"31":{"start":{"line":83,"column":4},"end":{"line":98,"column":6}},"32":{"start":{"line":87,"column":10},"end":{"line":87,"column":50}},"33":{"start":{"line":90,"column":10},"end":{"line":95,"column":12}},"34":{"start":{"line":101,"column":23},"end":{"line":101,"column":36}},"35":{"start":{"line":103,"column":2},"end":{"line":105,"column":26}},"36":{"start":{"line":104,"column":4},"end":{"line":104,"column":31}},"37":{"start":{"line":104,"column":17},"end":{"line":104,"column":31}},"38":{"start":{"line":107,"column":2},"end":{"line":246,"column":4}},"39":{"start":{"line":118,"column":37},"end":{"line":118,"column":106}}
[...]
,"C:\\Users\\raiha\\Documents\\Phincon\\Training\\orders-management\\client\\src\\pages\\Profile\\index.jsx": {"path":"C:\\Users\\raiha\\Documents\\Phincon\\Training\\orders-management\\client\\src\\pages\\Profile\\index.jsx","statementMap":{"0":{"start":{"line":20,"column":20},"end":{"line":207,"column":1}},"1":{"start":{"line":21,"column":19},"end":{"line":21,"column":32}},"2":{"start":{"line":23,"column":15},"end":{"line":23,"column":24}},"3":{"start":{"line":25,"column":42},"end":{"line":25,"column":52}},"4":{"start":{"line":26,"column":38},"end":{"line":26,"column":52}},"5":{"start":{"line":28,"column":29},"end":{"line":31,"column":3}},"6":{"start":{"line":29,"column":17},"end":{"line":29,"column":34}},"7":{"start":{"line":30,"column":4},"end":{"line":30,"column":24}},"8":{"start":{"line":33,"column":26},"end":{"line":87,"column":3}},"9":{"start":{"line":34,"column":4},"end":{"line":42,"column":5}},"10":{"start":{"line":35,"column":6},"end":{"line":40,"column":8}},"11":{"start":{"line":41,"column":6},"end":{"line":41,"column":13}},"12":{"start":{"line":43,"column":4},"end":{"line":48,"column":5}},"13":{"start":{"line":44,"column":6},"end":{"line":46,"column":8}},"14":{"start":{"line":47,"column":6},"end":{"line":47,"column":13}},"15":{"start":{"line":49,"column":4},"end":{"line":57,"column":5}},"16":{"start":{"line":50,"column":6},"end":{"line":55,"column":8}},"17":{"start":{"line":56,"column":6},"end":{"line":56,"column":13}},"18":{"start":{"line":59,"column":17},"end":{"line":59,"column":31}},"19":{"start":{"line":61,"column":4},"end":{"line":61,"column":48}},"20":{"start":{"line":62,"column":4},"end":{"line":62,"column":38}},"21":{"start":{"line":63,"column":4},"end":{"line":63,"column":48}},"22":{"start":{"line":65,"column":4},"end":{"line":65,"column":57}},"23":{"start":{"line":65,"column":20},"end":{"line":65,"column":57}},"24":{"start":{"line":67,"column":4},"end":{"line":86,"column":6}},"25":{"start":{"line":69,"column":8},"end":{"line":75,"column":9}},"26":{"start":{"line":70,"column":23},"end":{"line":70,"column":65}},"27":{"start":{"line":71,"column":10},"end":{"line":71,"column":39}},"28":{"start":{"line":73,"column":30},"end":{"line":73,"column":66}},"29":{"start":{"line":74,"column":10},"end":{"line":74,"column":45}},"30":{"start":{"line":77,"column":8},"end":{"line":77,"column":28}},"31":{"start":{"line":78,"column":8},"end":{"line":83,"column":10}},"32":{"start":{"line":84,"column":8},"end":{"line":84,"column":35}},"33":{"start":{"line":89,"column":2},"end":{"line":91,"column":9}},"34":{"start":{"line":90,"column":4},"end":{"line":90,"column":31}},"35":{"start":{"line":92,"column":2},"end":{"line":94,"column":20}},"36":{"start":{"line":93,"column":4},"end":{"line":93,"column":37}},"37":{"start":{"line":96,"column":2},"end":{"line":206,"column":4}},"38":{"start":{"line":114,"column":29},"end":{"line":114,"column":48}},"39":{"start":{"line":151,"column":29},"end":{"line":151,"column":105}},"40":{"start":{"line":151,"column":63},"end":{"line":151,"column":103}},"41":{"start":{"line":161,"column":29},"end":{"line":161,"column":100}},"42":{"start":{"line":161,"column":63},"end":{"line":161,"column":98}},"43":{"start":{"line":173,"column":33},"end":{"line":173,"column":109}},"44":{"start":{"line":173,"column":67},"end":{"line":173,"column":107}},"45":{"start":{"line":186,"column":31},"end":{"line":186,"column":102}},"46":{"start":{"line":186,"column":65},"end":{"line":186,"column":100}},"47":{"start":{"line":209,"column":0},"end":{"line":212,"column":2}},"48":{"start":{"line":214,"column":24},"end":{"line":217,"column":2}}},"fnMap":{"0":{"name":"(anonymous_0)","decl":{"start":{"line":20,"column":20},"end":{"line":20,"column":21}},"loc":{"start":{"line":20,"column":57},"end":{"line":207,"column":1}},"line":20},"1":{"name":"(anonymous_1)","decl":{"start":{"line":28,"column":29},"end":{"line":28,"column":30}},"loc":{"start":{"line":28,"column":36},"end":{"line":31,"column":3}},"line":28},"2":{"name":"(anonymous_2)","decl":{"start":{"line":33,"column":26},"end":{"line":33,"column":27}},"loc":{"start":{"line":33,"column":32},"end":{"line":87,"column":3}},"line":33},"3":{"name":"(anonymous_3)","decl":{"start":{"line":68,"column":28},"end":{"line":68,"column":29}},"loc":{"start":{"line":68,"column":42},"end":{"line":85,"column":7}},"line":68},"4":{"name":"(anonymous_4)","decl":{"start":{"line":89,"column":12},"end":{"line":89,"column":13}},"loc":{"start":{"line":89,"column":18},"end":{"line":91,"column":3}},"line":89},"5":{"name":"(anonymous_5)","decl":{"start":{"line":92,"column":12},"end":{"line":92,"column":13}},"loc":{"start":{"line":92,"column":18},"end":{"line":94,"column":3}},"line":92},"6":{"name":"(anonymous_6)","decl":{"start":{"line":114,"column":23},"end":{"line":114,"column":24}},"loc":{"start":{"line":114,"column":29},"end":{"line":114,"column":48}},"line":114},"7":{"name":"(anonymous_7)","decl":{"start":{"line":151,"column":22},"end":{"line":151,"column":23}},"loc":{"start":{"line":151,"column":29},"end":{"line":151,"column":105}},"line":151},"8":{"name":"(anonymous_8)","decl":{"start":{"line":151,"column":49},"end":{"line":151,"column":50}},"loc":{"start":{"line":151,"column":63},"end":{"line":151,"column":103}},"line":151},"9":{"name":"(anonymous_9)","decl":{"start":{"line":161,"column":22},"end":{"line":161,"column":23}},"loc":{"start":{"line":161,"column":29},"end":{"line":161,"column":100}},"line":161},"10":{"name":"(anonymous_10)","decl":{"start":{"line":161,"column":49},"end":{"line":161,"column":50}},"loc":{"start":{"line":161,"column":63},"end":{"line":161,"column":98}},"line":161},"11":{"name":"(anonymous_11)","decl":{"start":{"line":173,"column":26},"end":{"line":173,"column":27}},"loc":{"start":{"line":173,"column":33},"end":{"line":173,"column":109}},"line":173},"12":{"name":"(anonymous_12)","decl":{"start":{"line":173,"column":53},"end":{"line":173,"column":54}},"loc":{"start":{"line":173,"column":67},"end":{"line":173,"column":107}},"line":173},"13":{"name":"(anonymous_13)","decl":{"start":{"line":186,"column":24},"end":{"line":186,"column":25}},"loc":{"start":{"line":186,"column":31},"end":{"line":186,"column":102}},"line":186},"14":{"name":"(anonymous_14)","decl":{"start":{"line":186,"column":51},"end":{"line":186,"column":52}},"loc":{"start":{"line":186,"column":65},"end":{"line":186,"column":100}},"line":186}},"branchMap":{"0":{"loc":{"start":{"line":34,"column":4},"end":{"line":42,"column":5}},"type":"if","locations":[{"start":{"line":34,"column":4},"end":{"line":42,"column":5}},{"start":{},"end":{}}],"line":34},"1":{"loc":{"start":{"line":34,"column":8},"end":{"line":34,"column":63}},"type":"binary-expr","locations":[{"start":{"line":34,"column":8},"end":{"line":34,"column":37}},{"start":{"line":34,"column":41},"end":{"line":34,"column":63}}],"line":34},"2":{"loc":{"start":{"line":43,"column":4},"end":{"line":48,"column":5}},"type":"if","locations":[{"start":{"line":43,"column":4},"end":{"line":48,"column":5}},{"start":{},"end":{}}],"line":43},"3":{"loc":{"start":{"line":49,"column":4},"end":{"line":57,"column":5}},"type":"if","locations":[{"start":{"line":49,"column":4},"end":{"line":57,"column":5}},{"start":{},"end":{}}],"line":49},"4":{"loc":{"start":{"line":65,"column":4},"end":{"line":65,"column":57}},"type":"if","locations":[{"start":{"line":65,"column":4},"end":{"line":65,"column":57}},{"start":{},"end":{}}],"line":65},"5":{"loc":{"start":{"line":69,"column":8},"end":{"line":75,"column":9}},"type":"if","locations":[{"start":{"line":69,"column":8},"end":{"line":75,"column":9}},{"start":{},"end":{}}],"line":69},"6":{"loc":{"start":{"line":105,"column":17},"end":{"line":105,"column":89}},"type":"cond-expr","locations":[{"start":{"line":105,"column":30},"end":{"line":105,"column":61}},{"start":{"line":105,"column":64},"end":{"line":105,"column":89}}],"line":105},"7":{"loc":{"start":{"line":108,"column":11},"end":{"line":125,"column":11}},"type":"cond-expr","locations":[{"start":{"line":109,"column":12},"end":{"line":117,"column":21}},{"start":{"line":119,"column":12},"end":{"line":124,"column":15}}],"line":108},"8":{"loc":{"start":{"line":128,"column":15},"end":{"line":130,"column":64}},"type":"cond-expr","locations":[{"start":{"line":129,"column":18},"end":{"line":129,"column":64}},{"start":{"line":130,"column":18},"end":{"line":130,"column":64}}],"line":128},"9":{"loc":{"start":{"line":163,"column":11},"end":{"line":176,"column":11}},"type":"binary-expr","locations":[{"start":{"line":163,"column":11},"end":{"line":163,"column":40}},{"start":{"line":164,"column":12},"end":{"line":175,"column":15}}],"line":163}},"s":{"0":1,"1":4,"2":4,"3":4,"4":4,"5":4,"6":0,"7":0,"8":4,"9":1,"10":0,"11":0,"12":1,"13":0,"14":0,"15":1,"16":0,"17":0,"18":1,"19":1,"20":1,"21":1,"22":1,"23":0,"24":1,"25":0,"26":0,"27":0,"28":0,"29":0,"30":0,"31":0,"32":0,"33":4,"34":2,"35":4,"36":2,"37":4,"38":0,"39":0,"40":0,"41":0,"42":0,"43":0,"44":0,"45":0,"46":0,"47":1,"48":1},"f":{"0":4,"1":0,"2":1,"3":0,"4":2,"5":2,"6":0,"7":0,"8":0,"9":0,"10":0,"11":0,"12":0,"13":0,"14":0},"b":{"0":[0,1],"1":[1,1],"2":[0,1],"3":[0,1],"4":[0,1],"5":[0,0],"6":[0,4],"7":[0,4],"8":[0,4],"9":[4,0]},"_coverageSchema":"1a1c01bbd47fc00a2c39e90264f33305004495a9","hash":"5deea9b2fc4ab8b8a2f21eb68960063cfa1459dc"}
,"C:\\Users\\raiha\\Documents\\Phincon\\Training\\orders-management\\client\\src\\pages\\Profile\\reducer.js": {"path":"C:\\Users\\raiha\\Documents\\Phincon\\Training\\orders-management\\client\\src\\pages\\Profile\\reducer.js","statementMap":{"0":{"start":{"line":4,"column":28},"end":{"line":6,"column":1}},"1":{"start":{"line":8,"column":25},"end":{"line":8,"column":27}},"2":{"start":{"line":10,"column":23},"end":{"line":17,"column":6}},"3":{"start":{"line":11,"column":4},"end":{"line":17,"column":6}},"4":{"start":{"line":12,"column":8},"end":{"line":16,"column":9}},"5":{"start":{"line":14,"column":16},"end":{"line":14,"column":48}},"6":{"start":{"line":15,"column":16},"end":{"line":15,"column":22}}},"fnMap":{"0":{"name":"(anonymous_0)","decl":{"start":{"line":10,"column":23},"end":{"line":10,"column":24}},"loc":{"start":{"line":11,"column":4},"end":{"line":17,"column":6}},"line":11},"1":{"name":"(anonymous_1)","decl":{"start":{"line":11,"column":19},"end":{"line":11,"column":20}},"loc":{"start":{"line":11,"column":30},"end":{"line":17,"column":5}},"line":11}},"branchMap":{"0":{"loc":{"start":{"line":10,"column":24},"end":{"line":10,"column":44}},"type":"default-arg","locations":[{"start":{"line":10,"column":32},"end":{"line":10,"column":44}}],"line":10},"1":{"loc":{"start":{"line":12,"column":8},"end":{"line":16,"column":9}},"type":"switch","locations":[{"start":{"line":13,"column":12},"end":{"line":15,"column":22}}],"line":12}},"s":{"0":8,"1":8,"2":8,"3":69,"4":69,"5":0,"6":0},"f":{"0":69,"1":69},"b":{"0":[24],"1":[0]},"_coverageSchema":"1a1c01bbd47fc00a2c39e90264f33305004495a9","hash":"9cfd47f215d8ba834705e9429d4a70dfdf91bd64"}
,"C:\\Users\\raiha\\Documents\\Phincon\\Training\\orders-management\\client\\src\\pages\\Profile\\saga.js": {"path":"C:\\Users\\raiha\\Documents\\Phincon\\Training\\orders-management\\client\\src\\pages\\Profile\\saga.js","statementMap":{"0":{"start":{"line":9,"column":4},"end":{"line":9,"column":32}},"1":{"start":{"line":11,"column":4},"end":{"line":17,"column":5}},"2":{"start":{"line":12,"column":20},"end":{"line":12,"column":50}},"3":{"start":{"line":14,"column":8},"end":{"line":14,"column":45}},"4":{"start":{"line":16,"column":8},"end":{"line":16,"column":31}},"5":{"start":{"line":19,"column":4},"end":{"line":19,"column":33}},"6":{"start":{"line":23,"column":4},"end":{"line":23,"column":32}},"7":{"start":{"line":25,"column":4},"end":{"line":31,"column":5}},"8":{"start":{"line":26,"column":20},"end":{"line":26,"column":60}},"9":{"start":{"line":28,"column":8},"end":{"line":28,"column":35}},"10":{"start":{"line":30,"column":8},"end":{"line":30,"column":31}},"11":{"start":{"line":33,"column":4},"end":{"line":33,"column":33}},"12":{"start":{"line":37,"column":4},"end":{"line":37,"column":32}},"13":{"start":{"line":39,"column":4},"end":{"line":49,"column":5}},"14":{"start":{"line":40,"column":8},"end":{"line":40,"column":48}},"15":{"start":{"line":42,"column":8},"end":{"line":42,"column":13}},"16":{"start":{"line":44,"column":8},"end":{"line":48,"column":9}},"17":{"start":{"line":45,"column":12},"end":{"line":45,"column":20}},"18":{"start":{"line":47,"column":12},"end":{"line":47,"column":35}},"19":{"start":{"line":51,"column":4},"end":{"line":51,"column":33}},"20":{"start":{"line":55,"column":4},"end":{"line":55,"column":57}},"21":{"start":{"line":56,"column":4},"end":{"line":56,"column":59}},"22":{"start":{"line":57,"column":4},"end":{"line":57,"column":58}}},"fnMap":{"0":{"name":"doGetProfileData","decl":{"start":{"line":8,"column":10},"end":{"line":8,"column":26}},"loc":{"start":{"line":8,"column":33},"end":{"line":20,"column":1}},"line":8},"1":{"name":"doSaveProfileData","decl":{"start":{"line":22,"column":10},"end":{"line":22,"column":27}},"loc":{"start":{"line":22,"column":46},"end":{"line":34,"column":1}},"line":22},"2":{"name":"doChangePassword","decl":{"start":{"line":36,"column":10},"end":{"line":36,"column":26}},"loc":{"start":{"line":36,"column":52},"end":{"line":52,"column":1}},"line":36},"3":{"name":"profileSaga","decl":{"start":{"line":54,"column":25},"end":{"line":54,"column":36}},"loc":{"start":{"line":54,"column":39},"end":{"line":58,"column":1}},"line":54}},"branchMap":{"0":{"loc":{"start":{"line":44,"column":8},"end":{"line":48,"column":9}},"type":"if","locations":[{"start":{"line":44,"column":8},"end":{"line":48,"column":9}},{"start":{"line":46,"column":15},"end":{"line":48,"column":9}}],"line":44}},"s":{"0":2,"1":2,"2":2,"3":0,"4":0,"5":0,"6":1,"7":1,"8":1,"9":0,"10":0,"11":0,"12":0,"13":0,"14":0,"15":0,"16":0,"17":0,"18":0,"19":0,"20":8,"21":8,"22":8},"f":{"0":2,"1":1,"2":0,"3":8},"b":{"0":[0,0]},"_coverageSchema":"1a1c01bbd47fc00a2c39e90264f33305004495a9","hash":"ff2c286c891066de61465b97b9629d0951a8e3c8"}
,"C:\\Users\\raiha\\Documents\\Phincon\\Training\\orders-management\\client\\src\\pages\\Profile\\selectors.js": {"path":"C:\\Users\\raiha\\Documents\\Phincon\\Training\\orders-management\\client\\src\\pages\\Profile\\selectors.js","statementMap":{"0":{"start":{"line":4,"column":27},"end":{"line":4,"column":67}},"1":{"start":{"line":4,"column":38},"end":{"line":4,"column":67}},"2":{"start":{"line":6,"column":33},"end":{"line":6,"column":97}},"3":{"start":{"line":6,"column":79},"end":{"line":6,"column":96}}},"fnMap":{"0":{"name":"(anonymous_0)","decl":{"start":{"line":4,"column":27},"end":{"line":4,"column":28}},"loc":{"start":{"line":4,"column":38},"end":{"line":4,"column":67}},"line":4},"1":{"name":"(anonymous_1)","decl":{"start":{"line":6,"column":68},"end":{"line":6,"column":69}},"loc":{"start":{"line":6,"column":79},"end":{"line":6,"column":96}},"line":6}},"branchMap":{"0":{"loc":{"start":{"line":4,"column":38},"end":{"line":4,"column":67}},"type":"binary-expr","locations":[{"start":{"line":4,"column":38},"end":{"line":4,"column":51}},{"start":{"line":4,"column":55},"end":{"line":4,"column":67}}],"line":4}},"s":{"0":1,"1":3,"2":1,"3":1},"f":{"0":3,"1":1},"b":{"0":[3,0]},"_coverageSchema":"1a1c01bbd47fc00a2c39e90264f33305004495a9","hash":"6568b7ca21578c29aef99b7df1ca5445a5caa983"}
,"C:\\Users\\raiha\\Documents\\Phincon\\Training\\orders-management\\client\\src\\utils\\allUtils.js": {"path":"C:\\Users\\raiha\\Documents\\Phincon\\Training\\orders-management\\client\\src\\utils\\allUtils.js","statementMap":{"0":{"start":{"line":4,"column":22},"end":{"line":4,"column":37}},"1":{"start":{"line":6,"column":30},"end":{"line":6,"column":83}},"2":{"start":{"line":6,"column":40},"end":{"line":6,"column":83}},"3":{"start":{"line":7,"column":30},"end":{"line":7,"column":107}},"4":{"start":{"line":7,"column":40},"end":{"line":7,"column":107}},"5":{"start":{"line":8,"column":34},"end":{"line":15,"column":1}},"6":{"start":{"line":9,"column":4},"end":{"line":14,"column":5}},"7":{"start":{"line":10,"column":8},"end":{"line":10,"column":48}},"8":{"start":{"line":12,"column":8},"end":{"line":12,"column":67}},"9":{"start":{"line":13,"column":8},"end":{"line":13,"column":20}},"10":{"start":{"line":16,"column":33},"end":{"line":16,"column":112}},"11":{"start":{"line":16,"column":44},"end":{"line":16,"column":112}}},"fnMap":{"0":{"name":"(anonymous_0)","decl":{"start":{"line":6,"column":30},"end":{"line":6,"column":31}},"loc":{"start":{"line":6,"column":40},"end":{"line":6,"column":83}},"line":6},"1":{"name":"(anonymous_1)","decl":{"start":{"line":7,"column":30},"end":{"line":7,"column":31}},"loc":{"start":{"line":7,"column":40},"end":{"line":7,"column":107}},"line":7},"2":{"name":"(anonymous_2)","decl":{"start":{"line":8,"column":34},"end":{"line":8,"column":35}},"loc":{"start":{"line":8,"column":44},"end":{"line":15,"column":1}},"line":8},"3":{"name":"(anonymous_3)","decl":{"start":{"line":16,"column":33},"end":{"line":16,"column":34}},"loc":{"start":{"line":16,"column":44},"end":{"line":16,"column":112}},"line":16}},"branchMap":{"0":{"loc":{"start":{"line":7,"column":40},"end":{"line":7,"column":107}},"type":"cond-expr","locations":[{"start":{"line":7,"column":47},"end":{"line":7,"column":100}},{"start":{"line":7,"column":103},"end":{"line":7,"column":107}}],"line":7},"1":{"loc":{"start":{"line":16,"column":44},"end":{"line":16,"column":112}},"type":"cond-expr","locations":[{"start":{"line":16,"column":52},"end":{"line":16,"column":106}},{"start":{"line":16,"column":109},"end":{"line":16,"column":112}}],"line":16}},"s":{"0":8,"1":8,"2":0,"3":8,"4":0,"5":8,"6":0,"7":0,"8":0,"9":0,"10":8,"11":1},"f":{"0":0,"1":0,"2":0,"3":1},"b":{"0":[0,0],"1":[0,1]},"_coverageSchema":"1a1c01bbd47fc00a2c39e90264f33305004495a9","hash":"9e1e9d4dade2f82b46a04900f4b3e9d886792077"}
,"C:\\Users\\raiha\\Documents\\Phincon\\Training\\orders-management\\client\\src\\utils\\request.js": {"path":"C:\\Users\\raiha\\Documents\\Phincon\\Training\\orders-management\\client\\src\\utils\\request.js","statementMap":{"0":{"start":{"line":5,"column":0},"end":{"line":12,"column":3}},"1":{"start":{"line":6,"column":16},"end":{"line":6,"column":32}},"2":{"start":{"line":7,"column":20},"end":{"line":7,"column":32}},"3":{"start":{"line":8,"column":2},"end":{"line":10,"column":3}},"4":{"start":{"line":9,"column":4},"end":{"line":9,"column":56}},"5":{"start":{"line":11,"column":2},"end":{"line":11,"column":19}},"6":{"start":{"line":14,"column":0},"end":{"line":17,"column":2}},"7":{"start":{"line":15,"column":16},"end":{"line":15,"column":24}},"8":{"start":{"line":16,"column":13},"end":{"line":16,"column":34}},"9":{"start":{"line":19,"column":16},"end":{"line":19,"column":43}},"10":{"start":{"line":19,"column":29},"end":{"line":19,"column":43}}},"fnMap":{"0":{"name":"(anonymous_0)","decl":{"start":{"line":5,"column":31},"end":{"line":5,"column":32}},"loc":{"start":{"line":5,"column":46},"end":{"line":12,"column":1}},"line":5},"1":{"name":"(anonymous_1)","decl":{"start":{"line":15,"column":2},"end":{"line":15,"column":3}},"loc":{"start":{"line":15,"column":16},"end":{"line":15,"column":24}},"line":15},"2":{"name":"(anonymous_2)","decl":{"start":{"line":16,"column":2},"end":{"line":16,"column":3}},"loc":{"start":{"line":16,"column":13},"end":{"line":16,"column":34}},"line":16},"3":{"name":"(anonymous_3)","decl":{"start":{"line":19,"column":16},"end":{"line":19,"column":17}},"loc":{"start":{"line":19,"column":29},"end":{"line":19,"column":43}},"line":19}},"branchMap":{"0":{"loc":{"start":{"line":8,"column":2},"end":{"line":10,"column":3}},"type":"if","locations":[{"start":{"line":8,"column":2},"end":{"line":10,"column":3}},{"start":{},"end":{}}],"line":8}},"s":{"0":8,"1":5,"2":5,"3":5,"4":0,"5":5,"6":8,"7":0,"8":0,"9":8,"10":5},"f":{"0":5,"1":0,"2":0,"3":5},"b":{"0":[0,5]},"_coverageSchema":"1a1c01bbd47fc00a2c39e90264f33305004495a9","hash":"fea47cbb5c22f77fd525a56634cfe1e370c838ec"}
}
