TN:
SF:config\development.js
FNF:0
FNH:0
LF:0
LH:0
BRF:0
BRH:0
end_of_record
TN:
SF:config\index.js
FNF:0
FNH:0
DA:5,15
DA:7,15
DA:9,15
LF:3
LH:3
BRDA:5,0,0,15
BRDA:5,0,1,0
BRF:2
BRH:1
end_of_record
TN:
SF:config\production.js
FNF:0
FNH:0
LF:0
LH:0
BRF:0
BRH:0
end_of_record
TN:
SF:config\test.env.js
FNF:0
FNH:0
LF:0
LH:0
BRF:0
BRH:0
end_of_record
TN:
SF:src\configureStore.js
FN:12,(anonymous_0)
FNF:1
FNH:1
FNDA:15,(anonymous_0)
DA:9,15
DA:12,15
DA:13,15
DA:14,15
DA:18,15
DA:19,15
DA:22,15
DA:23,15
DA:24,15
DA:25,15
DA:27,15
DA:29,15
DA:32,15
DA:33,15
DA:36,15
DA:39,15
LF:16
LH:16
BRDA:12,0,0,0
BRDA:18,1,0,15
BRDA:18,1,1,0
BRDA:18,2,0,15
BRDA:18,2,1,15
BRDA:19,3,0,0
BRDA:19,3,1,15
BRF:7
BRH:4
end_of_record
TN:
SF:src\persistence.js
FN:10,(anonymous_0)
FN:12,(anonymous_1)
FN:22,(anonymous_2)
FNF:3
FNH:3
FNDA:15,(anonymous_0)
FNDA:30,(anonymous_1)
FNDA:30,(anonymous_2)
DA:4,15
DA:10,15
DA:11,15
DA:12,30
DA:22,30
LF:5
LH:5
BRF:0
BRH:0
end_of_record
TN:
SF:src\reducers.js
FN:30,(anonymous_0)
FN:35,(anonymous_1)
FNF:2
FNH:2
FNDA:15,(anonymous_0)
FNDA:99,(anonymous_1)
DA:15,15
DA:20,15
DA:30,15
DA:31,15
DA:35,99
DA:36,15
LF:6
LH:6
BRF:0
BRH:0
end_of_record
TN:
SF:src\rootSaga.js
FN:11,rootSaga
FNF:1
FNH:1
FNDA:15,rootSaga
DA:12,15
LF:1
LH:1
BRF:0
BRH:0
end_of_record
TN:
SF:src\components\BestSellerCard\index.jsx
FN:7,(anonymous_0)
FNF:1
FNH:1
FNDA:1,(anonymous_0)
DA:7,1
DA:8,1
DA:29,1
LF:3
LH:3
BRF:0
BRH:0
end_of_record
TN:
SF:src\components\Loader\index.jsx
FN:6,(anonymous_0)
FNF:1
FNH:1
FNDA:3,(anonymous_0)
DA:6,1
DA:7,3
DA:18,1
LF:3
LH:3
BRDA:11,0,0,3
BRDA:11,0,1,1
BRF:2
BRH:2
end_of_record
TN:
SF:src\components\Navbar\index.jsx
FN:21,(anonymous_0)
FN:33,(anonymous_1)
FN:41,(anonymous_2)
FN:45,(anonymous_3)
FN:49,(anonymous_4)
FN:53,(anonymous_5)
FN:60,(anonymous_6)
FN:64,(anonymous_7)
FN:88,(anonymous_8)
FN:91,(anonymous_9)
FN:106,(anonymous_10)
FN:114,(anonymous_11)
FNF:12
FNH:2
FNDA:3,(anonymous_0)
FNDA:0,(anonymous_1)
FNDA:0,(anonymous_2)
FNDA:0,(anonymous_3)
FNDA:0,(anonymous_4)
FNDA:0,(anonymous_5)
FNDA:0,(anonymous_6)
FNDA:3,(anonymous_7)
FNDA:0,(anonymous_8)
FNDA:0,(anonymous_9)
FNDA:0,(anonymous_10)
FNDA:0,(anonymous_11)
DA:21,1
DA:22,3
DA:23,3
DA:25,3
DA:26,3
DA:27,3
DA:28,3
DA:30,3
DA:31,3
DA:33,3
DA:34,0
DA:35,0
DA:37,0
DA:41,3
DA:42,0
DA:45,3
DA:46,0
DA:49,3
DA:50,0
DA:53,3
DA:54,0
DA:55,0
DA:57,0
DA:60,3
DA:61,0
DA:64,3
DA:65,3
DA:66,0
DA:67,0
DA:68,0
DA:72,3
DA:88,0
DA:91,0
DA:106,0
DA:114,0
DA:128,1
DA:137,1
LF:37
LH:20
BRDA:34,0,0,0
BRDA:34,0,1,0
BRDA:50,1,0,0
BRDA:50,1,1,0
BRDA:54,2,0,0
BRDA:54,2,1,0
BRDA:65,3,0,0
BRDA:65,3,1,3
BRDA:79,4,0,1
BRDA:79,4,1,2
BRDA:79,5,0,3
BRDA:79,5,1,3
BRDA:97,6,0,0
BRDA:97,6,1,3
BRDA:100,7,0,0
BRDA:100,7,1,3
BRF:16
BRH:7
end_of_record
TN:
SF:src\components\Navbar\components\DropdownMenu.jsx
FN:17,(anonymous_0)
FN:20,menuItemAction
FN:55,(anonymous_2)
FN:61,(anonymous_3)
FN:68,(anonymous_4)
FNF:5
FNH:1
FNDA:3,(anonymous_0)
FNDA:0,menuItemAction
FNDA:0,(anonymous_2)
FNDA:0,(anonymous_3)
FNDA:0,(anonymous_4)
DA:17,2
DA:18,3
DA:19,3
DA:21,0
DA:23,0
DA:24,0
DA:25,0
DA:27,0
DA:28,0
DA:29,0
DA:31,0
DA:32,0
DA:33,0
DA:36,0
DA:37,0
DA:38,0
DA:39,0
DA:40,0
DA:44,3
DA:55,0
DA:61,0
DA:68,0
DA:79,2
LF:23
LH:5
BRDA:21,0,0,0
BRDA:21,0,1,0
BRDA:21,0,2,0
BRDA:21,0,3,0
BRF:4
BRH:0
end_of_record
TN:
SF:src\components\PopupMessage\Dialog.jsx
FN:8,(anonymous_0)
FNF:1
FNH:1
FNDA:4,(anonymous_0)
DA:8,1
DA:9,4
DA:24,1
LF:3
LH:3
BRDA:12,0,0,4
BRDA:12,0,1,3
BRDA:15,1,0,4
BRDA:15,1,1,3
BRF:4
BRH:4
end_of_record
TN:
SF:src\components\PopupWindow\Dialog.jsx
FN:9,(anonymous_0)
FNF:1
FNH:1
FNDA:3,(anonymous_0)
DA:9,1
DA:10,3
DA:19,1
LF:3
LH:3
BRF:0
BRH:0
end_of_record
TN:
SF:src\containers\Language\index.jsx
FN:9,(anonymous_0)
FNF:1
FNH:1
FNDA:35,(anonymous_0)
DA:9,15
DA:10,35
DA:15,15
DA:21,15
LF:4
LH:4
BRF:0
BRH:0
end_of_record
TN:
SF:src\languages\en.js
FNF:0
FNH:0
LF:0
LH:0
BRF:0
BRH:0
end_of_record
TN:
SF:src\languages\id.js
FNF:0
FNH:0
LF:0
LH:0
BRF:0
BRH:0
end_of_record
TN:
SF:src\pages\ChangePassword\index.jsx
FN:13,(anonymous_0)
FN:18,(anonymous_1)
FN:49,(anonymous_2)
FN:58,(anonymous_3)
FN:87,(anonymous_4)
FN:87,(anonymous_5)
FN:97,(anonymous_6)
FN:97,(anonymous_7)
FN:107,(anonymous_8)
FN:107,(anonymous_9)
FNF:10
FNH:2
FNDA:2,(anonymous_0)
FNDA:1,(anonymous_1)
FNDA:0,(anonymous_2)
FNDA:0,(anonymous_3)
FNDA:0,(anonymous_4)
FNDA:0,(anonymous_5)
FNDA:0,(anonymous_6)
FNDA:0,(anonymous_7)
FNDA:0,(anonymous_8)
FNDA:0,(anonymous_9)
DA:13,1
DA:14,2
DA:15,2
DA:16,2
DA:18,2
DA:19,1
DA:20,1
DA:23,1
DA:25,0
DA:26,0
DA:32,0
DA:34,0
DA:35,0
DA:38,0
DA:41,0
DA:46,0
DA:50,0
DA:51,0
DA:59,0
DA:69,2
DA:87,0
DA:97,0
DA:107,0
LF:23
LH:9
BRDA:19,0,0,1
BRDA:19,0,1,0
BRDA:19,1,0,1
BRDA:19,1,1,0
BRDA:19,1,2,0
BRDA:25,2,0,0
BRDA:25,2,1,0
BRDA:25,3,0,0
BRDA:25,3,1,0
BRDA:34,4,0,0
BRDA:34,4,1,0
BRF:11
BRH:2
end_of_record
TN:
SF:src\pages\Orderings\index.jsx
FN:16,(anonymous_0)
FN:22,(anonymous_1)
FN:27,(anonymous_2)
FN:48,(anonymous_3)
FN:51,(anonymous_4)
FNF:5
FNH:2
FNDA:4,(anonymous_0)
FNDA:0,(anonymous_1)
FNDA:2,(anonymous_2)
FNDA:0,(anonymous_3)
FNDA:0,(anonymous_4)
DA:16,1
DA:17,4
DA:19,4
DA:20,4
DA:22,4
DA:23,0
DA:24,0
DA:27,4
DA:28,2
DA:29,2
DA:30,0
DA:31,0
DA:32,0
DA:34,2
DA:35,2
DA:38,4
DA:49,0
DA:51,0
DA:73,1
DA:78,1
LF:20
LH:13
BRDA:23,0,0,0
BRDA:23,0,1,0
BRDA:29,1,0,0
BRDA:29,1,1,2
BRDA:31,2,0,0
BRDA:31,2,1,0
BRDA:43,3,0,4
BRDA:43,3,1,0
BRDA:45,4,0,0
BRDA:45,4,1,4
BRF:10
BRH:3
end_of_record
TN:
SF:src\pages\Orderings\components\OrderingCard.jsx
FN:7,(anonymous_0)
FN:10,(anonymous_1)
FN:36,(anonymous_2)
FNF:3
FNH:2
FNDA:4,(anonymous_0)
FNDA:4,(anonymous_1)
FNDA:0,(anonymous_2)
DA:7,2
DA:8,4
DA:10,4
DA:11,4
DA:12,0
DA:14,0
DA:18,0
DA:20,0
DA:24,0
DA:26,0
DA:30,0
DA:35,4
DA:36,0
DA:60,2
LF:14
LH:6
BRDA:11,0,0,0
BRDA:11,0,1,4
BRDA:12,1,0,0
BRDA:12,1,1,0
BRDA:12,1,2,0
BRDA:45,2,0,4
BRDA:45,2,1,1
BRF:7
BRH:3
end_of_record
TN:
SF:src\pages\Orderings\components\OrderingDetail.jsx
FN:16,(anonymous_0)
FN:22,(anonymous_1)
FN:48,(anonymous_2)
FN:50,(anonymous_3)
FN:57,(anonymous_4)
FN:62,(anonymous_5)
FN:69,(anonymous_6)
FN:110,(anonymous_7)
FN:113,(anonymous_8)
FNF:9
FNH:3
FNDA:2,(anonymous_0)
FNDA:0,(anonymous_1)
FNDA:0,(anonymous_2)
FNDA:0,(anonymous_3)
FNDA:2,(anonymous_4)
FNDA:2,(anonymous_5)
FNDA:0,(anonymous_6)
FNDA:0,(anonymous_7)
FNDA:0,(anonymous_8)
DA:16,2
DA:17,2
DA:19,2
DA:20,2
DA:22,2
DA:23,0
DA:25,0
DA:30,0
DA:32,0
DA:37,0
DA:39,0
DA:44,0
DA:48,2
DA:49,0
DA:51,0
DA:52,0
DA:57,2
DA:58,2
DA:59,0
DA:62,2
DA:63,2
DA:66,2
DA:69,0
DA:110,0
DA:113,0
DA:153,2
DA:160,2
LF:27
LH:13
BRDA:23,0,0,0
BRDA:23,0,1,0
BRDA:23,0,2,0
BRDA:51,1,0,0
BRDA:51,1,1,0
BRDA:58,2,0,0
BRDA:58,2,1,2
BRDA:95,3,0,0
BRDA:95,3,1,2
BRDA:108,4,0,2
BRDA:108,4,1,0
BRDA:108,4,2,0
BRDA:122,5,0,2
BRDA:122,5,1,0
BRF:14
BRH:4
end_of_record
TN:
SF:src\pages\PaymentPage\index.jsx
FN:19,(anonymous_0)
FN:45,(anonymous_1)
FN:72,(anonymous_2)
FN:82,(anonymous_3)
FN:92,(anonymous_4)
FN:102,(anonymous_5)
FN:107,(anonymous_6)
FN:122,(anonymous_7)
FN:129,(anonymous_8)
FNF:9
FNH:4
FNDA:8,(anonymous_0)
FNDA:2,(anonymous_1)
FNDA:0,(anonymous_2)
FNDA:0,(anonymous_3)
FNDA:2,(anonymous_4)
FNDA:24,(anonymous_5)
FNDA:0,(anonymous_6)
FNDA:0,(anonymous_7)
FNDA:0,(anonymous_8)
DA:19,1
DA:20,8
DA:21,8
DA:22,8
DA:23,8
DA:24,8
DA:42,8
DA:43,8
DA:45,8
DA:46,2
DA:50,0
DA:56,0
DA:58,2
DA:59,0
DA:65,0
DA:68,2
DA:69,2
DA:72,8
DA:73,0
DA:81,0
DA:83,0
DA:84,0
DA:87,0
DA:92,8
DA:93,2
DA:94,2
DA:95,2
DA:98,8
DA:103,24
DA:107,0
DA:122,0
DA:129,0
DA:142,1
DA:147,1
LF:34
LH:22
BRDA:46,0,0,0
BRDA:46,0,1,2
BRDA:47,1,0,2
BRDA:47,1,1,0
BRDA:48,2,0,0
BRDA:48,2,1,0
BRDA:48,2,2,0
BRDA:58,3,0,0
BRDA:58,3,1,2
BRDA:58,4,0,2
BRDA:58,4,1,0
BRDA:58,5,0,0
BRDA:58,5,1,0
BRDA:93,6,0,2
BRDA:93,6,1,0
BRDA:122,7,0,0
BRDA:122,7,1,0
BRDA:129,8,0,0
BRDA:129,8,1,0
BRDA:131,9,0,0
BRDA:131,9,1,8
BRF:21
BRH:6
end_of_record
TN:
SF:src\pages\PaymentPage\components\OrderForms.jsx
FN:15,(anonymous_0)
FN:24,(anonymous_1)
FN:27,(anonymous_2)
FN:30,(anonymous_3)
FN:35,(anonymous_4)
FN:54,(anonymous_5)
FN:65,(anonymous_6)
FNF:7
FNH:3
FNDA:10,(anonymous_0)
FNDA:0,(anonymous_1)
FNDA:0,(anonymous_2)
FNDA:4,(anonymous_3)
FNDA:5,(anonymous_4)
FNDA:0,(anonymous_5)
FNDA:0,(anonymous_6)
DA:15,2
DA:16,10
DA:17,10
DA:22,10
DA:24,10
DA:26,0
DA:27,0
DA:30,10
DA:31,4
DA:32,1
DA:35,10
DA:36,5
DA:39,10
DA:54,0
DA:65,0
DA:81,2
DA:86,2
LF:17
LH:13
BRDA:26,0,0,0
BRDA:26,0,1,0
BRDA:26,1,0,0
BRDA:26,1,1,0
BRDA:31,2,0,1
BRDA:31,2,1,3
BRF:6
BRH:2
end_of_record
TN:
SF:src\pages\PaymentPage\components\PaymentSelection.jsx
FN:14,(anonymous_0)
FN:19,(anonymous_1)
FN:34,(anonymous_2)
FN:51,(anonymous_3)
FN:61,(anonymous_4)
FNF:5
FNH:2
FNDA:2,(anonymous_0)
FNDA:0,(anonymous_1)
FNDA:2,(anonymous_2)
FNDA:0,(anonymous_3)
FNDA:0,(anonymous_4)
DA:14,2
DA:15,2
DA:17,2
DA:19,2
DA:20,0
DA:30,0
DA:31,0
DA:34,2
DA:35,2
DA:36,0
DA:40,2
DA:51,0
DA:61,0
DA:74,2
DA:78,2
LF:15
LH:9
BRDA:20,0,0,0
BRDA:20,0,1,0
BRDA:35,1,0,0
BRDA:35,1,1,2
BRF:4
BRH:1
end_of_record
TN:
SF:src\pages\PaymentPage\components\PaymentSumary.jsx
FN:14,(anonymous_0)
FN:15,(anonymous_1)
FNF:2
FNH:2
FNDA:2,(anonymous_0)
FNDA:2,(anonymous_1)
DA:14,2
DA:15,2
DA:16,2
DA:61,2
DA:66,2
LF:5
LH:5
BRDA:40,0,0,2
BRDA:40,0,1,0
BRF:2
BRH:1
end_of_record
TN:
SF:src\pages\ProductDetail\index.jsx
FN:19,(anonymous_0)
FN:28,(anonymous_1)
FN:32,(anonymous_2)
FN:43,(anonymous_3)
FN:46,(anonymous_4)
FN:60,(anonymous_5)
FN:125,oo_cm
FNF:7
FNH:4
FNDA:2,(anonymous_0)
FNDA:0,(anonymous_1)
FNDA:2,(anonymous_2)
FNDA:2,(anonymous_3)
FNDA:0,(anonymous_4)
FNDA:2,(anonymous_5)
FNDA:0,oo_cm
DA:19,1
DA:20,2
DA:21,2
DA:22,2
DA:23,2
DA:25,2
DA:26,2
DA:28,2
DA:29,0
DA:32,2
DA:33,2
DA:35,2
DA:37,0
DA:41,0
DA:43,2
DA:44,2
DA:45,0
DA:47,0
DA:53,0
DA:57,2
DA:60,2
DA:61,2
DA:62,2
DA:63,2
DA:64,0
DA:67,0
DA:71,2
DA:108,1
DA:113,1
DA:125,0
LF:30
LH:21
BRDA:35,0,0,2
BRDA:35,0,1,0
BRDA:44,1,0,0
BRDA:44,1,1,2
BRDA:63,2,0,0
BRDA:63,2,1,2
BRDA:93,3,0,2
BRDA:93,3,1,0
BRDA:125,4,0,0
BRDA:125,4,1,0
BRF:10
BRH:4
end_of_record
TN:
SF:src\pages\Profile\index.jsx
FN:20,(anonymous_0)
FN:28,(anonymous_1)
FN:33,(anonymous_2)
FN:68,(anonymous_3)
FN:89,(anonymous_4)
FN:92,(anonymous_5)
FN:114,(anonymous_6)
FN:151,(anonymous_7)
FN:151,(anonymous_8)
FN:161,(anonymous_9)
FN:161,(anonymous_10)
FN:173,(anonymous_11)
FN:173,(anonymous_12)
FN:186,(anonymous_13)
FN:186,(anonymous_14)
FNF:15
FNH:4
FNDA:4,(anonymous_0)
FNDA:0,(anonymous_1)
FNDA:1,(anonymous_2)
FNDA:0,(anonymous_3)
FNDA:2,(anonymous_4)
FNDA:2,(anonymous_5)
FNDA:0,(anonymous_6)
FNDA:0,(anonymous_7)
FNDA:0,(anonymous_8)
FNDA:0,(anonymous_9)
FNDA:0,(anonymous_10)
FNDA:0,(anonymous_11)
FNDA:0,(anonymous_12)
FNDA:0,(anonymous_13)
FNDA:0,(anonymous_14)
DA:20,1
DA:21,4
DA:23,4
DA:25,4
DA:26,4
DA:28,4
DA:29,0
DA:30,0
DA:33,4
DA:34,1
DA:35,0
DA:41,0
DA:43,1
DA:44,0
DA:47,0
DA:49,1
DA:50,0
DA:56,0
DA:59,1
DA:61,1
DA:62,1
DA:63,1
DA:65,1
DA:67,1
DA:69,0
DA:70,0
DA:71,0
DA:73,0
DA:74,0
DA:77,0
DA:78,0
DA:84,0
DA:89,4
DA:90,2
DA:92,4
DA:93,2
DA:96,4
DA:114,0
DA:151,0
DA:161,0
DA:173,0
DA:186,0
DA:209,1
DA:214,1
LF:44
LH:23
BRDA:34,0,0,0
BRDA:34,0,1,1
BRDA:34,1,0,1
BRDA:34,1,1,1
BRDA:43,2,0,0
BRDA:43,2,1,1
BRDA:49,3,0,0
BRDA:49,3,1,1
BRDA:65,4,0,0
BRDA:65,4,1,1
BRDA:69,5,0,0
BRDA:69,5,1,0
BRDA:105,6,0,0
BRDA:105,6,1,4
BRDA:108,7,0,0
BRDA:108,7,1,4
BRDA:128,8,0,0
BRDA:128,8,1,4
BRDA:163,9,0,4
BRDA:163,9,1,0
BRF:20
BRH:10
end_of_record
TN:
SF:src\utils\allUtils.js
FN:6,(anonymous_0)
FN:7,(anonymous_1)
FN:8,(anonymous_2)
FN:16,(anonymous_3)
FNF:4
FNH:2
FNDA:0,(anonymous_0)
FNDA:2,(anonymous_1)
FNDA:0,(anonymous_2)
FNDA:17,(anonymous_3)
DA:4,15
DA:6,15
DA:7,15
DA:8,15
DA:9,0
DA:10,0
DA:12,0
DA:13,0
DA:16,17
LF:9
LH:5
BRDA:7,0,0,0
BRDA:7,0,1,2
BRDA:16,1,0,0
BRDA:16,1,1,17
BRF:4
BRH:2
end_of_record
TN:
SF:src\utils\request.js
FN:5,(anonymous_0)
FN:15,(anonymous_1)
FN:16,(anonymous_2)
FN:19,(anonymous_3)
FNF:4
FNH:2
FNDA:7,(anonymous_0)
FNDA:0,(anonymous_1)
FNDA:0,(anonymous_2)
FNDA:7,(anonymous_3)
DA:5,15
DA:6,7
DA:7,7
DA:8,7
DA:9,0
DA:11,7
DA:14,15
DA:15,0
DA:16,0
DA:19,15
LF:10
LH:7
BRDA:8,0,0,0
BRDA:8,0,1,7
BRF:2
BRH:1
end_of_record
