TN:
SF:config\development.js
FNF:0
FNH:0
LF:0
LH:0
BRF:0
BRH:0
end_of_record
TN:
SF:config\index.js
FNF:0
FNH:0
DA:5,5
DA:7,5
DA:9,5
LF:3
LH:3
BRDA:5,0,0,5
BRDA:5,0,1,0
BRF:2
BRH:1
end_of_record
TN:
SF:config\production.js
FNF:0
FNH:0
LF:0
LH:0
BRF:0
BRH:0
end_of_record
TN:
SF:config\test.env.js
FNF:0
FNH:0
LF:0
LH:0
BRF:0
BRH:0
end_of_record
TN:
SF:src\configureStore.js
FN:12,(anonymous_0)
FNF:1
FNH:1
FNDA:5,(anonymous_0)
DA:9,5
DA:12,5
DA:13,5
DA:14,5
DA:18,5
DA:19,5
DA:22,5
DA:23,5
DA:24,5
DA:25,5
DA:27,5
DA:29,5
DA:32,5
DA:33,5
DA:36,5
DA:39,5
LF:16
LH:16
BRDA:12,0,0,0
BRDA:18,1,0,5
BRDA:18,1,1,0
BRDA:18,2,0,5
BRDA:18,2,1,5
BRDA:19,3,0,0
BRDA:19,3,1,5
BRF:7
BRH:4
end_of_record
TN:
SF:src\persistence.js
FN:10,(anonymous_0)
FN:12,(anonymous_1)
FN:22,(anonymous_2)
FNF:3
FNH:3
FNDA:5,(anonymous_0)
FNDA:10,(anonymous_1)
FNDA:10,(anonymous_2)
DA:4,5
DA:10,5
DA:11,5
DA:12,10
DA:22,10
LF:5
LH:5
BRF:0
BRH:0
end_of_record
TN:
SF:src\reducers.js
FN:30,(anonymous_0)
FN:35,(anonymous_1)
FNF:2
FNH:2
FNDA:5,(anonymous_0)
FNDA:35,(anonymous_1)
DA:15,5
DA:20,5
DA:30,5
DA:31,5
DA:35,35
DA:36,5
LF:6
LH:6
BRF:0
BRH:0
end_of_record
TN:
SF:src\rootSaga.js
FN:11,rootSaga
FNF:1
FNH:1
FNDA:5,rootSaga
DA:12,5
LF:1
LH:1
BRF:0
BRH:0
end_of_record
TN:
SF:src\components\Loader\index.jsx
FN:6,(anonymous_0)
FNF:1
FNH:1
FNDA:3,(anonymous_0)
DA:6,1
DA:7,3
DA:18,1
LF:3
LH:3
BRDA:11,0,0,3
BRDA:11,0,1,1
BRF:2
BRH:2
end_of_record
TN:
SF:src\components\Navbar\index.jsx
FN:21,(anonymous_0)
FN:33,(anonymous_1)
FN:41,(anonymous_2)
FN:45,(anonymous_3)
FN:49,(anonymous_4)
FN:53,(anonymous_5)
FN:60,(anonymous_6)
FN:64,(anonymous_7)
FN:88,(anonymous_8)
FN:91,(anonymous_9)
FN:106,(anonymous_10)
FN:114,(anonymous_11)
FNF:12
FNH:2
FNDA:3,(anonymous_0)
FNDA:0,(anonymous_1)
FNDA:0,(anonymous_2)
FNDA:0,(anonymous_3)
FNDA:0,(anonymous_4)
FNDA:0,(anonymous_5)
FNDA:0,(anonymous_6)
FNDA:3,(anonymous_7)
FNDA:0,(anonymous_8)
FNDA:0,(anonymous_9)
FNDA:0,(anonymous_10)
FNDA:0,(anonymous_11)
DA:21,1
DA:22,3
DA:23,3
DA:25,3
DA:26,3
DA:27,3
DA:28,3
DA:30,3
DA:31,3
DA:33,3
DA:34,0
DA:35,0
DA:37,0
DA:41,3
DA:42,0
DA:45,3
DA:46,0
DA:49,3
DA:50,0
DA:53,3
DA:54,0
DA:55,0
DA:57,0
DA:60,3
DA:61,0
DA:64,3
DA:65,3
DA:66,0
DA:67,0
DA:68,0
DA:72,3
DA:88,0
DA:91,0
DA:106,0
DA:114,0
DA:128,1
DA:137,1
LF:37
LH:20
BRDA:34,0,0,0
BRDA:34,0,1,0
BRDA:50,1,0,0
BRDA:50,1,1,0
BRDA:54,2,0,0
BRDA:54,2,1,0
BRDA:65,3,0,0
BRDA:65,3,1,3
BRDA:79,4,0,1
BRDA:79,4,1,2
BRDA:79,5,0,3
BRDA:79,5,1,3
BRDA:97,6,0,0
BRDA:97,6,1,3
BRDA:100,7,0,0
BRDA:100,7,1,3
BRF:16
BRH:7
end_of_record
TN:
SF:src\components\Navbar\components\DropdownMenu.jsx
FN:17,(anonymous_0)
FN:20,menuItemAction
FN:55,(anonymous_2)
FN:61,(anonymous_3)
FN:68,(anonymous_4)
FNF:5
FNH:1
FNDA:1,(anonymous_0)
FNDA:0,menuItemAction
FNDA:0,(anonymous_2)
FNDA:0,(anonymous_3)
FNDA:0,(anonymous_4)
DA:17,1
DA:18,1
DA:19,1
DA:21,0
DA:23,0
DA:24,0
DA:25,0
DA:27,0
DA:28,0
DA:29,0
DA:31,0
DA:32,0
DA:33,0
DA:36,0
DA:37,0
DA:38,0
DA:39,0
DA:40,0
DA:44,1
DA:55,0
DA:61,0
DA:68,0
DA:79,1
LF:23
LH:5
BRDA:21,0,0,0
BRDA:21,0,1,0
BRDA:21,0,2,0
BRDA:21,0,3,0
BRF:4
BRH:0
end_of_record
TN:
SF:src\components\PopupMessage\Dialog.jsx
FN:8,(anonymous_0)
FNF:1
FNH:1
FNDA:4,(anonymous_0)
DA:8,1
DA:9,4
DA:24,1
LF:3
LH:3
BRDA:12,0,0,4
BRDA:12,0,1,3
BRDA:15,1,0,4
BRDA:15,1,1,3
BRF:4
BRH:4
end_of_record
TN:
SF:src\components\PopupWindow\Dialog.jsx
FN:9,(anonymous_0)
FNF:1
FNH:1
FNDA:3,(anonymous_0)
DA:9,1
DA:10,3
DA:19,1
LF:3
LH:3
BRF:0
BRH:0
end_of_record
TN:
SF:src\containers\App\actions.js
FN:3,(anonymous_0)
FN:8,(anonymous_1)
FN:13,(anonymous_2)
FN:22,(anonymous_3)
FN:31,(anonymous_4)
FN:36,(anonymous_5)
FN:43,(anonymous_6)
FN:50,(anonymous_7)
FNF:8
FNH:1
FNDA:0,(anonymous_0)
FNDA:0,(anonymous_1)
FNDA:0,(anonymous_2)
FNDA:0,(anonymous_3)
FNDA:2,(anonymous_4)
FNDA:0,(anonymous_5)
FNDA:0,(anonymous_6)
FNDA:0,(anonymous_7)
DA:3,5
DA:8,5
DA:13,5
DA:22,5
DA:31,5
DA:36,5
DA:43,5
DA:50,5
LF:8
LH:8
BRDA:13,0,0,0
BRDA:13,1,0,0
BRF:2
BRH:0
end_of_record
TN:
SF:src\containers\App\constants.js
FNF:0
FNH:0
DA:1,5
DA:2,5
DA:3,5
DA:4,5
DA:6,5
DA:7,5
DA:8,5
LF:7
LH:7
BRF:0
BRH:0
end_of_record
TN:
SF:src\containers\App\reducer.js
FN:18,(anonymous_0)
FN:19,(anonymous_1)
FNF:2
FNH:2
FNDA:45,(anonymous_0)
FNDA:45,(anonymous_1)
DA:5,5
DA:16,5
DA:18,5
DA:19,45
DA:20,45
DA:22,0
DA:23,0
DA:25,0
DA:26,0
DA:28,0
DA:29,0
DA:31,2
DA:32,2
LF:13
LH:7
BRDA:18,0,0,15
BRDA:20,1,0,0
BRDA:20,1,1,0
BRDA:20,1,2,0
BRDA:20,1,3,2
BRF:5
BRH:2
end_of_record
TN:
SF:src\containers\App\saga.js
FN:8,doRegister
FN:26,doLogin
FN:51,doSendForgotPassword
FN:69,appSaga
FNF:4
FNH:1
FNDA:0,doRegister
FNDA:0,doLogin
FNDA:0,doSendForgotPassword
FNDA:5,appSaga
DA:9,0
DA:11,0
DA:12,0
DA:14,0
DA:16,0
DA:17,0
DA:19,0
DA:23,0
DA:27,0
DA:29,0
DA:30,0
DA:32,0
DA:33,0
DA:35,0
DA:36,0
DA:37,0
DA:39,0
DA:41,0
DA:42,0
DA:44,0
DA:48,0
DA:52,0
DA:54,0
DA:55,0
DA:57,0
DA:59,0
DA:60,0
DA:62,0
DA:66,0
DA:70,5
DA:71,5
DA:72,5
LF:32
LH:3
BRDA:16,0,0,0
BRDA:16,0,1,0
BRDA:41,1,0,0
BRDA:41,1,1,0
BRDA:59,2,0,0
BRDA:59,2,1,0
BRF:6
BRH:0
end_of_record
TN:
SF:src\containers\App\selectors.js
FN:4,(anonymous_0)
FN:6,(anonymous_1)
FN:7,(anonymous_2)
FN:8,(anonymous_3)
FN:9,(anonymous_4)
FNF:5
FNH:2
FNDA:20,(anonymous_0)
FNDA:6,(anonymous_1)
FNDA:0,(anonymous_2)
FNDA:0,(anonymous_3)
FNDA:0,(anonymous_4)
DA:4,20
DA:6,6
DA:7,5
DA:8,5
DA:9,5
LF:5
LH:5
BRDA:4,0,0,20
BRDA:4,0,1,0
BRF:2
BRH:1
end_of_record
TN:
SF:src\containers\Client\actions.js
FN:3,(anonymous_0)
FN:8,(anonymous_1)
FN:13,(anonymous_2)
FNF:3
FNH:0
FNDA:0,(anonymous_0)
FNDA:0,(anonymous_1)
FNDA:0,(anonymous_2)
DA:3,5
DA:8,5
DA:13,5
LF:3
LH:3
BRF:0
BRH:0
end_of_record
TN:
SF:src\containers\Client\constants.js
FNF:0
FNH:0
DA:1,5
DA:2,5
DA:3,5
LF:3
LH:3
BRF:0
BRH:0
end_of_record
TN:
SF:src\containers\Client\reducer.js
FN:13,(anonymous_0)
FN:14,(anonymous_1)
FNF:2
FNH:2
FNDA:45,(anonymous_0)
FNDA:45,(anonymous_1)
DA:5,5
DA:11,5
DA:13,5
DA:14,45
DA:15,45
DA:17,0
DA:18,0
DA:20,0
DA:21,0
DA:23,0
DA:24,0
LF:11
LH:5
BRDA:13,0,0,15
BRDA:15,1,0,0
BRDA:15,1,1,0
BRDA:15,1,2,0
BRF:4
BRH:1
end_of_record
TN:
SF:src\containers\Client\selectors.js
FN:4,(anonymous_0)
FN:6,(anonymous_1)
FN:7,(anonymous_2)
FN:8,(anonymous_3)
FNF:4
FNH:3
FNDA:10,(anonymous_0)
FNDA:1,(anonymous_1)
FNDA:0,(anonymous_2)
FNDA:2,(anonymous_3)
DA:4,10
DA:6,2
DA:7,2
DA:8,2
LF:4
LH:4
BRDA:4,0,0,10
BRDA:4,0,1,0
BRF:2
BRH:1
end_of_record
TN:
SF:src\containers\Language\constants.js
FNF:0
FNH:0
DA:1,5
DA:2,5
LF:2
LH:2
BRF:0
BRH:0
end_of_record
TN:
SF:src\containers\Language\index.jsx
FN:9,(anonymous_0)
FNF:1
FNH:1
FNDA:14,(anonymous_0)
DA:9,5
DA:10,14
DA:15,5
DA:21,5
LF:4
LH:4
BRF:0
BRH:0
end_of_record
TN:
SF:src\containers\Language\reducer.js
FN:15,(anonymous_0)
FN:16,(anonymous_1)
FNF:2
FNH:2
FNDA:45,(anonymous_0)
FNDA:45,(anonymous_1)
DA:8,5
DA:15,5
DA:16,45
DA:17,45
DA:19,0
DA:20,0
LF:6
LH:4
BRDA:15,0,0,15
BRDA:17,1,0,0
BRF:2
BRH:1
end_of_record
TN:
SF:src\containers\Language\selectors.js
FN:5,(anonymous_0)
FN:7,(anonymous_1)
FNF:2
FNH:2
FNDA:20,(anonymous_0)
FNDA:5,(anonymous_1)
DA:5,20
DA:7,5
LF:2
LH:2
BRDA:5,0,0,20
BRDA:5,0,1,0
BRF:2
BRH:1
end_of_record
TN:
SF:src\domain\api.js
FN:18,(anonymous_0)
FN:32,(anonymous_1)
FN:38,(anonymous_2)
FN:41,(anonymous_3)
FN:42,(anonymous_4)
FN:45,(anonymous_5)
FN:46,(anonymous_6)
FN:47,(anonymous_7)
FN:48,(anonymous_8)
FN:49,(anonymous_9)
FN:50,(anonymous_10)
FN:58,(anonymous_11)
FN:66,(anonymous_12)
FN:69,(anonymous_13)
FN:70,(anonymous_14)
FN:71,(anonymous_15)
FN:72,(anonymous_16)
FN:75,(anonymous_17)
FN:76,(anonymous_18)
FN:77,(anonymous_19)
FN:78,(anonymous_20)
FN:80,(anonymous_21)
FN:81,(anonymous_22)
FN:85,(anonymous_23)
FN:86,(anonymous_24)
FN:94,(anonymous_25)
FN:95,(anonymous_26)
FNF:27
FNH:2
FNDA:2,(anonymous_0)
FNDA:0,(anonymous_1)
FNDA:0,(anonymous_2)
FNDA:0,(anonymous_3)
FNDA:0,(anonymous_4)
FNDA:0,(anonymous_5)
FNDA:0,(anonymous_6)
FNDA:0,(anonymous_7)
FNDA:0,(anonymous_8)
FNDA:0,(anonymous_9)
FNDA:0,(anonymous_10)
FNDA:0,(anonymous_11)
FNDA:0,(anonymous_12)
FNDA:0,(anonymous_13)
FNDA:0,(anonymous_14)
FNDA:0,(anonymous_15)
FNDA:0,(anonymous_16)
FNDA:2,(anonymous_17)
FNDA:0,(anonymous_18)
FNDA:0,(anonymous_19)
FNDA:0,(anonymous_20)
FNDA:0,(anonymous_21)
FNDA:0,(anonymous_22)
FNDA:0,(anonymous_23)
FNDA:0,(anonymous_24)
FNDA:0,(anonymous_25)
FNDA:0,(anonymous_26)
DA:6,5
DA:18,5
DA:19,2
DA:23,2
DA:24,2
DA:32,2
DA:33,0
DA:34,0
DA:38,5
DA:41,5
DA:42,5
DA:45,5
DA:46,5
DA:47,5
DA:48,5
DA:49,5
DA:50,5
DA:51,0
DA:58,5
DA:59,0
DA:66,5
DA:69,5
DA:70,5
DA:71,5
DA:72,5
DA:75,5
DA:76,5
DA:77,5
DA:78,5
DA:79,0
DA:80,5
DA:81,5
DA:82,0
DA:85,5
DA:86,5
DA:87,0
DA:94,5
DA:95,5
LF:38
LH:31
BRDA:18,0,0,2
BRDA:18,1,0,2
BRDA:18,2,0,2
BRF:3
BRH:3
end_of_record
TN:
SF:src\languages\en.js
FNF:0
FNH:0
LF:0
LH:0
BRF:0
BRH:0
end_of_record
TN:
SF:src\languages\id.js
FNF:0
FNH:0
LF:0
LH:0
BRF:0
BRH:0
end_of_record
TN:
SF:src\pages\Home\actions.js
FN:9,(anonymous_0)
FN:14,(anonymous_1)
FN:19,(anonymous_2)
FN:24,(anonymous_3)
FN:28,(anonymous_4)
FNF:5
FNH:0
FNDA:0,(anonymous_0)
FNDA:0,(anonymous_1)
FNDA:0,(anonymous_2)
FNDA:0,(anonymous_3)
FNDA:0,(anonymous_4)
DA:9,5
DA:14,5
DA:19,5
DA:24,5
DA:28,5
LF:5
LH:5
BRF:0
BRH:0
end_of_record
TN:
SF:src\pages\Home\constants.js
FNF:0
FNH:0
DA:1,5
DA:2,5
DA:3,5
DA:5,5
DA:6,5
LF:5
LH:5
BRF:0
BRH:0
end_of_record
TN:
SF:src\pages\Home\reducer.js
FN:11,(anonymous_0)
FN:12,(anonymous_1)
FNF:2
FNH:2
FNDA:45,(anonymous_0)
FNDA:45,(anonymous_1)
DA:4,5
DA:9,5
DA:11,5
DA:12,45
DA:13,45
DA:15,0
DA:16,0
DA:18,0
DA:19,0
LF:9
LH:5
BRDA:11,0,0,15
BRDA:13,1,0,0
BRDA:13,1,1,0
BRF:3
BRH:1
end_of_record
TN:
SF:src\pages\Home\saga.js
FN:8,doGetProductData
FN:21,doGetMyProductData
FN:34,doGetBestSeller
FN:47,homeSaga
FNF:4
FNH:1
FNDA:0,doGetProductData
FNDA:0,doGetMyProductData
FNDA:0,doGetBestSeller
FNDA:5,homeSaga
DA:9,0
DA:11,0
DA:12,0
DA:13,0
DA:15,0
DA:18,0
DA:22,0
DA:24,0
DA:25,0
DA:26,0
DA:28,0
DA:31,0
DA:35,0
DA:37,0
DA:38,0
DA:39,0
DA:41,0
DA:44,0
DA:48,5
DA:49,5
DA:50,5
LF:21
LH:3
BRF:0
BRH:0
end_of_record
TN:
SF:src\pages\Orderings\actions.js
FN:9,(anonymous_0)
FN:14,(anonymous_1)
FN:19,(anonymous_2)
FN:25,(anonymous_3)
FN:30,(anonymous_4)
FNF:5
FNH:2
FNDA:2,(anonymous_0)
FNDA:2,(anonymous_1)
FNDA:0,(anonymous_2)
FNDA:0,(anonymous_3)
FNDA:0,(anonymous_4)
DA:9,5
DA:14,5
DA:19,5
DA:25,5
DA:30,5
LF:5
LH:5
BRF:0
BRH:0
end_of_record
TN:
SF:src\pages\Orderings\constants.js
FNF:0
FNH:0
DA:1,5
DA:2,5
DA:3,5
DA:4,5
DA:5,5
LF:5
LH:5
BRF:0
BRH:0
end_of_record
TN:
SF:src\pages\Orderings\index.jsx
FN:16,(anonymous_0)
FN:22,(anonymous_1)
FN:27,(anonymous_2)
FN:48,(anonymous_3)
FN:51,(anonymous_4)
FNF:5
FNH:2
FNDA:4,(anonymous_0)
FNDA:0,(anonymous_1)
FNDA:2,(anonymous_2)
FNDA:0,(anonymous_3)
FNDA:0,(anonymous_4)
DA:16,1
DA:17,4
DA:19,4
DA:20,4
DA:22,4
DA:23,0
DA:24,0
DA:27,4
DA:28,2
DA:29,2
DA:30,0
DA:31,0
DA:32,0
DA:34,2
DA:35,2
DA:38,4
DA:49,0
DA:51,0
DA:73,1
DA:78,1
LF:20
LH:13
BRDA:23,0,0,0
BRDA:23,0,1,0
BRDA:29,1,0,0
BRDA:29,1,1,2
BRDA:31,2,0,0
BRDA:31,2,1,0
BRDA:43,3,0,4
BRDA:43,3,1,0
BRDA:45,4,0,0
BRDA:45,4,1,4
BRF:10
BRH:3
end_of_record
TN:
SF:src\pages\Orderings\reducer.js
FN:11,(anonymous_0)
FN:12,(anonymous_1)
FNF:2
FNH:2
FNDA:45,(anonymous_0)
FNDA:45,(anonymous_1)
DA:4,5
DA:9,5
DA:11,5
DA:12,45
DA:13,45
DA:15,2
DA:16,2
DA:18,0
DA:19,0
LF:9
LH:7
BRDA:11,0,0,15
BRDA:13,1,0,2
BRDA:13,1,1,0
BRF:3
BRH:2
end_of_record
TN:
SF:src\pages\Orderings\saga.js
FN:14,doGetOrderingData
FN:28,doGetOrderingDetailData
FN:42,doUpdateOrderingStatus
FN:56,orderingsSaga
FNF:4
FNH:2
FNDA:2,doGetOrderingData
FNDA:0,doGetOrderingDetailData
FNDA:0,doUpdateOrderingStatus
FNDA:5,orderingsSaga
DA:15,2
DA:17,2
DA:18,2
DA:20,0
DA:22,0
DA:25,0
DA:29,0
DA:31,0
DA:32,0
DA:34,0
DA:36,0
DA:39,0
DA:43,0
DA:45,0
DA:46,0
DA:48,0
DA:50,0
DA:53,0
DA:57,5
DA:58,5
DA:59,5
LF:21
LH:6
BRDA:18,0,0,0
BRDA:18,0,1,2
BRDA:32,1,0,0
BRDA:32,1,1,0
BRF:4
BRH:1
end_of_record
TN:
SF:src\pages\Orderings\selectors.js
FN:4,(anonymous_0)
FN:6,(anonymous_1)
FN:7,(anonymous_2)
FNF:3
FNH:2
FNDA:4,(anonymous_0)
FNDA:3,(anonymous_1)
FNDA:0,(anonymous_2)
DA:4,4
DA:6,3
DA:7,1
LF:3
LH:3
BRDA:4,0,0,4
BRDA:4,0,1,0
BRF:2
BRH:1
end_of_record
TN:
SF:src\pages\Orderings\components\OrderingCard.jsx
FN:7,(anonymous_0)
FN:10,(anonymous_1)
FN:36,(anonymous_2)
FNF:3
FNH:0
FNDA:0,(anonymous_0)
FNDA:0,(anonymous_1)
FNDA:0,(anonymous_2)
DA:7,1
DA:8,0
DA:10,0
DA:11,0
DA:12,0
DA:14,0
DA:18,0
DA:20,0
DA:24,0
DA:26,0
DA:30,0
DA:35,0
DA:36,0
DA:50,1
LF:14
LH:2
BRDA:11,0,0,0
BRDA:11,0,1,0
BRDA:12,1,0,0
BRDA:12,1,1,0
BRDA:12,1,2,0
BRDA:41,2,0,0
BRDA:41,2,1,0
BRF:7
BRH:0
end_of_record
TN:
SF:src\pages\Orderings\components\OrderingDetail.jsx
FN:16,(anonymous_0)
FN:22,(anonymous_1)
FN:48,(anonymous_2)
FN:50,(anonymous_3)
FN:57,(anonymous_4)
FN:62,(anonymous_5)
FN:69,(anonymous_6)
FN:110,(anonymous_7)
FN:113,(anonymous_8)
FNF:9
FNH:0
FNDA:0,(anonymous_0)
FNDA:0,(anonymous_1)
FNDA:0,(anonymous_2)
FNDA:0,(anonymous_3)
FNDA:0,(anonymous_4)
FNDA:0,(anonymous_5)
FNDA:0,(anonymous_6)
FNDA:0,(anonymous_7)
FNDA:0,(anonymous_8)
DA:16,1
DA:17,0
DA:19,0
DA:20,0
DA:22,0
DA:23,0
DA:25,0
DA:30,0
DA:32,0
DA:37,0
DA:39,0
DA:44,0
DA:48,0
DA:49,0
DA:51,0
DA:52,0
DA:57,0
DA:58,0
DA:59,0
DA:62,0
DA:63,0
DA:66,0
DA:69,0
DA:110,0
DA:113,0
DA:153,1
DA:160,1
LF:27
LH:3
BRDA:23,0,0,0
BRDA:23,0,1,0
BRDA:23,0,2,0
BRDA:51,1,0,0
BRDA:51,1,1,0
BRDA:58,2,0,0
BRDA:58,2,1,0
BRDA:95,3,0,0
BRDA:95,3,1,0
BRDA:108,4,0,0
BRDA:108,4,1,0
BRDA:108,4,2,0
BRDA:122,5,0,0
BRDA:122,5,1,0
BRF:14
BRH:0
end_of_record
TN:
SF:src\pages\PaymentPage\actions.js
FN:10,(anonymous_0)
FN:15,(anonymous_1)
FN:20,(anonymous_2)
FN:25,(anonymous_3)
FN:31,(anonymous_4)
FN:36,(anonymous_5)
FNF:6
FNH:1
FNDA:4,(anonymous_0)
FNDA:0,(anonymous_1)
FNDA:0,(anonymous_2)
FNDA:0,(anonymous_3)
FNDA:0,(anonymous_4)
FNDA:0,(anonymous_5)
DA:10,5
DA:15,5
DA:20,5
DA:25,5
DA:31,5
DA:36,5
LF:6
LH:6
BRF:0
BRH:0
end_of_record
TN:
SF:src\pages\PaymentPage\constants.js
FNF:0
FNH:0
DA:1,5
DA:2,5
DA:3,5
DA:4,5
DA:6,5
DA:7,5
LF:6
LH:6
BRF:0
BRH:0
end_of_record
TN:
SF:src\pages\PaymentPage\index.jsx
FN:19,(anonymous_0)
FN:45,(anonymous_1)
FN:72,(anonymous_2)
FN:82,(anonymous_3)
FN:92,(anonymous_4)
FN:102,(anonymous_5)
FN:107,(anonymous_6)
FN:122,(anonymous_7)
FN:129,(anonymous_8)
FNF:9
FNH:4
FNDA:8,(anonymous_0)
FNDA:2,(anonymous_1)
FNDA:0,(anonymous_2)
FNDA:0,(anonymous_3)
FNDA:2,(anonymous_4)
FNDA:24,(anonymous_5)
FNDA:0,(anonymous_6)
FNDA:0,(anonymous_7)
FNDA:0,(anonymous_8)
DA:19,1
DA:20,8
DA:21,8
DA:22,8
DA:23,8
DA:24,8
DA:42,8
DA:43,8
DA:45,8
DA:46,2
DA:50,0
DA:56,0
DA:58,2
DA:59,0
DA:65,0
DA:68,2
DA:69,2
DA:72,8
DA:73,0
DA:81,0
DA:83,0
DA:84,0
DA:87,0
DA:92,8
DA:93,2
DA:94,2
DA:95,2
DA:98,8
DA:103,24
DA:107,0
DA:122,0
DA:129,0
DA:142,1
DA:147,1
LF:34
LH:22
BRDA:46,0,0,0
BRDA:46,0,1,2
BRDA:47,1,0,2
BRDA:47,1,1,0
BRDA:48,2,0,0
BRDA:48,2,1,0
BRDA:48,2,2,0
BRDA:58,3,0,0
BRDA:58,3,1,2
BRDA:58,4,0,2
BRDA:58,4,1,0
BRDA:58,5,0,0
BRDA:58,5,1,0
BRDA:93,6,0,2
BRDA:93,6,1,0
BRDA:122,7,0,0
BRDA:122,7,1,0
BRDA:129,8,0,0
BRDA:129,8,1,0
BRDA:131,9,0,0
BRDA:131,9,1,8
BRF:21
BRH:6
end_of_record
TN:
SF:src\pages\PaymentPage\reducer.js
FN:12,(anonymous_0)
FN:13,(anonymous_1)
FNF:2
FNH:2
FNDA:45,(anonymous_0)
FNDA:45,(anonymous_1)
DA:4,5
DA:10,5
DA:12,5
DA:13,45
DA:14,45
DA:16,4
DA:17,4
DA:19,0
DA:20,0
LF:9
LH:7
BRDA:12,0,0,15
BRDA:14,1,0,4
BRDA:14,1,1,0
BRF:3
BRH:2
end_of_record
TN:
SF:src\pages\PaymentPage\saga.js
FN:9,doGetCouponDatas
FN:13,(anonymous_1)
FN:25,doSendOrderingData
FN:37,paymentPageSaga
FNF:4
FNH:1
FNDA:0,doGetCouponDatas
FNDA:0,(anonymous_1)
FNDA:0,doSendOrderingData
FNDA:5,paymentPageSaga
DA:10,0
DA:11,0
DA:12,0
DA:13,0
DA:18,0
DA:20,0
DA:22,0
DA:26,0
DA:27,0
DA:28,0
DA:30,0
DA:32,0
DA:34,0
DA:38,5
DA:39,5
LF:15
LH:2
BRF:0
BRH:0
end_of_record
TN:
SF:src\pages\PaymentPage\selectors.js
FN:4,(anonymous_0)
FN:6,(anonymous_1)
FN:7,(anonymous_2)
FNF:3
FNH:2
FNDA:10,(anonymous_0)
FNDA:5,(anonymous_1)
FNDA:0,(anonymous_2)
DA:4,10
DA:6,5
DA:7,1
LF:3
LH:3
BRDA:4,0,0,10
BRDA:4,0,1,0
BRF:2
BRH:1
end_of_record
TN:
SF:src\pages\PaymentPage\components\OrderForms.jsx
FN:15,(anonymous_0)
FN:24,(anonymous_1)
FN:27,(anonymous_2)
FN:30,(anonymous_3)
FN:35,(anonymous_4)
FN:54,(anonymous_5)
FN:65,(anonymous_6)
FNF:7
FNH:3
FNDA:4,(anonymous_0)
FNDA:0,(anonymous_1)
FNDA:0,(anonymous_2)
FNDA:2,(anonymous_3)
FNDA:2,(anonymous_4)
FNDA:0,(anonymous_5)
FNDA:0,(anonymous_6)
DA:15,1
DA:16,4
DA:17,4
DA:22,4
DA:24,4
DA:26,0
DA:27,0
DA:30,4
DA:31,2
DA:32,0
DA:35,4
DA:36,2
DA:39,4
DA:54,0
DA:65,0
DA:81,1
DA:86,1
LF:17
LH:12
BRDA:26,0,0,0
BRDA:26,0,1,0
BRDA:26,1,0,0
BRDA:26,1,1,0
BRDA:31,2,0,0
BRDA:31,2,1,2
BRF:6
BRH:1
end_of_record
TN:
SF:src\pages\PaymentPage\components\PaymentSelection.jsx
FN:14,(anonymous_0)
FN:19,(anonymous_1)
FN:34,(anonymous_2)
FN:51,(anonymous_3)
FN:61,(anonymous_4)
FNF:5
FNH:0
FNDA:0,(anonymous_0)
FNDA:0,(anonymous_1)
FNDA:0,(anonymous_2)
FNDA:0,(anonymous_3)
FNDA:0,(anonymous_4)
DA:14,1
DA:15,0
DA:17,0
DA:19,0
DA:20,0
DA:30,0
DA:31,0
DA:34,0
DA:35,0
DA:36,0
DA:40,0
DA:51,0
DA:61,0
DA:74,1
DA:78,1
LF:15
LH:3
BRDA:20,0,0,0
BRDA:20,0,1,0
BRDA:35,1,0,0
BRDA:35,1,1,0
BRF:4
BRH:0
end_of_record
TN:
SF:src\pages\PaymentPage\components\PaymentSumary.jsx
FN:14,(anonymous_0)
FN:15,(anonymous_1)
FNF:2
FNH:0
FNDA:0,(anonymous_0)
FNDA:0,(anonymous_1)
DA:14,1
DA:15,0
DA:16,0
DA:59,1
DA:64,1
LF:5
LH:3
BRF:0
BRH:0
end_of_record
TN:
SF:src\pages\ProductCreation\actions.js
FN:9,(anonymous_0)
FN:15,(anonymous_1)
FN:20,(anonymous_2)
FN:26,(anonymous_3)
FN:32,(anonymous_4)
FNF:5
FNH:0
FNDA:0,(anonymous_0)
FNDA:0,(anonymous_1)
FNDA:0,(anonymous_2)
FNDA:0,(anonymous_3)
FNDA:0,(anonymous_4)
DA:9,5
DA:15,5
DA:20,5
DA:26,5
DA:32,5
LF:5
LH:5
BRF:0
BRH:0
end_of_record
TN:
SF:src\pages\ProductCreation\constants.js
FNF:0
FNH:0
DA:1,5
DA:2,5
DA:3,5
DA:4,5
DA:5,5
LF:5
LH:5
BRF:0
BRH:0
end_of_record
TN:
SF:src\pages\ProductCreation\reducer.js
FN:10,(anonymous_0)
FN:11,(anonymous_1)
FNF:2
FNH:2
FNDA:45,(anonymous_0)
FNDA:45,(anonymous_1)
DA:4,5
DA:8,5
DA:10,5
DA:11,45
DA:12,45
DA:14,0
DA:15,0
LF:7
LH:5
BRDA:10,0,0,15
BRDA:12,1,0,0
BRF:2
BRH:1
end_of_record
TN:
SF:src\pages\ProductCreation\saga.js
FN:8,doCreateNewProduct
FN:22,doGetMyProductDetail
FN:37,doUpdateProduct
FN:52,doDeleteProduct
FN:66,productCreationSaga
FNF:5
FNH:1
FNDA:0,doCreateNewProduct
FNDA:0,doGetMyProductDetail
FNDA:0,doUpdateProduct
FNDA:0,doDeleteProduct
FNDA:5,productCreationSaga
DA:9,0
DA:11,0
DA:12,0
DA:14,0
DA:16,0
DA:19,0
DA:23,0
DA:25,0
DA:26,0
DA:28,0
DA:30,0
DA:31,0
DA:34,0
DA:38,0
DA:40,0
DA:41,0
DA:42,0
DA:44,0
DA:46,0
DA:49,0
DA:53,0
DA:55,0
DA:56,0
DA:58,0
DA:60,0
DA:63,0
DA:67,5
DA:68,5
DA:69,5
DA:70,5
LF:30
LH:4
BRF:0
BRH:0
end_of_record
TN:
SF:src\pages\ProductDetail\actions.js
FN:3,(anonymous_0)
FN:9,(anonymous_1)
FNF:2
FNH:0
FNDA:0,(anonymous_0)
FNDA:0,(anonymous_1)
DA:3,5
DA:9,5
LF:2
LH:2
BRF:0
BRH:0
end_of_record
TN:
SF:src\pages\ProductDetail\constants.js
FNF:0
FNH:0
DA:1,5
DA:2,5
LF:2
LH:2
BRF:0
BRH:0
end_of_record
TN:
SF:src\pages\ProductDetail\reducer.js
FN:37,(anonymous_0)
FN:38,(anonymous_1)
FNF:2
FNH:2
FNDA:45,(anonymous_0)
FNDA:45,(anonymous_1)
DA:4,5
DA:35,5
DA:37,5
DA:38,45
DA:39,45
DA:41,0
DA:42,0
LF:7
LH:5
BRDA:37,0,0,15
BRDA:39,1,0,0
BRF:2
BRH:1
end_of_record
TN:
SF:src\pages\ProductDetail\saga.js
FN:8,doGetProductData
FN:26,productDetailSaga
FNF:2
FNH:1
FNDA:0,doGetProductData
FNDA:5,productDetailSaga
DA:9,0
DA:11,0
DA:12,0
DA:14,0
DA:16,0
DA:17,0
DA:18,0
DA:20,0
DA:23,0
DA:27,5
LF:10
LH:1
BRDA:16,0,0,0
BRDA:16,0,1,0
BRF:2
BRH:0
end_of_record
TN:
SF:src\pages\ProductDetail\selectors.js
FN:4,(anonymous_0)
FN:6,(anonymous_1)
FNF:2
FNH:2
FNDA:10,(anonymous_0)
FNDA:1,(anonymous_1)
DA:4,10
DA:6,1
LF:2
LH:2
BRDA:4,0,0,10
BRDA:4,0,1,0
BRF:2
BRH:1
end_of_record
TN:
SF:src\pages\Profile\actions.js
FN:3,(anonymous_0)
FN:7,(anonymous_1)
FN:12,(anonymous_2)
FN:18,(anonymous_3)
FNF:4
FNH:0
FNDA:0,(anonymous_0)
FNDA:0,(anonymous_1)
FNDA:0,(anonymous_2)
FNDA:0,(anonymous_3)
DA:3,5
DA:7,5
DA:12,5
DA:18,5
LF:4
LH:4
BRF:0
BRH:0
end_of_record
TN:
SF:src\pages\Profile\constants.js
FNF:0
FNH:0
DA:1,5
DA:2,5
DA:3,5
DA:4,5
LF:4
LH:4
BRF:0
BRH:0
end_of_record
TN:
SF:src\pages\Profile\reducer.js
FN:10,(anonymous_0)
FN:11,(anonymous_1)
FNF:2
FNH:2
FNDA:45,(anonymous_0)
FNDA:45,(anonymous_1)
DA:4,5
DA:8,5
DA:10,5
DA:11,45
DA:12,45
DA:14,0
DA:15,0
LF:7
LH:5
BRDA:10,0,0,15
BRDA:12,1,0,0
BRF:2
BRH:1
end_of_record
TN:
SF:src\pages\Profile\saga.js
FN:8,doGetProfileData
FN:22,doSaveProfileData
FN:36,doChangePassword
FN:54,profileSaga
FNF:4
FNH:1
FNDA:0,doGetProfileData
FNDA:0,doSaveProfileData
FNDA:0,doChangePassword
FNDA:5,profileSaga
DA:9,0
DA:11,0
DA:12,0
DA:14,0
DA:16,0
DA:19,0
DA:23,0
DA:25,0
DA:26,0
DA:28,0
DA:30,0
DA:33,0
DA:37,0
DA:39,0
DA:40,0
DA:42,0
DA:44,0
DA:45,0
DA:47,0
DA:51,0
DA:55,5
DA:56,5
DA:57,5
LF:23
LH:3
BRDA:44,0,0,0
BRDA:44,0,1,0
BRF:2
BRH:0
end_of_record
TN:
SF:src\utils\allUtils.js
FN:6,(anonymous_0)
FN:7,(anonymous_1)
FN:8,(anonymous_2)
FN:16,(anonymous_3)
FNF:4
FNH:1
FNDA:0,(anonymous_0)
FNDA:0,(anonymous_1)
FNDA:0,(anonymous_2)
FNDA:4,(anonymous_3)
DA:4,5
DA:6,5
DA:7,5
DA:8,5
DA:9,0
DA:10,0
DA:12,0
DA:13,0
DA:16,5
LF:9
LH:5
BRDA:7,0,0,0
BRDA:7,0,1,0
BRDA:16,1,0,0
BRDA:16,1,1,4
BRF:4
BRH:1
end_of_record
TN:
SF:src\utils\request.js
FN:5,(anonymous_0)
FN:15,(anonymous_1)
FN:16,(anonymous_2)
FN:19,(anonymous_3)
FNF:4
FNH:2
FNDA:2,(anonymous_0)
FNDA:0,(anonymous_1)
FNDA:0,(anonymous_2)
FNDA:2,(anonymous_3)
DA:5,5
DA:6,2
DA:7,2
DA:8,2
DA:9,0
DA:11,2
DA:14,5
DA:15,0
DA:16,0
DA:19,5
LF:10
LH:7
BRDA:8,0,0,0
BRDA:8,0,1,2
BRF:2
BRH:1
end_of_record
